# JRE version: Java(TM) SE Runtime Environment (8.0_161-b12) (build 1.8.0_161-b12)
# Java VM: Java HotSpot(TM) 64-Bit Server VM (25.161-b12 mixed mode windows-amd64 compressed oops)
Heap:
 PSYoungGen      total 462336K, used 86373K [0x000000076ab00000, 0x000000078bf80000, 0x00000007c0000000)
  eden space 397824K, 7% used [0x000000076ab00000,0x000000076c818970,0x0000000782f80000)
  from space 64512K, 87% used [0x0000000788080000,0x000000078b7c0aa8,0x000000078bf80000)
  to   space 52736K, 0% used [0x0000000784d00000,0x0000000784d00000,0x0000000788080000)
 ParOldGen       total 263680K, used 263450K [0x00000006c0000000, 0x00000006d0180000, 0x000000076ab00000)
  object space 263680K, 99% used [0x00000006c0000000,0x00000006d0146a10,0x00000006d0180000)
 Metaspace       used 6653K, capacity 7320K, committed 7680K, reserved 1056768K
  class space    used 630K, capacity 656K, committed 768K, reserved 1048576K
GC Heap History (10 events):
Event: 4.220 GC heap before
{Heap before GC invocations=11 (full 1):
 PSYoungGen      total 450560K, used 450534K [0x000000076ab00000, 0x000000078bf80000, 0x00000007c0000000)
  eden space 397824K, 100% used [0x000000076ab00000,0x0000000782f80000,0x0000000782f80000)
  from space 52736K, 99% used [0x0000000784d00000,0x00000007880799e8,0x0000000788080000)
  to   space 64512K, 0% used [0x0000000788080000,0x0000000788080000,0x000000078bf80000)
 ParOldGen       total 149504K, used 105165K [0x00000006c0000000, 0x00000006c9200000, 0x000000076ab00000)
  object space 149504K, 70% used [0x00000006c0000000,0x00000006c66b3738,0x00000006c9200000)
 Metaspace       used 6631K, capacity 7320K, committed 7680K, reserved 1056768K
  class space    used 630K, capacity 656K, committed 768K, reserved 1048576K
Event: 4.314 GC heap after
Heap after GC invocations=11 (full 1):
 PSYoungGen      total 462336K, used 64502K [0x000000076ab00000, 0x000000078bf80000, 0x00000007c0000000)
  eden space 397824K, 0% used [0x000000076ab00000,0x000000076ab00000,0x0000000782f80000)
  from space 64512K, 99% used [0x0000000788080000,0x000000078bf7d958,0x000000078bf80000)
  to   space 52736K, 0% used [0x0000000784d00000,0x0000000784d00000,0x0000000788080000)
 ParOldGen       total 149504K, used 135857K [0x00000006c0000000, 0x00000006c9200000, 0x000000076ab00000)
  object space 149504K, 90% used [0x00000006c0000000,0x00000006c84ac7a0,0x00000006c9200000)
 Metaspace       used 6631K, capacity 7320K, committed 7680K, reserved 1056768K
  class space    used 630K, capacity 656K, committed 768K, reserved 1048576K
}
Event: 4.314 GC heap before
{Heap before GC invocations=12 (full 2):
 PSYoungGen      total 462336K, used 64502K [0x000000076ab00000, 0x000000078bf80000, 0x00000007c0000000)
  eden space 397824K, 0% used [0x000000076ab00000,0x000000076ab00000,0x0000000782f80000)
  from space 64512K, 99% used [0x0000000788080000,0x000000078bf7d958,0x000000078bf80000)
  to   space 52736K, 0% used [0x0000000784d00000,0x0000000784d00000,0x0000000788080000)
 ParOldGen       total 149504K, used 135857K [0x00000006c0000000, 0x00000006c9200000, 0x000000076ab00000)
  object space 149504K, 90% used [0x00000006c0000000,0x00000006c84ac7a0,0x00000006c9200000)
 Metaspace       used 6631K, capacity 7320K, committed 7680K, reserved 1056768K
  class space    used 630K, capacity 656K, committed 768K, reserved 1048576K
Event: 4.980 GC heap after
Heap after GC invocations=12 (full 2):
 PSYoungGen      total 462336K, used 43363K [0x000000076ab00000, 0x000000078bf80000, 0x00000007c0000000)
  eden space 397824K, 0% used [0x000000076ab00000,0x000000076ab00000,0x0000000782f80000)
  from space 64512K, 67% used [0x0000000788080000,0x000000078aad8f78,0x000000078bf80000)
  to   space 52736K, 0% used [0x0000000784d00000,0x0000000784d00000,0x0000000788080000)
 ParOldGen       total 263680K, used 149271K [0x00000006c0000000, 0x00000006d0180000, 0x000000076ab00000)
  object space 263680K, 56% used [0x00000006c0000000,0x00000006c91c5d00,0x00000006d0180000)
 Metaspace       used 6631K, capacity 7320K, committed 7680K, reserved 1056768K
  class space    used 630K, capacity 656K, committed 768K, reserved 1048576K
}
Event: 5.757 GC heap before
{Heap before GC invocations=13 (full 2):
 PSYoungGen      total 462336K, used 441187K [0x000000076ab00000, 0x000000078bf80000, 0x00000007c0000000)
  eden space 397824K, 100% used [0x000000076ab00000,0x0000000782f80000,0x0000000782f80000)
  from space 64512K, 67% used [0x0000000788080000,0x000000078aad8f78,0x000000078bf80000)
  to   space 52736K, 0% used [0x0000000784d00000,0x0000000784d00000,0x0000000788080000)
 ParOldGen       total 263680K, used 149271K [0x00000006c0000000, 0x00000006d0180000, 0x000000076ab00000)
  object space 263680K, 56% used [0x00000006c0000000,0x00000006c91c5d00,0x00000006d0180000)
 Metaspace       used 6641K, capacity 7320K, committed 7680K, reserved 1056768K
  class space    used 630K, capacity 656K, committed 768K, reserved 1048576K
Event: 5.887 GC heap after
Heap after GC invocations=13 (full 2):
 PSYoungGen      total 450560K, used 52735K [0x000000076ab00000, 0x000000078bf80000, 0x00000007c0000000)
  eden space 397824K, 0% used [0x000000076ab00000,0x000000076ab00000,0x0000000782f80000)
  from space 52736K, 99% used [0x0000000784d00000,0x000000078807fd28,0x0000000788080000)
  to   space 64512K, 0% used [0x0000000788080000,0x0000000788080000,0x000000078bf80000)
 ParOldGen       total 263680K, used 206898K [0x00000006c0000000, 0x00000006d0180000, 0x000000076ab00000)
  object space 263680K, 78% used [0x00000006c0000000,0x00000006cca0c988,0x00000006d0180000)
 Metaspace       used 6641K, capacity 7320K, committed 7680K, reserved 1056768K
  class space    used 630K, capacity 656K, committed 768K, reserved 1048576K
}
Event: 6.647 GC heap before
{Heap before GC invocations=14 (full 2):
 PSYoungGen      total 450560K, used 450559K [0x000000076ab00000, 0x000000078bf80000, 0x00000007c0000000)
  eden space 397824K, 100% used [0x000000076ab00000,0x0000000782f80000,0x0000000782f80000)
  from space 52736K, 99% used [0x0000000784d00000,0x000000078807fd28,0x0000000788080000)
  to   space 64512K, 0% used [0x0000000788080000,0x0000000788080000,0x000000078bf80000)
 ParOldGen       total 263680K, used 206898K [0x00000006c0000000, 0x00000006d0180000, 0x000000076ab00000)
  object space 263680K, 78% used [0x00000006c0000000,0x00000006cca0c988,0x00000006d0180000)
 Metaspace       used 6653K, capacity 7320K, committed 7680K, reserved 1056768K
  class space    used 630K, capacity 656K, committed 768K, reserved 1048576K
Event: 6.799 GC heap after
Heap after GC invocations=14 (full 2):
 PSYoungGen      total 462336K, used 64483K [0x000000076ab00000, 0x000000078bf80000, 0x00000007c0000000)
  eden space 397824K, 0% used [0x000000076ab00000,0x000000076ab00000,0x0000000782f80000)
  from space 64512K, 99% used [0x0000000788080000,0x000000078bf78e58,0x000000078bf80000)
  to   space 52736K, 0% used [0x0000000784d00000,0x0000000784d00000,0x0000000788080000)
 ParOldGen       total 263680K, used 262895K [0x00000006c0000000, 0x00000006d0180000, 0x000000076ab00000)
  object space 263680K, 99% used [0x00000006c0000000,0x00000006d00bbf70,0x00000006d0180000)
 Metaspace       used 6653K, capacity 7320K, committed 7680K, reserved 1056768K
  class space    used 630K, capacity 656K, committed 768K, reserved 1048576K
}
Event: 6.799 GC heap before
{Heap before GC invocations=15 (full 3):
 PSYoungGen      total 462336K, used 64483K [0x000000076ab00000, 0x000000078bf80000, 0x00000007c0000000)
  eden space 397824K, 0% used [0x000000076ab00000,0x000000076ab00000,0x0000000782f80000)
  from space 64512K, 99% used [0x0000000788080000,0x000000078bf78e58,0x000000078bf80000)
  to   space 52736K, 0% used [0x0000000784d00000,0x0000000784d00000,0x0000000788080000)
 ParOldGen       total 263680K, used 262895K [0x00000006c0000000, 0x00000006d0180000, 0x000000076ab00000)
  object space 263680K, 99% used [0x00000006c0000000,0x00000006d00bbf70,0x00000006d0180000)
 Metaspace       used 6653K, capacity 7320K, committed 7680K, reserved 1056768K
  class space    used 630K, capacity 656K, committed 768K, reserved 1048576K
Event: 7.812 GC heap after
Heap after GC invocations=15 (full 3):
 PSYoungGen      total 462336K, used 56578K [0x000000076ab00000, 0x000000078bf80000, 0x00000007c0000000)
  eden space 397824K, 0% used [0x000000076ab00000,0x000000076ab00000,0x0000000782f80000)
  from space 64512K, 87% used [0x0000000788080000,0x000000078b7c0aa8,0x000000078bf80000)
  to   space 52736K, 0% used [0x0000000784d00000,0x0000000784d00000,0x0000000788080000)
 ParOldGen       total 263680K, used 263450K [0x00000006c0000000, 0x00000006d0180000, 0x000000076ab00000)
  object space 263680K, 99% used [0x00000006c0000000,0x00000006d0146a10,0x00000006d0180000)
 Metaspace       used 6653K, capacity 7320K, committed 7680K, reserved 1056768K
  class space    used 630K, capacity 656K, committed 768K, reserved 1048576K
}

