# JRE version: Java(TM) SE Runtime Environment (8.0_161-b12) (build 1.8.0_161-b12)
# Java VM: Java HotSpot(TM) 64-Bit Server VM (25.161-b12 mixed mode windows-amd64 compressed oops)
Heap:
 PSYoungGen      total 860672K, used 771013K [0x000000076ab00000, 0x00000007af300000, 0x00000007c0000000)
  eden space 622592K, 85% used [0x000000076ab00000,0x000000078b376780,0x0000000790b00000)
  from space 238080K, 99% used [0x0000000790b00000,0x000000079f37ae88,0x000000079f380000)
  to   space 221184K, 0% used [0x000000079f380000,0x000000079f380000,0x00000007acb80000)
 ParOldGen       total 678400K, used 455698K [0x00000006c0000000, 0x00000006e9680000, 0x000000076ab00000)
  object space 678400K, 67% used [0x00000006c0000000,0x00000006dbd04b68,0x00000006e9680000)
 Metaspace       used 7432K, capacity 7832K, committed 7936K, reserved 1056768K
  class space    used 682K, capacity 720K, committed 768K, reserved 1048576K
GC Heap History (10 events):
Event: 10.182 GC heap before
{Heap before GC invocations=17 (full 3):
 PSYoungGen      total 575488K, used 545832K [0x000000076ab00000, 0x00000007a1b00000, 0x00000007c0000000)
  eden space 436224K, 100% used [0x000000076ab00000,0x0000000785500000,0x0000000785500000)
  from space 139264K, 78% used [0x0000000785500000,0x000000078c00a208,0x000000078dd00000)
  to   space 177664K, 0% used [0x0000000796d80000,0x0000000796d80000,0x00000007a1b00000)
 ParOldGen       total 420352K, used 263475K [0x00000006c0000000, 0x00000006d9a80000, 0x000000076ab00000)
  object space 420352K, 62% used [0x00000006c0000000,0x00000006d014ccd8,0x00000006d9a80000)
 Metaspace       used 6643K, capacity 7320K, committed 7680K, reserved 1056768K
  class space    used 629K, capacity 656K, committed 768K, reserved 1048576K
Event: 10.470 GC heap after
Heap after GC invocations=17 (full 3):
 PSYoungGen      total 706048K, used 117249K [0x000000076ab00000, 0x00000007a1b00000, 0x00000007c0000000)
  eden space 528384K, 0% used [0x000000076ab00000,0x000000076ab00000,0x000000078af00000)
  from space 177664K, 65% used [0x0000000796d80000,0x000000079e0006b8,0x00000007a1b00000)
  to   space 186368K, 0% used [0x000000078af00000,0x000000078af00000,0x0000000796500000)
 ParOldGen       total 420352K, used 321494K [0x00000006c0000000, 0x00000006d9a80000, 0x000000076ab00000)
  object space 420352K, 76% used [0x00000006c0000000,0x00000006d39f5a98,0x00000006d9a80000)
 Metaspace       used 6643K, capacity 7320K, committed 7680K, reserved 1056768K
  class space    used 629K, capacity 656K, committed 768K, reserved 1048576K
}
Event: 11.622 GC heap before
{Heap before GC invocations=18 (full 3):
 PSYoungGen      total 706048K, used 645633K [0x000000076ab00000, 0x00000007a1b00000, 0x00000007c0000000)
  eden space 528384K, 100% used [0x000000076ab00000,0x000000078af00000,0x000000078af00000)
  from space 177664K, 65% used [0x0000000796d80000,0x000000079e0006b8,0x00000007a1b00000)
  to   space 186368K, 0% used [0x000000078af00000,0x000000078af00000,0x0000000796500000)
 ParOldGen       total 420352K, used 321494K [0x00000006c0000000, 0x00000006d9a80000, 0x000000076ab00000)
  object space 420352K, 76% used [0x00000006c0000000,0x00000006d39f5a98,0x00000006d9a80000)
 Metaspace       used 6647K, capacity 7320K, committed 7680K, reserved 1056768K
  class space    used 630K, capacity 656K, committed 768K, reserved 1048576K
Event: 11.796 GC heap after
Heap after GC invocations=18 (full 3):
 PSYoungGen      total 714752K, used 186364K [0x000000076ab00000, 0x00000007acb80000, 0x00000007c0000000)
  eden space 528384K, 0% used [0x000000076ab00000,0x000000076ab00000,0x000000078af00000)
  from space 186368K, 99% used [0x000000078af00000,0x00000007964ff3a0,0x0000000796500000)
  to   space 221184K, 0% used [0x000000079f380000,0x000000079f380000,0x00000007acb80000)
 ParOldGen       total 420352K, used 328532K [0x00000006c0000000, 0x00000006d9a80000, 0x000000076ab00000)
  object space 420352K, 78% used [0x00000006c0000000,0x00000006d40d51d8,0x00000006d9a80000)
 Metaspace       used 6647K, capacity 7320K, committed 7680K, reserved 1056768K
  class space    used 630K, capacity 656K, committed 768K, reserved 1048576K
}
Event: 12.937 GC heap before
{Heap before GC invocations=19 (full 3):
 PSYoungGen      total 714752K, used 714748K [0x000000076ab00000, 0x00000007acb80000, 0x00000007c0000000)
  eden space 528384K, 100% used [0x000000076ab00000,0x000000078af00000,0x000000078af00000)
  from space 186368K, 99% used [0x000000078af00000,0x00000007964ff3a0,0x0000000796500000)
  to   space 221184K, 0% used [0x000000079f380000,0x000000079f380000,0x00000007acb80000)
 ParOldGen       total 420352K, used 328532K [0x00000006c0000000, 0x00000006d9a80000, 0x000000076ab00000)
  object space 420352K, 78% used [0x00000006c0000000,0x00000006d40d51d8,0x00000006d9a80000)
 Metaspace       used 6649K, capacity 7320K, committed 7680K, reserved 1056768K
  class space    used 630K, capacity 656K, committed 768K, reserved 1048576K
Event: 13.197 GC heap after
Heap after GC invocations=19 (full 3):
 PSYoungGen      total 843776K, used 163868K [0x000000076ab00000, 0x00000007af300000, 0x00000007c0000000)
  eden space 622592K, 0% used [0x000000076ab00000,0x000000076ab00000,0x0000000790b00000)
  from space 221184K, 74% used [0x000000079f380000,0x00000007a9387368,0x00000007acb80000)
  to   space 238080K, 0% used [0x0000000790b00000,0x0000000790b00000,0x000000079f380000)
 ParOldGen       total 439808K, used 439505K [0x00000006c0000000, 0x00000006dad80000, 0x000000076ab00000)
  object space 439808K, 99% used [0x00000006c0000000,0x00000006dad346d0,0x00000006dad80000)
 Metaspace       used 6649K, capacity 7320K, committed 7680K, reserved 1056768K
  class space    used 630K, capacity 656K, committed 768K, reserved 1048576K
}
Event: 13.197 GC heap before
{Heap before GC invocations=20 (full 4):
 PSYoungGen      total 843776K, used 163868K [0x000000076ab00000, 0x00000007af300000, 0x00000007c0000000)
  eden space 622592K, 0% used [0x000000076ab00000,0x000000076ab00000,0x0000000790b00000)
  from space 221184K, 74% used [0x000000079f380000,0x00000007a9387368,0x00000007acb80000)
  to   space 238080K, 0% used [0x0000000790b00000,0x0000000790b00000,0x000000079f380000)
 ParOldGen       total 439808K, used 439505K [0x00000006c0000000, 0x00000006dad80000, 0x000000076ab00000)
  object space 439808K, 99% used [0x00000006c0000000,0x00000006dad346d0,0x00000006dad80000)
 Metaspace       used 6649K, capacity 7320K, committed 7680K, reserved 1056768K
  class space    used 630K, capacity 656K, committed 768K, reserved 1048576K
Event: 16.584 GC heap after
Heap after GC invocations=20 (full 4):
 PSYoungGen      total 843776K, used 154105K [0x000000076ab00000, 0x00000007af300000, 0x00000007c0000000)
  eden space 622592K, 0% used [0x000000076ab00000,0x000000076ab00000,0x0000000790b00000)
  from space 221184K, 69% used [0x000000079f380000,0x00000007a89fe470,0x00000007acb80000)
  to   space 238080K, 0% used [0x0000000790b00000,0x0000000790b00000,0x000000079f380000)
 ParOldGen       total 678400K, used 439719K [0x00000006c0000000, 0x00000006e9680000, 0x000000076ab00000)
  object space 678400K, 64% used [0x00000006c0000000,0x00000006dad69f90,0x00000006e9680000)
 Metaspace       used 6649K, capacity 7320K, committed 7680K, reserved 1056768K
  class space    used 630K, capacity 656K, committed 768K, reserved 1048576K
}
Event: 17.858 GC heap before
{Heap before GC invocations=21 (full 4):
 PSYoungGen      total 843776K, used 776697K [0x000000076ab00000, 0x00000007af300000, 0x00000007c0000000)
  eden space 622592K, 100% used [0x000000076ab00000,0x0000000790b00000,0x0000000790b00000)
  from space 221184K, 69% used [0x000000079f380000,0x00000007a89fe470,0x00000007acb80000)
  to   space 238080K, 0% used [0x0000000790b00000,0x0000000790b00000,0x000000079f380000)
 ParOldGen       total 678400K, used 439719K [0x00000006c0000000, 0x00000006e9680000, 0x000000076ab00000)
  object space 678400K, 64% used [0x00000006c0000000,0x00000006dad69f90,0x00000006e9680000)
 Metaspace       used 6652K, capacity 7320K, committed 7680K, reserved 1056768K
  class space    used 630K, capacity 656K, committed 768K, reserved 1048576K
Event: 18.142 GC heap after
Heap after GC invocations=21 (full 4):
 PSYoungGen      total 860672K, used 238059K [0x000000076ab00000, 0x00000007af300000, 0x00000007c0000000)
  eden space 622592K, 0% used [0x000000076ab00000,0x000000076ab00000,0x0000000790b00000)
  from space 238080K, 99% used [0x0000000790b00000,0x000000079f37ae88,0x000000079f380000)
  to   space 221184K, 0% used [0x000000079f380000,0x000000079f380000,0x00000007acb80000)
 ParOldGen       total 678400K, used 455698K [0x00000006c0000000, 0x00000006e9680000, 0x000000076ab00000)
  object space 678400K, 67% used [0x00000006c0000000,0x00000006dbd04b68,0x00000006e9680000)
 Metaspace       used 6652K, capacity 7320K, committed 7680K, reserved 1056768K
  class space    used 630K, capacity 656K, committed 768K, reserved 1048576K
}

