# JRE version: Java(TM) SE Runtime Environment (8.0_161-b12) (build 1.8.0_161-b12)
# Java VM: Java HotSpot(TM) 64-Bit Server VM (25.161-b12 mixed mode windows-amd64 compressed oops)
Heap:
 PSYoungGen      total 136704K, used 120545K [0x000000076ab00000, 0x000000077b600000, 0x00000007c0000000)
  eden space 114688K, 86% used [0x000000076ab00000,0x0000000770b6d458,0x0000000771b00000)
  from space 22016K, 99% used [0x000000077a080000,0x000000077b5cb1f0,0x000000077b600000)
  to   space 4608K, 0% used [0x0000000771b00000,0x0000000771b00000,0x0000000771f80000)
 ParOldGen       total 76800K, used 27051K [0x00000006c0000000, 0x00000006c4b00000, 0x000000076ab00000)
  object space 76800K, 35% used [0x00000006c0000000,0x00000006c1a6afd8,0x00000006c4b00000)
 Metaspace       used 6731K, capacity 7256K, committed 7424K, reserved 1056768K
  class space    used 643K, capacity 656K, committed 768K, reserved 1048576K
GC Heap History (10 events):
Event: 0.204 GC heap before
{Heap before GC invocations=2 (full 0):
 PSYoungGen      total 33280K, used 32059K [0x000000076ab00000, 0x000000076ec00000, 0x00000007c0000000)
  eden space 28672K, 100% used [0x000000076ab00000,0x000000076c700000,0x000000076c700000)
  from space 4608K, 73% used [0x000000076c700000,0x000000076ca4ec50,0x000000076cb80000)
  to   space 4608K, 0% used [0x000000076e780000,0x000000076e780000,0x000000076ec00000)
 ParOldGen       total 76800K, used 8K [0x00000006c0000000, 0x00000006c4b00000, 0x000000076ab00000)
  object space 76800K, 0% used [0x00000006c0000000,0x00000006c0002000,0x00000006c4b00000)
 Metaspace       used 3614K, capacity 4720K, committed 4864K, reserved 1056768K
  class space    used 389K, capacity 424K, committed 512K, reserved 1048576K
Event: 0.206 GC heap after
Heap after GC invocations=2 (full 0):
 PSYoungGen      total 61952K, used 3228K [0x000000076ab00000, 0x000000076ec00000, 0x00000007c0000000)
  eden space 57344K, 0% used [0x000000076ab00000,0x000000076ab00000,0x000000076e300000)
  from space 4608K, 70% used [0x000000076e780000,0x000000076eaa72a8,0x000000076ec00000)
  to   space 4608K, 0% used [0x000000076e300000,0x000000076e300000,0x000000076e780000)
 ParOldGen       total 76800K, used 16K [0x00000006c0000000, 0x00000006c4b00000, 0x000000076ab00000)
  object space 76800K, 0% used [0x00000006c0000000,0x00000006c0004000,0x00000006c4b00000)
 Metaspace       used 3614K, capacity 4720K, committed 4864K, reserved 1056768K
  class space    used 389K, capacity 424K, committed 512K, reserved 1048576K
}
Event: 0.241 GC heap before
{Heap before GC invocations=3 (full 0):
 PSYoungGen      total 61952K, used 60572K [0x000000076ab00000, 0x000000076ec00000, 0x00000007c0000000)
  eden space 57344K, 100% used [0x000000076ab00000,0x000000076e300000,0x000000076e300000)
  from space 4608K, 70% used [0x000000076e780000,0x000000076eaa72a8,0x000000076ec00000)
  to   space 4608K, 0% used [0x000000076e300000,0x000000076e300000,0x000000076e780000)
 ParOldGen       total 76800K, used 16K [0x00000006c0000000, 0x00000006c4b00000, 0x000000076ab00000)
  object space 76800K, 0% used [0x00000006c0000000,0x00000006c0004000,0x00000006c4b00000)
 Metaspace       used 3626K, capacity 4720K, committed 4864K, reserved 1056768K
  class space    used 389K, capacity 424K, committed 512K, reserved 1048576K
Event: 0.244 GC heap after
Heap after GC invocations=3 (full 0):
 PSYoungGen      total 61952K, used 3164K [0x000000076ab00000, 0x0000000772400000, 0x00000007c0000000)
  eden space 57344K, 0% used [0x000000076ab00000,0x000000076ab00000,0x000000076e300000)
  from space 4608K, 68% used [0x000000076e300000,0x000000076e6172a8,0x000000076e780000)
  to   space 4608K, 0% used [0x0000000771f80000,0x0000000771f80000,0x0000000772400000)
 ParOldGen       total 76800K, used 24K [0x00000006c0000000, 0x00000006c4b00000, 0x000000076ab00000)
  object space 76800K, 0% used [0x00000006c0000000,0x00000006c0006000,0x00000006c4b00000)
 Metaspace       used 3626K, capacity 4720K, committed 4864K, reserved 1056768K
  class space    used 389K, capacity 424K, committed 512K, reserved 1048576K
}
Event: 0.785 GC heap before
{Heap before GC invocations=4 (full 0):
 PSYoungGen      total 61952K, used 60508K [0x000000076ab00000, 0x0000000772400000, 0x00000007c0000000)
  eden space 57344K, 100% used [0x000000076ab00000,0x000000076e300000,0x000000076e300000)
  from space 4608K, 68% used [0x000000076e300000,0x000000076e6172a8,0x000000076e780000)
  to   space 4608K, 0% used [0x0000000771f80000,0x0000000771f80000,0x0000000772400000)
 ParOldGen       total 76800K, used 24K [0x00000006c0000000, 0x00000006c4b00000, 0x000000076ab00000)
  object space 76800K, 0% used [0x00000006c0000000,0x00000006c0006000,0x00000006c4b00000)
 Metaspace       used 6400K, capacity 7128K, committed 7424K, reserved 1056768K
  class space    used 622K, capacity 656K, committed 768K, reserved 1048576K
Event: 0.804 GC heap after
Heap after GC invocations=4 (full 0):
 PSYoungGen      total 119296K, used 4592K [0x000000076ab00000, 0x0000000772400000, 0x00000007c0000000)
  eden space 114688K, 0% used [0x000000076ab00000,0x000000076ab00000,0x0000000771b00000)
  from space 4608K, 99% used [0x0000000771f80000,0x00000007723fc090,0x0000000772400000)
  to   space 4608K, 0% used [0x0000000771b00000,0x0000000771b00000,0x0000000771f80000)
 ParOldGen       total 76800K, used 9043K [0x00000006c0000000, 0x00000006c4b00000, 0x000000076ab00000)
  object space 76800K, 11% used [0x00000006c0000000,0x00000006c08d4f50,0x00000006c4b00000)
 Metaspace       used 6400K, capacity 7128K, committed 7424K, reserved 1056768K
  class space    used 622K, capacity 656K, committed 768K, reserved 1048576K
}
Event: 1.164 GC heap before
{Heap before GC invocations=5 (full 0):
 PSYoungGen      total 119296K, used 119280K [0x000000076ab00000, 0x0000000772400000, 0x00000007c0000000)
  eden space 114688K, 100% used [0x000000076ab00000,0x0000000771b00000,0x0000000771b00000)
  from space 4608K, 99% used [0x0000000771f80000,0x00000007723fc090,0x0000000772400000)
  to   space 4608K, 0% used [0x0000000771b00000,0x0000000771b00000,0x0000000771f80000)
 ParOldGen       total 76800K, used 9043K [0x00000006c0000000, 0x00000006c4b00000, 0x000000076ab00000)
  object space 76800K, 11% used [0x00000006c0000000,0x00000006c08d4f50,0x00000006c4b00000)
 Metaspace       used 6651K, capacity 7192K, committed 7424K, reserved 1056768K
  class space    used 643K, capacity 656K, committed 768K, reserved 1048576K
Event: 1.187 GC heap after
Heap after GC invocations=5 (full 0):
 PSYoungGen      total 119296K, used 4594K [0x000000076ab00000, 0x000000077b600000, 0x00000007c0000000)
  eden space 114688K, 0% used [0x000000076ab00000,0x000000076ab00000,0x0000000771b00000)
  from space 4608K, 99% used [0x0000000771b00000,0x0000000771f7cb28,0x0000000771f80000)
  to   space 22016K, 0% used [0x000000077a080000,0x000000077a080000,0x000000077b600000)
 ParOldGen       total 76800K, used 27043K [0x00000006c0000000, 0x00000006c4b00000, 0x000000076ab00000)
  object space 76800K, 35% used [0x00000006c0000000,0x00000006c1a68fd8,0x00000006c4b00000)
 Metaspace       used 6651K, capacity 7192K, committed 7424K, reserved 1056768K
  class space    used 643K, capacity 656K, committed 768K, reserved 1048576K
}
Event: 1.454 GC heap before
{Heap before GC invocations=6 (full 0):
 PSYoungGen      total 119296K, used 119282K [0x000000076ab00000, 0x000000077b600000, 0x00000007c0000000)
  eden space 114688K, 100% used [0x000000076ab00000,0x0000000771b00000,0x0000000771b00000)
  from space 4608K, 99% used [0x0000000771b00000,0x0000000771f7cb28,0x0000000771f80000)
  to   space 22016K, 0% used [0x000000077a080000,0x000000077a080000,0x000000077b600000)
 ParOldGen       total 76800K, used 27043K [0x00000006c0000000, 0x00000006c4b00000, 0x000000076ab00000)
  object space 76800K, 35% used [0x00000006c0000000,0x00000006c1a68fd8,0x00000006c4b00000)
 Metaspace       used 6692K, capacity 7256K, committed 7424K, reserved 1056768K
  class space    used 643K, capacity 656K, committed 768K, reserved 1048576K
Event: 1.485 GC heap after
Heap after GC invocations=6 (full 0):
 PSYoungGen      total 136704K, used 21804K [0x000000076ab00000, 0x000000077b600000, 0x00000007c0000000)
  eden space 114688K, 0% used [0x000000076ab00000,0x000000076ab00000,0x0000000771b00000)
  from space 22016K, 99% used [0x000000077a080000,0x000000077b5cb1f0,0x000000077b600000)
  to   space 4608K, 0% used [0x0000000771b00000,0x0000000771b00000,0x0000000771f80000)
 ParOldGen       total 76800K, used 27051K [0x00000006c0000000, 0x00000006c4b00000, 0x000000076ab00000)
  object space 76800K, 35% used [0x00000006c0000000,0x00000006c1a6afd8,0x00000006c4b00000)
 Metaspace       used 6692K, capacity 7256K, committed 7424K, reserved 1056768K
  class space    used 643K, capacity 656K, committed 768K, reserved 1048576K
}

