# JRE version: Java(TM) SE Runtime Environment (8.0_161-b12) (build 1.8.0_161-b12)
# Java VM: Java HotSpot(TM) 64-Bit Server VM (25.161-b12 mixed mode windows-amd64 compressed oops)
Heap:
 PSYoungGen      total 442368K, used 77331K [0x000000076ab00000, 0x0000000794c80000, 0x00000007c0000000)
  eden space 385024K, 9% used [0x000000076ab00000,0x000000076cd35390,0x0000000782300000)
  from space 57344K, 73% used [0x0000000787f00000,0x000000078a84f8b0,0x000000078b700000)
  to   space 94208K, 0% used [0x0000000782300000,0x0000000782300000,0x0000000787f00000)
 ParOldGen       total 266752K, used 149680K [0x00000006c0000000, 0x00000006d0480000, 0x000000076ab00000)
  object space 266752K, 56% used [0x00000006c0000000,0x00000006c922c138,0x00000006d0480000)
 Metaspace       used 6806K, capacity 7320K, committed 7680K, reserved 1056768K
  class space    used 645K, capacity 656K, committed 768K, reserved 1048576K
GC Heap History (10 events):
Event: 2.216 GC heap before
{Heap before GC invocations=8 (full 1):
 PSYoungGen      total 251392K, used 27639K [0x000000076ab00000, 0x000000078bd00000, 0x00000007c0000000)
  eden space 223744K, 0% used [0x000000076ab00000,0x000000076ab00000,0x0000000778580000)
  from space 27648K, 99% used [0x0000000778580000,0x000000077a07df48,0x000000077a080000)
  to   space 47616K, 0% used [0x0000000788e80000,0x0000000788e80000,0x000000078bd00000)
 ParOldGen       total 76800K, used 55787K [0x00000006c0000000, 0x00000006c4b00000, 0x000000076ab00000)
  object space 76800K, 72% used [0x00000006c0000000,0x00000006c367ae30,0x00000006c4b00000)
 Metaspace       used 6774K, capacity 7320K, committed 7680K, reserved 1056768K
  class space    used 644K, capacity 656K, committed 768K, reserved 1048576K
Event: 2.552 GC heap after
Heap after GC invocations=8 (full 1):
 PSYoungGen      total 251392K, used 3565K [0x000000076ab00000, 0x000000078bd00000, 0x00000007c0000000)
  eden space 223744K, 0% used [0x000000076ab00000,0x000000076ab00000,0x0000000778580000)
  from space 27648K, 12% used [0x0000000778580000,0x00000007788fb518,0x000000077a080000)
  to   space 47616K, 0% used [0x0000000788e80000,0x0000000788e80000,0x000000078bd00000)
 ParOldGen       total 150016K, used 76754K [0x00000006c0000000, 0x00000006c9280000, 0x000000076ab00000)
  object space 150016K, 51% used [0x00000006c0000000,0x00000006c4af4b50,0x00000006c9280000)
 Metaspace       used 6774K, capacity 7320K, committed 7680K, reserved 1056768K
  class space    used 644K, capacity 656K, committed 768K, reserved 1048576K
}
Event: 3.046 GC heap before
{Heap before GC invocations=9 (full 1):
 PSYoungGen      total 251392K, used 227309K [0x000000076ab00000, 0x000000078bd00000, 0x00000007c0000000)
  eden space 223744K, 100% used [0x000000076ab00000,0x0000000778580000,0x0000000778580000)
  from space 27648K, 12% used [0x0000000778580000,0x00000007788fb518,0x000000077a080000)
  to   space 47616K, 0% used [0x0000000788e80000,0x0000000788e80000,0x000000078bd00000)
 ParOldGen       total 150016K, used 76754K [0x00000006c0000000, 0x00000006c9280000, 0x000000076ab00000)
  object space 150016K, 51% used [0x00000006c0000000,0x00000006c4af4b50,0x00000006c9280000)
 Metaspace       used 6780K, capacity 7320K, committed 7680K, reserved 1056768K
  class space    used 644K, capacity 656K, committed 768K, reserved 1048576K
Event: 3.124 GC heap after
Heap after GC invocations=9 (full 1):
 PSYoungGen      total 346624K, used 36502K [0x000000076ab00000, 0x000000078b280000, 0x00000007c0000000)
  eden space 309760K, 0% used [0x000000076ab00000,0x000000076ab00000,0x000000077d980000)
  from space 36864K, 99% used [0x0000000788e80000,0x000000078b225820,0x000000078b280000)
  to   space 52736K, 0% used [0x0000000784b80000,0x0000000784b80000,0x0000000787f00000)
 ParOldGen       total 150016K, used 76826K [0x00000006c0000000, 0x00000006c9280000, 0x000000076ab00000)
  object space 150016K, 51% used [0x00000006c0000000,0x00000006c4b06b50,0x00000006c9280000)
 Metaspace       used 6780K, capacity 7320K, committed 7680K, reserved 1056768K
  class space    used 644K, capacity 656K, committed 768K, reserved 1048576K
}
Event: 3.677 GC heap before
{Heap before GC invocations=10 (full 1):
 PSYoungGen      total 346624K, used 346262K [0x000000076ab00000, 0x000000078b280000, 0x00000007c0000000)
  eden space 309760K, 100% used [0x000000076ab00000,0x000000077d980000,0x000000077d980000)
  from space 36864K, 99% used [0x0000000788e80000,0x000000078b225820,0x000000078b280000)
  to   space 52736K, 0% used [0x0000000784b80000,0x0000000784b80000,0x0000000787f00000)
 ParOldGen       total 150016K, used 76826K [0x00000006c0000000, 0x00000006c9280000, 0x000000076ab00000)
  object space 150016K, 51% used [0x00000006c0000000,0x00000006c4b06b50,0x00000006c9280000)
 Metaspace       used 6799K, capacity 7320K, committed 7680K, reserved 1056768K
  class space    used 644K, capacity 656K, committed 768K, reserved 1048576K
Event: 3.780 GC heap after
Heap after GC invocations=10 (full 1):
 PSYoungGen      total 442880K, used 52735K [0x000000076ab00000, 0x000000078b700000, 0x00000007c0000000)
  eden space 390144K, 0% used [0x000000076ab00000,0x000000076ab00000,0x0000000782800000)
  from space 52736K, 99% used [0x0000000784b80000,0x0000000787effe10,0x0000000787f00000)
  to   space 57344K, 0% used [0x0000000787f00000,0x0000000787f00000,0x000000078b700000)
 ParOldGen       total 150016K, used 103734K [0x00000006c0000000, 0x00000006c9280000, 0x000000076ab00000)
  object space 150016K, 69% used [0x00000006c0000000,0x00000006c654d8d8,0x00000006c9280000)
 Metaspace       used 6799K, capacity 7320K, committed 7680K, reserved 1056768K
  class space    used 644K, capacity 656K, committed 768K, reserved 1048576K
}
Event: 4.337 GC heap before
{Heap before GC invocations=11 (full 1):
 PSYoungGen      total 442880K, used 442879K [0x000000076ab00000, 0x000000078b700000, 0x00000007c0000000)
  eden space 390144K, 100% used [0x000000076ab00000,0x0000000782800000,0x0000000782800000)
  from space 52736K, 99% used [0x0000000784b80000,0x0000000787effe10,0x0000000787f00000)
  to   space 57344K, 0% used [0x0000000787f00000,0x0000000787f00000,0x000000078b700000)
 ParOldGen       total 150016K, used 103734K [0x00000006c0000000, 0x00000006c9280000, 0x000000076ab00000)
  object space 150016K, 69% used [0x00000006c0000000,0x00000006c654d8d8,0x00000006c9280000)
 Metaspace       used 6806K, capacity 7320K, committed 7680K, reserved 1056768K
  class space    used 645K, capacity 656K, committed 768K, reserved 1048576K
Event: 4.451 GC heap after
Heap after GC invocations=11 (full 1):
 PSYoungGen      total 442368K, used 57315K [0x000000076ab00000, 0x0000000794c80000, 0x00000007c0000000)
  eden space 385024K, 0% used [0x000000076ab00000,0x000000076ab00000,0x0000000782300000)
  from space 57344K, 99% used [0x0000000787f00000,0x000000078b6f8e68,0x000000078b700000)
  to   space 94208K, 0% used [0x0000000782300000,0x0000000782300000,0x0000000787f00000)
 ParOldGen       total 150016K, used 143132K [0x00000006c0000000, 0x00000006c9280000, 0x000000076ab00000)
  object space 150016K, 95% used [0x00000006c0000000,0x00000006c8bc70d0,0x00000006c9280000)
 Metaspace       used 6806K, capacity 7320K, committed 7680K, reserved 1056768K
  class space    used 645K, capacity 656K, committed 768K, reserved 1048576K
}
Event: 4.451 GC heap before
{Heap before GC invocations=12 (full 2):
 PSYoungGen      total 442368K, used 57315K [0x000000076ab00000, 0x0000000794c80000, 0x00000007c0000000)
  eden space 385024K, 0% used [0x000000076ab00000,0x000000076ab00000,0x0000000782300000)
  from space 57344K, 99% used [0x0000000787f00000,0x000000078b6f8e68,0x000000078b700000)
  to   space 94208K, 0% used [0x0000000782300000,0x0000000782300000,0x0000000787f00000)
 ParOldGen       total 150016K, used 143132K [0x00000006c0000000, 0x00000006c9280000, 0x000000076ab00000)
  object space 150016K, 95% used [0x00000006c0000000,0x00000006c8bc70d0,0x00000006c9280000)
 Metaspace       used 6806K, capacity 7320K, committed 7680K, reserved 1056768K
  class space    used 645K, capacity 656K, committed 768K, reserved 1048576K
Event: 5.146 GC heap after
Heap after GC invocations=12 (full 2):
 PSYoungGen      total 442368K, used 42302K [0x000000076ab00000, 0x0000000794c80000, 0x00000007c0000000)
  eden space 385024K, 0% used [0x000000076ab00000,0x000000076ab00000,0x0000000782300000)
  from space 57344K, 73% used [0x0000000787f00000,0x000000078a84f8b0,0x000000078b700000)
  to   space 94208K, 0% used [0x0000000782300000,0x0000000782300000,0x0000000787f00000)
 ParOldGen       total 266752K, used 149680K [0x00000006c0000000, 0x00000006d0480000, 0x000000076ab00000)
  object space 266752K, 56% used [0x00000006c0000000,0x00000006c922c138,0x00000006d0480000)
 Metaspace       used 6806K, capacity 7320K, committed 7680K, reserved 1056768K
  class space    used 645K, capacity 656K, committed 768K, reserved 1048576K
}

