# JRE version: Java(TM) SE Runtime Environment (8.0_161-b12) (build 1.8.0_161-b12)
# Java VM: Java HotSpot(TM) 64-Bit Server VM (25.161-b12 mixed mode windows-amd64 compressed oops)
Heap:
 PSYoungGen      total 565760K, used 132901K [0x000000076ab00000, 0x00000007a0800000, 0x00000007c0000000)
  eden space 431104K, 7% used [0x000000076ab00000,0x000000076c8a9d58,0x0000000785000000)
  from space 134656K, 76% used [0x0000000785000000,0x000000078b41f868,0x000000078d380000)
  to   space 173056K, 0% used [0x0000000795f00000,0x0000000795f00000,0x00000007a0800000)
 ParOldGen       total 439808K, used 277557K [0x00000006c0000000, 0x00000006dad80000, 0x000000076ab00000)
  object space 439808K, 63% used [0x00000006c0000000,0x00000006d0f0d708,0x00000006dad80000)
 Metaspace       used 6655K, capacity 7320K, committed 7680K, reserved 1056768K
  class space    used 630K, capacity 656K, committed 768K, reserved 1048576K
GC Heap History (10 events):
Event: 4.260 GC heap before
{Heap before GC invocations=12 (full 2):
 PSYoungGen      total 432640K, used 47091K [0x000000076ab00000, 0x0000000793500000, 0x00000007c0000000)
  eden space 385536K, 0% used [0x000000076ab00000,0x000000076ab00000,0x0000000782380000)
  from space 47104K, 99% used [0x0000000788080000,0x000000078ae7cd00,0x000000078ae80000)
  to   space 95232K, 0% used [0x0000000782380000,0x0000000782380000,0x0000000788080000)
 ParOldGen       total 155136K, used 154869K [0x00000006c0000000, 0x00000006c9780000, 0x000000076ab00000)
  object space 155136K, 99% used [0x00000006c0000000,0x00000006c973d638,0x00000006c9780000)
 Metaspace       used 6629K, capacity 7320K, committed 7680K, reserved 1056768K
  class space    used 629K, capacity 656K, committed 768K, reserved 1048576K
Event: 4.989 GC heap after
Heap after GC invocations=12 (full 2):
 PSYoungGen      total 432640K, used 37527K [0x000000076ab00000, 0x0000000793500000, 0x00000007c0000000)
  eden space 385536K, 0% used [0x000000076ab00000,0x000000076ab00000,0x0000000782380000)
  from space 47104K, 79% used [0x0000000788080000,0x000000078a525fa8,0x000000078ae80000)
  to   space 95232K, 0% used [0x0000000782380000,0x0000000782380000,0x0000000788080000)
 ParOldGen       total 278016K, used 154832K [0x00000006c0000000, 0x00000006d0f80000, 0x000000076ab00000)
  object space 278016K, 55% used [0x00000006c0000000,0x00000006c9734320,0x00000006d0f80000)
 Metaspace       used 6629K, capacity 7320K, committed 7680K, reserved 1056768K
  class space    used 629K, capacity 656K, committed 768K, reserved 1048576K
}
Event: 5.712 GC heap before
{Heap before GC invocations=13 (full 2):
 PSYoungGen      total 432640K, used 423063K [0x000000076ab00000, 0x0000000793500000, 0x00000007c0000000)
  eden space 385536K, 100% used [0x000000076ab00000,0x0000000782380000,0x0000000782380000)
  from space 47104K, 79% used [0x0000000788080000,0x000000078a525fa8,0x000000078ae80000)
  to   space 95232K, 0% used [0x0000000782380000,0x0000000782380000,0x0000000788080000)
 ParOldGen       total 278016K, used 154832K [0x00000006c0000000, 0x00000006d0f80000, 0x000000076ab00000)
  object space 278016K, 55% used [0x00000006c0000000,0x00000006c9734320,0x00000006d0f80000)
 Metaspace       used 6636K, capacity 7320K, committed 7680K, reserved 1056768K
  class space    used 629K, capacity 656K, committed 768K, reserved 1048576K
Event: 5.838 GC heap after
Heap after GC invocations=13 (full 2):
 PSYoungGen      total 480768K, used 76156K [0x000000076ab00000, 0x0000000793a00000, 0x00000007c0000000)
  eden space 385536K, 0% used [0x000000076ab00000,0x000000076ab00000,0x0000000782380000)
  from space 95232K, 79% used [0x0000000782380000,0x0000000786ddf120,0x0000000788080000)
  to   space 104960K, 0% used [0x000000078d380000,0x000000078d380000,0x0000000793a00000)
 ParOldGen       total 278016K, used 179608K [0x00000006c0000000, 0x00000006d0f80000, 0x000000076ab00000)
  object space 278016K, 64% used [0x00000006c0000000,0x00000006caf66060,0x00000006d0f80000)
 Metaspace       used 6636K, capacity 7320K, committed 7680K, reserved 1056768K
  class space    used 629K, capacity 656K, committed 768K, reserved 1048576K
}
Event: 6.497 GC heap before
{Heap before GC invocations=14 (full 2):
 PSYoungGen      total 480768K, used 461692K [0x000000076ab00000, 0x0000000793a00000, 0x00000007c0000000)
  eden space 385536K, 100% used [0x000000076ab00000,0x0000000782380000,0x0000000782380000)
  from space 95232K, 79% used [0x0000000782380000,0x0000000786ddf120,0x0000000788080000)
  to   space 104960K, 0% used [0x000000078d380000,0x000000078d380000,0x0000000793a00000)
 ParOldGen       total 278016K, used 179608K [0x00000006c0000000, 0x00000006d0f80000, 0x000000076ab00000)
  object space 278016K, 64% used [0x00000006c0000000,0x00000006caf66060,0x00000006d0f80000)
 Metaspace       used 6651K, capacity 7320K, committed 7680K, reserved 1056768K
  class space    used 629K, capacity 656K, committed 768K, reserved 1048576K
Event: 6.675 GC heap after
Heap after GC invocations=14 (full 2):
 PSYoungGen      total 536064K, used 104934K [0x000000076ab00000, 0x0000000798000000, 0x00000007c0000000)
  eden space 431104K, 0% used [0x000000076ab00000,0x000000076ab00000,0x0000000785000000)
  from space 104960K, 99% used [0x000000078d380000,0x00000007939f9bd0,0x0000000793a00000)
  to   space 134656K, 0% used [0x0000000785000000,0x0000000785000000,0x000000078d380000)
 ParOldGen       total 278016K, used 212106K [0x00000006c0000000, 0x00000006d0f80000, 0x000000076ab00000)
  object space 278016K, 76% used [0x00000006c0000000,0x00000006ccf22b18,0x00000006d0f80000)
 Metaspace       used 6651K, capacity 7320K, committed 7680K, reserved 1056768K
  class space    used 629K, capacity 656K, committed 768K, reserved 1048576K
}
Event: 7.393 GC heap before
{Heap before GC invocations=15 (full 2):
 PSYoungGen      total 536064K, used 536038K [0x000000076ab00000, 0x0000000798000000, 0x00000007c0000000)
  eden space 431104K, 100% used [0x000000076ab00000,0x0000000785000000,0x0000000785000000)
  from space 104960K, 99% used [0x000000078d380000,0x00000007939f9bd0,0x0000000793a00000)
  to   space 134656K, 0% used [0x0000000785000000,0x0000000785000000,0x000000078d380000)
 ParOldGen       total 278016K, used 212106K [0x00000006c0000000, 0x00000006d0f80000, 0x000000076ab00000)
  object space 278016K, 76% used [0x00000006c0000000,0x00000006ccf22b18,0x00000006d0f80000)
 Metaspace       used 6655K, capacity 7320K, committed 7680K, reserved 1056768K
  class space    used 630K, capacity 656K, committed 768K, reserved 1048576K
Event: 7.563 GC heap after
Heap after GC invocations=15 (full 2):
 PSYoungGen      total 565760K, used 134652K [0x000000076ab00000, 0x00000007a0800000, 0x00000007c0000000)
  eden space 431104K, 0% used [0x000000076ab00000,0x000000076ab00000,0x0000000785000000)
  from space 134656K, 99% used [0x0000000785000000,0x000000078d37f028,0x000000078d380000)
  to   space 173056K, 0% used [0x0000000795f00000,0x0000000795f00000,0x00000007a0800000)
 ParOldGen       total 278016K, used 251764K [0x00000006c0000000, 0x00000006d0f80000, 0x000000076ab00000)
  object space 278016K, 90% used [0x00000006c0000000,0x00000006cf5dd3b8,0x00000006d0f80000)
 Metaspace       used 6655K, capacity 7320K, committed 7680K, reserved 1056768K
  class space    used 630K, capacity 656K, committed 768K, reserved 1048576K
}
Event: 7.563 GC heap before
{Heap before GC invocations=16 (full 3):
 PSYoungGen      total 565760K, used 134652K [0x000000076ab00000, 0x00000007a0800000, 0x00000007c0000000)
  eden space 431104K, 0% used [0x000000076ab00000,0x000000076ab00000,0x0000000785000000)
  from space 134656K, 99% used [0x0000000785000000,0x000000078d37f028,0x000000078d380000)
  to   space 173056K, 0% used [0x0000000795f00000,0x0000000795f00000,0x00000007a0800000)
 ParOldGen       total 278016K, used 251764K [0x00000006c0000000, 0x00000006d0f80000, 0x000000076ab00000)
  object space 278016K, 90% used [0x00000006c0000000,0x00000006cf5dd3b8,0x00000006d0f80000)
 Metaspace       used 6655K, capacity 7320K, committed 7680K, reserved 1056768K
  class space    used 630K, capacity 656K, committed 768K, reserved 1048576K
Event: 8.518 GC heap after
Heap after GC invocations=16 (full 3):
 PSYoungGen      total 565760K, used 102526K [0x000000076ab00000, 0x00000007a0800000, 0x00000007c0000000)
  eden space 431104K, 0% used [0x000000076ab00000,0x000000076ab00000,0x0000000785000000)
  from space 134656K, 76% used [0x0000000785000000,0x000000078b41f868,0x000000078d380000)
  to   space 173056K, 0% used [0x0000000795f00000,0x0000000795f00000,0x00000007a0800000)
 ParOldGen       total 439808K, used 277557K [0x00000006c0000000, 0x00000006dad80000, 0x000000076ab00000)
  object space 439808K, 63% used [0x00000006c0000000,0x00000006d0f0d708,0x00000006dad80000)
 Metaspace       used 6655K, capacity 7320K, committed 7680K, reserved 1056768K
  class space    used 630K, capacity 656K, committed 768K, reserved 1048576K
}

