# JRE version: Java(TM) SE Runtime Environment (8.0_161-b12) (build 1.8.0_161-b12)
# Java VM: Java HotSpot(TM) 64-Bit Server VM (25.161-b12 mixed mode windows-amd64 compressed oops)
Heap:
 PSYoungGen      total 402432K, used 36011K [0x000000076ab00000, 0x0000000789f80000, 0x00000007c0000000)
  eden space 369152K, 3% used [0x000000076ab00000,0x000000076b640ab8,0x0000000781380000)
  from space 33280K, 73% used [0x0000000787f00000,0x00000007896ea318,0x0000000789f80000)
  to   space 51712K, 0% used [0x0000000784c80000,0x0000000784c80000,0x0000000787f00000)
 ParOldGen       total 291328K, used 164591K [0x00000006c0000000, 0x00000006d1c80000, 0x000000076ab00000)
  object space 291328K, 56% used [0x00000006c0000000,0x00000006ca0bbec0,0x00000006d1c80000)
 Metaspace       used 6802K, capacity 7320K, committed 7680K, reserved 1056768K
  class space    used 644K, capacity 656K, committed 768K, reserved 1048576K
GC Heap History (10 events):
Event: 2.118 GC heap before
{Heap before GC invocations=8 (full 1):
 PSYoungGen      total 251392K, used 27619K [0x000000076ab00000, 0x000000078bd00000, 0x00000007c0000000)
  eden space 223744K, 0% used [0x000000076ab00000,0x000000076ab00000,0x0000000778580000)
  from space 27648K, 99% used [0x0000000778580000,0x000000077a078cb0,0x000000077a080000)
  to   space 47616K, 0% used [0x0000000788e80000,0x0000000788e80000,0x000000078bd00000)
 ParOldGen       total 76800K, used 55099K [0x00000006c0000000, 0x00000006c4b00000, 0x000000076ab00000)
  object space 76800K, 71% used [0x00000006c0000000,0x00000006c35cec78,0x00000006c4b00000)
 Metaspace       used 6769K, capacity 7256K, committed 7424K, reserved 1056768K
  class space    used 644K, capacity 656K, committed 768K, reserved 1048576K
Event: 2.434 GC heap after
Heap after GC invocations=8 (full 1):
 PSYoungGen      total 251392K, used 3546K [0x000000076ab00000, 0x000000078bd00000, 0x00000007c0000000)
  eden space 223744K, 0% used [0x000000076ab00000,0x000000076ab00000,0x0000000778580000)
  from space 27648K, 12% used [0x0000000778580000,0x00000007788f6b10,0x000000077a080000)
  to   space 47616K, 0% used [0x0000000788e80000,0x0000000788e80000,0x000000078bd00000)
 ParOldGen       total 150528K, used 76692K [0x00000006c0000000, 0x00000006c9300000, 0x000000076ab00000)
  object space 150528K, 50% used [0x00000006c0000000,0x00000006c4ae53c0,0x00000006c9300000)
 Metaspace       used 6769K, capacity 7256K, committed 7424K, reserved 1056768K
  class space    used 644K, capacity 656K, committed 768K, reserved 1048576K
}
Event: 3.140 GC heap before
{Heap before GC invocations=9 (full 1):
 PSYoungGen      total 251392K, used 227290K [0x000000076ab00000, 0x000000078bd00000, 0x00000007c0000000)
  eden space 223744K, 100% used [0x000000076ab00000,0x0000000778580000,0x0000000778580000)
  from space 27648K, 12% used [0x0000000778580000,0x00000007788f6b10,0x000000077a080000)
  to   space 47616K, 0% used [0x0000000788e80000,0x0000000788e80000,0x000000078bd00000)
 ParOldGen       total 150528K, used 76692K [0x00000006c0000000, 0x00000006c9300000, 0x000000076ab00000)
  object space 150528K, 50% used [0x00000006c0000000,0x00000006c4ae53c0,0x00000006c9300000)
 Metaspace       used 6777K, capacity 7256K, committed 7424K, reserved 1056768K
  class space    used 644K, capacity 656K, committed 768K, reserved 1048576K
Event: 3.195 GC heap after
Heap after GC invocations=9 (full 1):
 PSYoungGen      total 338432K, used 35568K [0x000000076ab00000, 0x000000078b180000, 0x00000007c0000000)
  eden space 302592K, 0% used [0x000000076ab00000,0x000000076ab00000,0x000000077d280000)
  from space 35840K, 99% used [0x0000000788e80000,0x000000078b13c3c8,0x000000078b180000)
  to   space 51712K, 0% used [0x0000000784c80000,0x0000000784c80000,0x0000000787f00000)
 ParOldGen       total 150528K, used 76700K [0x00000006c0000000, 0x00000006c9300000, 0x000000076ab00000)
  object space 150528K, 50% used [0x00000006c0000000,0x00000006c4ae73c0,0x00000006c9300000)
 Metaspace       used 6777K, capacity 7256K, committed 7424K, reserved 1056768K
  class space    used 644K, capacity 656K, committed 768K, reserved 1048576K
}
Event: 3.893 GC heap before
{Heap before GC invocations=10 (full 1):
 PSYoungGen      total 338432K, used 338160K [0x000000076ab00000, 0x000000078b180000, 0x00000007c0000000)
  eden space 302592K, 100% used [0x000000076ab00000,0x000000077d280000,0x000000077d280000)
  from space 35840K, 99% used [0x0000000788e80000,0x000000078b13c3c8,0x000000078b180000)
  to   space 51712K, 0% used [0x0000000784c80000,0x0000000784c80000,0x0000000787f00000)
 ParOldGen       total 150528K, used 76700K [0x00000006c0000000, 0x00000006c9300000, 0x000000076ab00000)
  object space 150528K, 50% used [0x00000006c0000000,0x00000006c4ae73c0,0x00000006c9300000)
 Metaspace       used 6796K, capacity 7320K, committed 7680K, reserved 1056768K
  class space    used 644K, capacity 656K, committed 768K, reserved 1048576K
Event: 3.963 GC heap after
Heap after GC invocations=10 (full 1):
 PSYoungGen      total 420864K, used 51706K [0x000000076ab00000, 0x0000000789f80000, 0x00000007c0000000)
  eden space 369152K, 0% used [0x000000076ab00000,0x000000076ab00000,0x0000000781380000)
  from space 51712K, 99% used [0x0000000784c80000,0x0000000787efeac0,0x0000000787f00000)
  to   space 33280K, 0% used [0x0000000787f00000,0x0000000787f00000,0x0000000789f80000)
 ParOldGen       total 150528K, used 102864K [0x00000006c0000000, 0x00000006c9300000, 0x000000076ab00000)
  object space 150528K, 68% used [0x00000006c0000000,0x00000006c64743d8,0x00000006c9300000)
 Metaspace       used 6796K, capacity 7320K, committed 7680K, reserved 1056768K
  class space    used 644K, capacity 656K, committed 768K, reserved 1048576K
}
Event: 4.516 GC heap before
{Heap before GC invocations=11 (full 1):
 PSYoungGen      total 420864K, used 420858K [0x000000076ab00000, 0x0000000789f80000, 0x00000007c0000000)
  eden space 369152K, 100% used [0x000000076ab00000,0x0000000781380000,0x0000000781380000)
  from space 51712K, 99% used [0x0000000784c80000,0x0000000787efeac0,0x0000000787f00000)
  to   space 33280K, 0% used [0x0000000787f00000,0x0000000787f00000,0x0000000789f80000)
 ParOldGen       total 150528K, used 102864K [0x00000006c0000000, 0x00000006c9300000, 0x000000076ab00000)
  object space 150528K, 68% used [0x00000006c0000000,0x00000006c64743d8,0x00000006c9300000)
 Metaspace       used 6801K, capacity 7320K, committed 7680K, reserved 1056768K
  class space    used 644K, capacity 656K, committed 768K, reserved 1048576K
Event: 4.612 GC heap after
Heap after GC invocations=11 (full 1):
 PSYoungGen      total 402432K, used 33271K [0x000000076ab00000, 0x0000000789f80000, 0x00000007c0000000)
  eden space 369152K, 0% used [0x000000076ab00000,0x000000076ab00000,0x0000000781380000)
  from space 33280K, 99% used [0x0000000787f00000,0x0000000789f7dd30,0x0000000789f80000)
  to   space 51712K, 0% used [0x0000000784c80000,0x0000000784c80000,0x0000000787f00000)
 ParOldGen       total 164864K, used 164260K [0x00000006c0000000, 0x00000006ca100000, 0x000000076ab00000)
  object space 164864K, 99% used [0x00000006c0000000,0x00000006ca069220,0x00000006ca100000)
 Metaspace       used 6801K, capacity 7320K, committed 7680K, reserved 1056768K
  class space    used 644K, capacity 656K, committed 768K, reserved 1048576K
}
Event: 4.612 GC heap before
{Heap before GC invocations=12 (full 2):
 PSYoungGen      total 402432K, used 33271K [0x000000076ab00000, 0x0000000789f80000, 0x00000007c0000000)
  eden space 369152K, 0% used [0x000000076ab00000,0x000000076ab00000,0x0000000781380000)
  from space 33280K, 99% used [0x0000000787f00000,0x0000000789f7dd30,0x0000000789f80000)
  to   space 51712K, 0% used [0x0000000784c80000,0x0000000784c80000,0x0000000787f00000)
 ParOldGen       total 164864K, used 164260K [0x00000006c0000000, 0x00000006ca100000, 0x000000076ab00000)
  object space 164864K, 99% used [0x00000006c0000000,0x00000006ca069220,0x00000006ca100000)
 Metaspace       used 6801K, capacity 7320K, committed 7680K, reserved 1056768K
  class space    used 644K, capacity 656K, committed 768K, reserved 1048576K
Event: 5.188 GC heap after
Heap after GC invocations=12 (full 2):
 PSYoungGen      total 402432K, used 24488K [0x000000076ab00000, 0x0000000789f80000, 0x00000007c0000000)
  eden space 369152K, 0% used [0x000000076ab00000,0x000000076ab00000,0x0000000781380000)
  from space 33280K, 73% used [0x0000000787f00000,0x00000007896ea318,0x0000000789f80000)
  to   space 51712K, 0% used [0x0000000784c80000,0x0000000784c80000,0x0000000787f00000)
 ParOldGen       total 291328K, used 164591K [0x00000006c0000000, 0x00000006d1c80000, 0x000000076ab00000)
  object space 291328K, 56% used [0x00000006c0000000,0x00000006ca0bbec0,0x00000006d1c80000)
 Metaspace       used 6801K, capacity 7320K, committed 7680K, reserved 1056768K
  class space    used 644K, capacity 656K, committed 768K, reserved 1048576K
}

