# JRE version: Java(TM) SE Runtime Environment (8.0_161-b12) (build 1.8.0_161-b12)
# Java VM: Java HotSpot(TM) 64-Bit Server VM (25.161-b12 mixed mode windows-amd64 compressed oops)
Heap:
 PSYoungGen      total 829440K, used 35535K [0x000000076ab00000, 0x00000007aef80000, 0x00000007c0000000)
  eden space 606208K, 5% used [0x000000076ab00000,0x000000076cdb3df0,0x000000078fb00000)
  from space 223232K, 0% used [0x000000079e580000,0x000000079e580000,0x00000007abf80000)
  to   space 240128K, 0% used [0x000000078fb00000,0x000000078fb00000,0x000000079e580000)
 ParOldGen       total 894464K, used 575269K [0x00000006c0000000, 0x00000006f6980000, 0x000000076ab00000)
  object space 894464K, 64% used [0x00000006c0000000,0x00000006e31c97a8,0x00000006f6980000)
 Metaspace       used 7624K, capacity 7864K, committed 7936K, reserved 1056768K
  class space    used 697K, capacity 752K, committed 768K, reserved 1048576K
GC Heap History (10 events):
Event: 12.797 GC heap before
{Heap before GC invocations=19 (full 3):
 PSYoungGen      total 703488K, used 703484K [0x000000076ab00000, 0x00000007abf80000, 0x00000007c0000000)
  eden space 516096K, 100% used [0x000000076ab00000,0x000000078a300000,0x000000078a300000)
  from space 187392K, 99% used [0x000000078a300000,0x00000007959ff330,0x0000000795a00000)
  to   space 223232K, 0% used [0x000000079e580000,0x000000079e580000,0x00000007abf80000)
 ParOldGen       total 429056K, used 338195K [0x00000006c0000000, 0x00000006da300000, 0x000000076ab00000)
  object space 429056K, 78% used [0x00000006c0000000,0x00000006d4a44e18,0x00000006da300000)
 Metaspace       used 6843K, capacity 7320K, committed 7680K, reserved 1056768K
  class space    used 646K, capacity 656K, committed 768K, reserved 1048576K
Event: 13.092 GC heap after
Heap after GC invocations=19 (full 3):
 PSYoungGen      total 829440K, used 165173K [0x000000076ab00000, 0x00000007aef80000, 0x00000007c0000000)
  eden space 606208K, 0% used [0x000000076ab00000,0x000000076ab00000,0x000000078fb00000)
  from space 223232K, 73% used [0x000000079e580000,0x00000007a86cd530,0x00000007abf80000)
  to   space 240128K, 0% used [0x000000078fb00000,0x000000078fb00000,0x000000079e580000)
 ParOldGen       total 446464K, used 446370K [0x00000006c0000000, 0x00000006db400000, 0x000000076ab00000)
  object space 446464K, 99% used [0x00000006c0000000,0x00000006db3e8b18,0x00000006db400000)
 Metaspace       used 6843K, capacity 7320K, committed 7680K, reserved 1056768K
  class space    used 646K, capacity 656K, committed 768K, reserved 1048576K
}
Event: 13.092 GC heap before
{Heap before GC invocations=20 (full 4):
 PSYoungGen      total 829440K, used 165173K [0x000000076ab00000, 0x00000007aef80000, 0x00000007c0000000)
  eden space 606208K, 0% used [0x000000076ab00000,0x000000076ab00000,0x000000078fb00000)
  from space 223232K, 73% used [0x000000079e580000,0x00000007a86cd530,0x00000007abf80000)
  to   space 240128K, 0% used [0x000000078fb00000,0x000000078fb00000,0x000000079e580000)
 ParOldGen       total 446464K, used 446370K [0x00000006c0000000, 0x00000006db400000, 0x000000076ab00000)
  object space 446464K, 99% used [0x00000006c0000000,0x00000006db3e8b18,0x00000006db400000)
 Metaspace       used 6843K, capacity 7320K, committed 7680K, reserved 1056768K
  class space    used 646K, capacity 656K, committed 768K, reserved 1048576K
Event: 15.531 GC heap after
Heap after GC invocations=20 (full 4):
 PSYoungGen      total 829440K, used 155569K [0x000000076ab00000, 0x00000007aef80000, 0x00000007c0000000)
  eden space 606208K, 0% used [0x000000076ab00000,0x000000076ab00000,0x000000078fb00000)
  from space 223232K, 69% used [0x000000079e580000,0x00000007a7d6c500,0x00000007abf80000)
  to   space 240128K, 0% used [0x000000078fb00000,0x000000078fb00000,0x000000079e580000)
 ParOldGen       total 687616K, used 446413K [0x00000006c0000000, 0x00000006e9f80000, 0x000000076ab00000)
  object space 687616K, 64% used [0x00000006c0000000,0x00000006db3f35a8,0x00000006e9f80000)
 Metaspace       used 6843K, capacity 7320K, committed 7680K, reserved 1056768K
  class space    used 646K, capacity 656K, committed 768K, reserved 1048576K
}
Event: 16.514 GC heap before
{Heap before GC invocations=21 (full 4):
 PSYoungGen      total 829440K, used 761777K [0x000000076ab00000, 0x00000007aef80000, 0x00000007c0000000)
  eden space 606208K, 100% used [0x000000076ab00000,0x000000078fb00000,0x000000078fb00000)
  from space 223232K, 69% used [0x000000079e580000,0x00000007a7d6c500,0x00000007abf80000)
  to   space 240128K, 0% used [0x000000078fb00000,0x000000078fb00000,0x000000079e580000)
 ParOldGen       total 687616K, used 446413K [0x00000006c0000000, 0x00000006e9f80000, 0x000000076ab00000)
  object space 687616K, 64% used [0x00000006c0000000,0x00000006db3f35a8,0x00000006e9f80000)
 Metaspace       used 6848K, capacity 7320K, committed 7680K, reserved 1056768K
  class space    used 646K, capacity 656K, committed 768K, reserved 1048576K
Event: 16.805 GC heap after
Heap after GC invocations=21 (full 4):
 PSYoungGen      total 846336K, used 240114K [0x000000076ab00000, 0x00000007aef80000, 0x00000007c0000000)
  eden space 606208K, 0% used [0x000000076ab00000,0x000000076ab00000,0x000000078fb00000)
  from space 240128K, 99% used [0x000000078fb00000,0x000000079e57cb70,0x000000079e580000)
  to   space 223232K, 0% used [0x000000079e580000,0x000000079e580000,0x00000007abf80000)
 ParOldGen       total 687616K, used 459538K [0x00000006c0000000, 0x00000006e9f80000, 0x000000076ab00000)
  object space 687616K, 66% used [0x00000006c0000000,0x00000006dc0c48a8,0x00000006e9f80000)
 Metaspace       used 6848K, capacity 7320K, committed 7680K, reserved 1056768K
  class space    used 646K, capacity 656K, committed 768K, reserved 1048576K
}
Event: 19.424 GC heap before
{Heap before GC invocations=22 (full 4):
 PSYoungGen      total 846336K, used 846322K [0x000000076ab00000, 0x00000007aef80000, 0x00000007c0000000)
  eden space 606208K, 100% used [0x000000076ab00000,0x000000078fb00000,0x000000078fb00000)
  from space 240128K, 99% used [0x000000078fb00000,0x000000079e57cb70,0x000000079e580000)
  to   space 223232K, 0% used [0x000000079e580000,0x000000079e580000,0x00000007abf80000)
 ParOldGen       total 687616K, used 459538K [0x00000006c0000000, 0x00000006e9f80000, 0x000000076ab00000)
  object space 687616K, 66% used [0x00000006c0000000,0x00000006dc0c48a8,0x00000006e9f80000)
 Metaspace       used 7621K, capacity 7864K, committed 7936K, reserved 1056768K
  class space    used 697K, capacity 752K, committed 768K, reserved 1048576K
Event: 19.726 GC heap after
Heap after GC invocations=22 (full 4):
 PSYoungGen      total 829440K, used 160537K [0x000000076ab00000, 0x00000007aef80000, 0x00000007c0000000)
  eden space 606208K, 0% used [0x000000076ab00000,0x000000076ab00000,0x000000078fb00000)
  from space 223232K, 71% used [0x000000079e580000,0x00000007a82465e8,0x00000007abf80000)
  to   space 240128K, 0% used [0x000000078fb00000,0x000000078fb00000,0x000000079e580000)
 ParOldGen       total 687616K, used 606699K [0x00000006c0000000, 0x00000006e9f80000, 0x000000076ab00000)
  object space 687616K, 88% used [0x00000006c0000000,0x00000006e507af60,0x00000006e9f80000)
 Metaspace       used 7621K, capacity 7864K, committed 7936K, reserved 1056768K
  class space    used 697K, capacity 752K, committed 768K, reserved 1048576K
}
Event: 19.726 GC heap before
{Heap before GC invocations=23 (full 5):
 PSYoungGen      total 829440K, used 160537K [0x000000076ab00000, 0x00000007aef80000, 0x00000007c0000000)
  eden space 606208K, 0% used [0x000000076ab00000,0x000000076ab00000,0x000000078fb00000)
  from space 223232K, 71% used [0x000000079e580000,0x00000007a82465e8,0x00000007abf80000)
  to   space 240128K, 0% used [0x000000078fb00000,0x000000078fb00000,0x000000079e580000)
 ParOldGen       total 687616K, used 606699K [0x00000006c0000000, 0x00000006e9f80000, 0x000000076ab00000)
  object space 687616K, 88% used [0x00000006c0000000,0x00000006e507af60,0x00000006e9f80000)
 Metaspace       used 7621K, capacity 7864K, committed 7936K, reserved 1056768K
  class space    used 697K, capacity 752K, committed 768K, reserved 1048576K
Event: 22.501 GC heap after
Heap after GC invocations=23 (full 5):
 PSYoungGen      total 829440K, used 0K [0x000000076ab00000, 0x00000007aef80000, 0x00000007c0000000)
  eden space 606208K, 0% used [0x000000076ab00000,0x000000076ab00000,0x000000078fb00000)
  from space 223232K, 0% used [0x000000079e580000,0x000000079e580000,0x00000007abf80000)
  to   space 240128K, 0% used [0x000000078fb00000,0x000000078fb00000,0x000000079e580000)
 ParOldGen       total 894464K, used 575269K [0x00000006c0000000, 0x00000006f6980000, 0x000000076ab00000)
  object space 894464K, 64% used [0x00000006c0000000,0x00000006e31c97a8,0x00000006f6980000)
 Metaspace       used 7621K, capacity 7864K, committed 7936K, reserved 1056768K
  class space    used 697K, capacity 752K, committed 768K, reserved 1048576K
}

