# JRE version: Java(TM) SE Runtime Environment (8.0_161-b12) (build 1.8.0_161-b12)
# Java VM: Java HotSpot(TM) 64-Bit Server VM (25.161-b12 mixed mode windows-amd64 compressed oops)
Heap:
 PSYoungGen      total 822272K, used 287327K [0x000000076ab00000, 0x00000007b2e80000, 0x00000007c0000000)
  eden space 601600K, 14% used [0x000000076ab00000,0x000000076fe231b8,0x000000078f680000)
  from space 220672K, 91% used [0x000000078f680000,0x000000079bbf4ae8,0x000000079ce00000)
  to   space 250880K, 0% used [0x00000007a3980000,0x00000007a3980000,0x00000007b2e80000)
 ParOldGen       total 731136K, used 490029K [0x00000006c0000000, 0x00000006eca00000, 0x000000076ab00000)
  object space 731136K, 67% used [0x00000006c0000000,0x00000006dde8b648,0x00000006eca00000)
 Metaspace       used 6663K, capacity 7320K, committed 7680K, reserved 1056768K
  class space    used 631K, capacity 656K, committed 768K, reserved 1048576K
GC Heap History (10 events):
Event: 9.248 GC heap before
{Heap before GC invocations=17 (full 3):
 PSYoungGen      total 556544K, used 490354K [0x000000076ab00000, 0x000000079e600000, 0x00000007c0000000)
  eden space 430080K, 100% used [0x000000076ab00000,0x0000000784f00000,0x0000000784f00000)
  from space 126464K, 47% used [0x0000000784f00000,0x00000007889dc8f8,0x000000078ca80000)
  to   space 164352K, 0% used [0x0000000794580000,0x0000000794580000,0x000000079e600000)
 ParOldGen       total 490496K, used 315376K [0x00000006c0000000, 0x00000006ddf00000, 0x000000076ab00000)
  object space 490496K, 64% used [0x00000006c0000000,0x00000006d33fc1b8,0x00000006ddf00000)
 Metaspace       used 6656K, capacity 7320K, committed 7680K, reserved 1056768K
  class space    used 631K, capacity 656K, committed 768K, reserved 1048576K
Event: 9.478 GC heap after
Heap after GC invocations=17 (full 3):
 PSYoungGen      total 676864K, used 101054K [0x000000076ab00000, 0x000000079ef80000, 0x00000007c0000000)
  eden space 512512K, 0% used [0x000000076ab00000,0x000000076ab00000,0x0000000789f80000)
  from space 164352K, 61% used [0x0000000794580000,0x000000079a82f9a0,0x000000079e600000)
  to   space 169984K, 0% used [0x0000000789f80000,0x0000000789f80000,0x0000000794580000)
 ParOldGen       total 490496K, used 340461K [0x00000006c0000000, 0x00000006ddf00000, 0x000000076ab00000)
  object space 490496K, 69% used [0x00000006c0000000,0x00000006d4c7b708,0x00000006ddf00000)
 Metaspace       used 6656K, capacity 7320K, committed 7680K, reserved 1056768K
  class space    used 631K, capacity 656K, committed 768K, reserved 1048576K
}
Event: 10.457 GC heap before
{Heap before GC invocations=18 (full 3):
 PSYoungGen      total 676864K, used 613566K [0x000000076ab00000, 0x000000079ef80000, 0x00000007c0000000)
  eden space 512512K, 100% used [0x000000076ab00000,0x0000000789f80000,0x0000000789f80000)
  from space 164352K, 61% used [0x0000000794580000,0x000000079a82f9a0,0x000000079e600000)
  to   space 169984K, 0% used [0x0000000789f80000,0x0000000789f80000,0x0000000794580000)
 ParOldGen       total 490496K, used 340461K [0x00000006c0000000, 0x00000006ddf00000, 0x000000076ab00000)
  object space 490496K, 69% used [0x00000006c0000000,0x00000006d4c7b708,0x00000006ddf00000)
 Metaspace       used 6659K, capacity 7320K, committed 7680K, reserved 1056768K
  class space    used 631K, capacity 656K, committed 768K, reserved 1048576K
Event: 10.663 GC heap after
Heap after GC invocations=18 (full 3):
 PSYoungGen      total 682496K, used 169952K [0x000000076ab00000, 0x00000007a9300000, 0x00000007c0000000)
  eden space 512512K, 0% used [0x000000076ab00000,0x000000076ab00000,0x0000000789f80000)
  from space 169984K, 99% used [0x0000000789f80000,0x00000007945781c0,0x0000000794580000)
  to   space 201728K, 0% used [0x000000079ce00000,0x000000079ce00000,0x00000007a9300000)
 ParOldGen       total 490496K, used 348756K [0x00000006c0000000, 0x00000006ddf00000, 0x000000076ab00000)
  object space 490496K, 71% used [0x00000006c0000000,0x00000006d5495048,0x00000006ddf00000)
 Metaspace       used 6659K, capacity 7320K, committed 7680K, reserved 1056768K
  class space    used 631K, capacity 656K, committed 768K, reserved 1048576K
}
Event: 11.922 GC heap before
{Heap before GC invocations=19 (full 3):
 PSYoungGen      total 682496K, used 682464K [0x000000076ab00000, 0x00000007a9300000, 0x00000007c0000000)
  eden space 512512K, 100% used [0x000000076ab00000,0x0000000789f80000,0x0000000789f80000)
  from space 169984K, 99% used [0x0000000789f80000,0x00000007945781c0,0x0000000794580000)
  to   space 201728K, 0% used [0x000000079ce00000,0x000000079ce00000,0x00000007a9300000)
 ParOldGen       total 490496K, used 348756K [0x00000006c0000000, 0x00000006ddf00000, 0x000000076ab00000)
  object space 490496K, 71% used [0x00000006c0000000,0x00000006d5495048,0x00000006ddf00000)
 Metaspace       used 6660K, capacity 7320K, committed 7680K, reserved 1056768K
  class space    used 631K, capacity 656K, committed 768K, reserved 1048576K
Event: 12.204 GC heap after
Heap after GC invocations=19 (full 3):
 PSYoungGen      total 803328K, used 158914K [0x000000076ab00000, 0x00000007abc80000, 0x00000007c0000000)
  eden space 601600K, 0% used [0x000000076ab00000,0x000000076ab00000,0x000000078f680000)
  from space 201728K, 78% used [0x000000079ce00000,0x00000007a69309d0,0x00000007a9300000)
  to   space 220672K, 0% used [0x000000078f680000,0x000000078f680000,0x000000079ce00000)
 ParOldGen       total 490496K, used 443492K [0x00000006c0000000, 0x00000006ddf00000, 0x000000076ab00000)
  object space 490496K, 90% used [0x00000006c0000000,0x00000006db1190e0,0x00000006ddf00000)
 Metaspace       used 6660K, capacity 7320K, committed 7680K, reserved 1056768K
  class space    used 631K, capacity 656K, committed 768K, reserved 1048576K
}
Event: 12.204 GC heap before
{Heap before GC invocations=20 (full 4):
 PSYoungGen      total 803328K, used 158914K [0x000000076ab00000, 0x00000007abc80000, 0x00000007c0000000)
  eden space 601600K, 0% used [0x000000076ab00000,0x000000076ab00000,0x000000078f680000)
  from space 201728K, 78% used [0x000000079ce00000,0x00000007a69309d0,0x00000007a9300000)
  to   space 220672K, 0% used [0x000000078f680000,0x000000078f680000,0x000000079ce00000)
 ParOldGen       total 490496K, used 443492K [0x00000006c0000000, 0x00000006ddf00000, 0x000000076ab00000)
  object space 490496K, 90% used [0x00000006c0000000,0x00000006db1190e0,0x00000006ddf00000)
 Metaspace       used 6660K, capacity 7320K, committed 7680K, reserved 1056768K
  class space    used 631K, capacity 656K, committed 768K, reserved 1048576K
Event: 14.033 GC heap after
Heap after GC invocations=20 (full 4):
 PSYoungGen      total 803328K, used 103377K [0x000000076ab00000, 0x00000007abc80000, 0x00000007c0000000)
  eden space 601600K, 0% used [0x000000076ab00000,0x000000076ab00000,0x000000078f680000)
  from space 201728K, 51% used [0x000000079ce00000,0x00000007a32f4740,0x00000007a9300000)
  to   space 220672K, 0% used [0x000000078f680000,0x000000078f680000,0x000000079ce00000)
 ParOldGen       total 731136K, used 490029K [0x00000006c0000000, 0x00000006eca00000, 0x000000076ab00000)
  object space 731136K, 67% used [0x00000006c0000000,0x00000006dde8b648,0x00000006eca00000)
 Metaspace       used 6660K, capacity 7320K, committed 7680K, reserved 1056768K
  class space    used 631K, capacity 656K, committed 768K, reserved 1048576K
}
Event: 14.976 GC heap before
{Heap before GC invocations=21 (full 4):
 PSYoungGen      total 803328K, used 704977K [0x000000076ab00000, 0x00000007abc80000, 0x00000007c0000000)
  eden space 601600K, 100% used [0x000000076ab00000,0x000000078f680000,0x000000078f680000)
  from space 201728K, 51% used [0x000000079ce00000,0x00000007a32f4740,0x00000007a9300000)
  to   space 220672K, 0% used [0x000000078f680000,0x000000078f680000,0x000000079ce00000)
 ParOldGen       total 731136K, used 490029K [0x00000006c0000000, 0x00000006eca00000, 0x000000076ab00000)
  object space 731136K, 67% used [0x00000006c0000000,0x00000006dde8b648,0x00000006eca00000)
 Metaspace       used 6663K, capacity 7320K, committed 7680K, reserved 1056768K
  class space    used 631K, capacity 656K, committed 768K, reserved 1048576K
Event: 15.274 GC heap after
Heap after GC invocations=21 (full 4):
 PSYoungGen      total 822272K, used 202194K [0x000000076ab00000, 0x00000007b2e80000, 0x00000007c0000000)
  eden space 601600K, 0% used [0x000000076ab00000,0x000000076ab00000,0x000000078f680000)
  from space 220672K, 91% used [0x000000078f680000,0x000000079bbf4ae8,0x000000079ce00000)
  to   space 250880K, 0% used [0x00000007a3980000,0x00000007a3980000,0x00000007b2e80000)
 ParOldGen       total 731136K, used 490029K [0x00000006c0000000, 0x00000006eca00000, 0x000000076ab00000)
  object space 731136K, 67% used [0x00000006c0000000,0x00000006dde8b648,0x00000006eca00000)
 Metaspace       used 6663K, capacity 7320K, committed 7680K, reserved 1056768K
  class space    used 631K, capacity 656K, committed 768K, reserved 1048576K
}

