# JRE version: Java(TM) SE Runtime Environment (8.0_161-b12) (build 1.8.0_161-b12)
# Java VM: Java HotSpot(TM) 64-Bit Server VM (25.161-b12 mixed mode windows-amd64 compressed oops)
Heap:
 PSYoungGen      total 119296K, used 63995K [0x00000000daf00000, 0x00000000e2800000, 0x0000000100000000)
  eden space 114688K, 51% used [0x00000000daf00000,0x00000000de902598,0x00000000e1f00000)
  from space 4608K, 99% used [0x00000000e2380000,0x00000000e27fc6e8,0x00000000e2800000)
  to   space 4608K, 0% used [0x00000000e1f00000,0x00000000e1f00000,0x00000000e2380000)
 ParOldGen       total 76800K, used 16252K [0x0000000090c00000, 0x0000000095700000, 0x00000000daf00000)
  object space 76800K, 21% used [0x0000000090c00000,0x0000000091bdf370,0x0000000095700000)
 Metaspace       used 3898K, capacity 5144K, committed 5376K, reserved 1056768K
  class space    used 415K, capacity 456K, committed 512K, reserved 1048576K
GC Heap History (8 events):
Event: 0.335 GC heap before
{Heap before GC invocations=1 (full 0):
 PSYoungGen      total 33280K, used 28672K [0x00000000daf00000, 0x00000000dd400000, 0x0000000100000000)
  eden space 28672K, 100% used [0x00000000daf00000,0x00000000dcb00000,0x00000000dcb00000)
  from space 4608K, 0% used [0x00000000dcf80000,0x00000000dcf80000,0x00000000dd400000)
  to   space 4608K, 0% used [0x00000000dcb00000,0x00000000dcb00000,0x00000000dcf80000)
 ParOldGen       total 76800K, used 0K [0x0000000090c00000, 0x0000000095700000, 0x00000000daf00000)
  object space 76800K, 0% used [0x0000000090c00000,0x0000000090c00000,0x0000000095700000)
 Metaspace       used 3853K, capacity 5080K, committed 5376K, reserved 1056768K
  class space    used 411K, capacity 456K, committed 512K, reserved 1048576K
Event: 0.340 GC heap after
Heap after GC invocations=1 (full 0):
 PSYoungGen      total 33280K, used 3933K [0x00000000daf00000, 0x00000000df000000, 0x0000000100000000)
  eden space 28672K, 0% used [0x00000000daf00000,0x00000000daf00000,0x00000000dcb00000)
  from space 4608K, 85% used [0x00000000dcb00000,0x00000000dced7598,0x00000000dcf80000)
  to   space 4608K, 0% used [0x00000000deb80000,0x00000000deb80000,0x00000000df000000)
 ParOldGen       total 76800K, used 8K [0x0000000090c00000, 0x0000000095700000, 0x00000000daf00000)
  object space 76800K, 0% used [0x0000000090c00000,0x0000000090c02000,0x0000000095700000)
 Metaspace       used 3853K, capacity 5080K, committed 5376K, reserved 1056768K
  class space    used 411K, capacity 456K, committed 512K, reserved 1048576K
}
Event: 0.445 GC heap before
{Heap before GC invocations=2 (full 0):
 PSYoungGen      total 33280K, used 32605K [0x00000000daf00000, 0x00000000df000000, 0x0000000100000000)
  eden space 28672K, 100% used [0x00000000daf00000,0x00000000dcb00000,0x00000000dcb00000)
  from space 4608K, 85% used [0x00000000dcb00000,0x00000000dced7598,0x00000000dcf80000)
  to   space 4608K, 0% used [0x00000000deb80000,0x00000000deb80000,0x00000000df000000)
 ParOldGen       total 76800K, used 8K [0x0000000090c00000, 0x0000000095700000, 0x00000000daf00000)
  object space 76800K, 0% used [0x0000000090c00000,0x0000000090c02000,0x0000000095700000)
 Metaspace       used 3870K, capacity 5144K, committed 5376K, reserved 1056768K
  class space    used 412K, capacity 456K, committed 512K, reserved 1048576K
Event: 0.455 GC heap after
Heap after GC invocations=2 (full 0):
 PSYoungGen      total 61952K, used 4585K [0x00000000daf00000, 0x00000000df000000, 0x0000000100000000)
  eden space 57344K, 0% used [0x00000000daf00000,0x00000000daf00000,0x00000000de700000)
  from space 4608K, 99% used [0x00000000deb80000,0x00000000deffa448,0x00000000df000000)
  to   space 4608K, 0% used [0x00000000de700000,0x00000000de700000,0x00000000deb80000)
 ParOldGen       total 76800K, used 297K [0x0000000090c00000, 0x0000000095700000, 0x00000000daf00000)
  object space 76800K, 0% used [0x0000000090c00000,0x0000000090c4a708,0x0000000095700000)
 Metaspace       used 3870K, capacity 5144K, committed 5376K, reserved 1056768K
  class space    used 412K, capacity 456K, committed 512K, reserved 1048576K
}
Event: 0.638 GC heap before
{Heap before GC invocations=3 (full 0):
 PSYoungGen      total 61952K, used 61929K [0x00000000daf00000, 0x00000000df000000, 0x0000000100000000)
  eden space 57344K, 100% used [0x00000000daf00000,0x00000000de700000,0x00000000de700000)
  from space 4608K, 99% used [0x00000000deb80000,0x00000000deffa448,0x00000000df000000)
  to   space 4608K, 0% used [0x00000000de700000,0x00000000de700000,0x00000000deb80000)
 ParOldGen       total 76800K, used 297K [0x0000000090c00000, 0x0000000095700000, 0x00000000daf00000)
  object space 76800K, 0% used [0x0000000090c00000,0x0000000090c4a708,0x0000000095700000)
 Metaspace       used 3897K, capacity 5144K, committed 5376K, reserved 1056768K
  class space    used 415K, capacity 456K, committed 512K, reserved 1048576K
Event: 0.652 GC heap after
Heap after GC invocations=3 (full 0):
 PSYoungGen      total 61952K, used 4588K [0x00000000daf00000, 0x00000000e2800000, 0x0000000100000000)
  eden space 57344K, 0% used [0x00000000daf00000,0x00000000daf00000,0x00000000de700000)
  from space 4608K, 99% used [0x00000000de700000,0x00000000deb7b070,0x00000000deb80000)
  to   space 4608K, 0% used [0x00000000e2380000,0x00000000e2380000,0x00000000e2800000)
 ParOldGen       total 76800K, used 7725K [0x0000000090c00000, 0x0000000095700000, 0x00000000daf00000)
  object space 76800K, 10% used [0x0000000090c00000,0x000000009138b5f8,0x0000000095700000)
 Metaspace       used 3897K, capacity 5144K, committed 5376K, reserved 1056768K
  class space    used 415K, capacity 456K, committed 512K, reserved 1048576K
}
Event: 0.803 GC heap before
{Heap before GC invocations=4 (full 0):
 PSYoungGen      total 61952K, used 61932K [0x00000000daf00000, 0x00000000e2800000, 0x0000000100000000)
  eden space 57344K, 100% used [0x00000000daf00000,0x00000000de700000,0x00000000de700000)
  from space 4608K, 99% used [0x00000000de700000,0x00000000deb7b070,0x00000000deb80000)
  to   space 4608K, 0% used [0x00000000e2380000,0x00000000e2380000,0x00000000e2800000)
 ParOldGen       total 76800K, used 7725K [0x0000000090c00000, 0x0000000095700000, 0x00000000daf00000)
  object space 76800K, 10% used [0x0000000090c00000,0x000000009138b5f8,0x0000000095700000)
 Metaspace       used 3897K, capacity 5144K, committed 5376K, reserved 1056768K
  class space    used 415K, capacity 456K, committed 512K, reserved 1048576K
Event: 0.815 GC heap after
Heap after GC invocations=4 (full 0):
 PSYoungGen      total 119296K, used 4593K [0x00000000daf00000, 0x00000000e2800000, 0x0000000100000000)
  eden space 114688K, 0% used [0x00000000daf00000,0x00000000daf00000,0x00000000e1f00000)
  from space 4608K, 99% used [0x00000000e2380000,0x00000000e27fc6e8,0x00000000e2800000)
  to   space 4608K, 0% used [0x00000000e1f00000,0x00000000e1f00000,0x00000000e2380000)
 ParOldGen       total 76800K, used 16252K [0x0000000090c00000, 0x0000000095700000, 0x00000000daf00000)
  object space 76800K, 21% used [0x0000000090c00000,0x0000000091bdf370,0x0000000095700000)
 Metaspace       used 3897K, capacity 5144K, committed 5376K, reserved 1056768K
  class space    used 415K, capacity 456K, committed 512K, reserved 1048576K
}

