# JRE version: Java(TM) SE Runtime Environment (8.0_161-b12) (build 1.8.0_161-b12)
# Java VM: Java HotSpot(TM) 64-Bit Server VM (25.161-b12 mixed mode windows-amd64 compressed oops)
Heap:
 PSYoungGen      total 714752K, used 280422K [0x000000076ab00000, 0x00000007ae400000, 0x00000007c0000000)
  eden space 531968K, 18% used [0x000000076ab00000,0x0000000770a5c1d0,0x000000078b280000)
  from space 182784K, 99% used [0x000000078b280000,0x00000007964fd8c8,0x0000000796500000)
  to   space 222720K, 0% used [0x00000007a0a80000,0x00000007a0a80000,0x00000007ae400000)
 ParOldGen       total 436224K, used 345441K [0x00000006c0000000, 0x00000006daa00000, 0x000000076ab00000)
  object space 436224K, 79% used [0x00000006c0000000,0x00000006d51585e8,0x00000006daa00000)
 Metaspace       used 6661K, capacity 7320K, committed 7680K, reserved 1056768K
  class space    used 631K, capacity 656K, committed 768K, reserved 1048576K
GC Heap History (10 events):
Event: 5.970 GC heap before
{Heap before GC invocations=14 (full 2):
 PSYoungGen      total 479744K, used 459807K [0x000000076ab00000, 0x0000000793880000, 0x00000007c0000000)
  eden space 385536K, 100% used [0x000000076ab00000,0x0000000782380000,0x0000000782380000)
  from space 94208K, 78% used [0x0000000782380000,0x0000000786c07cc0,0x0000000787f80000)
  to   space 102912K, 0% used [0x000000078d400000,0x000000078d400000,0x0000000793880000)
 ParOldGen       total 274944K, used 177368K [0x00000006c0000000, 0x00000006d0c80000, 0x000000076ab00000)
  object space 274944K, 64% used [0x00000006c0000000,0x00000006cad362c0,0x00000006d0c80000)
 Metaspace       used 6652K, capacity 7320K, committed 7680K, reserved 1056768K
  class space    used 629K, capacity 656K, committed 768K, reserved 1048576K
Event: 6.150 GC heap after
Heap after GC invocations=14 (full 2):
 PSYoungGen      total 536576K, used 102902K [0x000000076ab00000, 0x0000000798100000, 0x00000007c0000000)
  eden space 433664K, 0% used [0x000000076ab00000,0x000000076ab00000,0x0000000785280000)
  from space 102912K, 99% used [0x000000078d400000,0x000000079387dbc8,0x0000000793880000)
  to   space 132608K, 0% used [0x0000000785280000,0x0000000785280000,0x000000078d400000)
 ParOldGen       total 274944K, used 208979K [0x00000006c0000000, 0x00000006d0c80000, 0x000000076ab00000)
  object space 274944K, 76% used [0x00000006c0000000,0x00000006ccc14d18,0x00000006d0c80000)
 Metaspace       used 6652K, capacity 7320K, committed 7680K, reserved 1056768K
  class space    used 629K, capacity 656K, committed 768K, reserved 1048576K
}
Event: 6.926 GC heap before
{Heap before GC invocations=15 (full 2):
 PSYoungGen      total 536576K, used 536566K [0x000000076ab00000, 0x0000000798100000, 0x00000007c0000000)
  eden space 433664K, 100% used [0x000000076ab00000,0x0000000785280000,0x0000000785280000)
  from space 102912K, 99% used [0x000000078d400000,0x000000079387dbc8,0x0000000793880000)
  to   space 132608K, 0% used [0x0000000785280000,0x0000000785280000,0x000000078d400000)
 ParOldGen       total 274944K, used 208979K [0x00000006c0000000, 0x00000006d0c80000, 0x000000076ab00000)
  object space 274944K, 76% used [0x00000006c0000000,0x00000006ccc14d18,0x00000006d0c80000)
 Metaspace       used 6657K, capacity 7320K, committed 7680K, reserved 1056768K
  class space    used 630K, capacity 656K, committed 768K, reserved 1048576K
Event: 7.086 GC heap after
Heap after GC invocations=15 (full 2):
 PSYoungGen      total 566272K, used 132585K [0x000000076ab00000, 0x00000007a0c80000, 0x00000007c0000000)
  eden space 433664K, 0% used [0x000000076ab00000,0x000000076ab00000,0x0000000785280000)
  from space 132608K, 99% used [0x0000000785280000,0x000000078d3fa440,0x000000078d400000)
  to   space 171520K, 0% used [0x0000000796500000,0x0000000796500000,0x00000007a0c80000)
 ParOldGen       total 274944K, used 251805K [0x00000006c0000000, 0x00000006d0c80000, 0x000000076ab00000)
  object space 274944K, 91% used [0x00000006c0000000,0x00000006cf5e77a8,0x00000006d0c80000)
 Metaspace       used 6657K, capacity 7320K, committed 7680K, reserved 1056768K
  class space    used 630K, capacity 656K, committed 768K, reserved 1048576K
}
Event: 7.086 GC heap before
{Heap before GC invocations=16 (full 3):
 PSYoungGen      total 566272K, used 132585K [0x000000076ab00000, 0x00000007a0c80000, 0x00000007c0000000)
  eden space 433664K, 0% used [0x000000076ab00000,0x000000076ab00000,0x0000000785280000)
  from space 132608K, 99% used [0x0000000785280000,0x000000078d3fa440,0x000000078d400000)
  to   space 171520K, 0% used [0x0000000796500000,0x0000000796500000,0x00000007a0c80000)
 ParOldGen       total 274944K, used 251805K [0x00000006c0000000, 0x00000006d0c80000, 0x000000076ab00000)
  object space 274944K, 91% used [0x00000006c0000000,0x00000006cf5e77a8,0x00000006d0c80000)
 Metaspace       used 6657K, capacity 7320K, committed 7680K, reserved 1056768K
  class space    used 630K, capacity 656K, committed 768K, reserved 1048576K
Event: 7.966 GC heap after
Heap after GC invocations=16 (full 3):
 PSYoungGen      total 566272K, used 101591K [0x000000076ab00000, 0x00000007a0c80000, 0x00000007c0000000)
  eden space 433664K, 0% used [0x000000076ab00000,0x000000076ab00000,0x0000000785280000)
  from space 132608K, 76% used [0x0000000785280000,0x000000078b5b5e30,0x000000078d400000)
  to   space 171520K, 0% used [0x0000000796500000,0x0000000796500000,0x00000007a0c80000)
 ParOldGen       total 436224K, used 274597K [0x00000006c0000000, 0x00000006daa00000, 0x000000076ab00000)
  object space 436224K, 62% used [0x00000006c0000000,0x00000006d0c29610,0x00000006daa00000)
 Metaspace       used 6657K, capacity 7320K, committed 7680K, reserved 1056768K
  class space    used 630K, capacity 656K, committed 768K, reserved 1048576K
}
Event: 8.692 GC heap before
{Heap before GC invocations=17 (full 3):
 PSYoungGen      total 566272K, used 535255K [0x000000076ab00000, 0x00000007a0c80000, 0x00000007c0000000)
  eden space 433664K, 100% used [0x000000076ab00000,0x0000000785280000,0x0000000785280000)
  from space 132608K, 76% used [0x0000000785280000,0x000000078b5b5e30,0x000000078d400000)
  to   space 171520K, 0% used [0x0000000796500000,0x0000000796500000,0x00000007a0c80000)
 ParOldGen       total 436224K, used 274597K [0x00000006c0000000, 0x00000006daa00000, 0x000000076ab00000)
  object space 436224K, 62% used [0x00000006c0000000,0x00000006d0c29610,0x00000006daa00000)
 Metaspace       used 6658K, capacity 7320K, committed 7680K, reserved 1056768K
  class space    used 631K, capacity 656K, committed 768K, reserved 1048576K
Event: 8.882 GC heap after
Heap after GC invocations=17 (full 3):
 PSYoungGen      total 703488K, used 120797K [0x000000076ab00000, 0x00000007a1800000, 0x00000007c0000000)
  eden space 531968K, 0% used [0x000000076ab00000,0x000000076ab00000,0x000000078b280000)
  from space 171520K, 70% used [0x0000000796500000,0x000000079daf7648,0x00000007a0c80000)
  to   space 182784K, 0% used [0x000000078b280000,0x000000078b280000,0x0000000796500000)
 ParOldGen       total 436224K, used 322757K [0x00000006c0000000, 0x00000006daa00000, 0x000000076ab00000)
  object space 436224K, 73% used [0x00000006c0000000,0x00000006d3b317c0,0x00000006daa00000)
 Metaspace       used 6658K, capacity 7320K, committed 7680K, reserved 1056768K
  class space    used 631K, capacity 656K, committed 768K, reserved 1048576K
}
Event: 9.673 GC heap before
{Heap before GC invocations=18 (full 3):
 PSYoungGen      total 703488K, used 652765K [0x000000076ab00000, 0x00000007a1800000, 0x00000007c0000000)
  eden space 531968K, 100% used [0x000000076ab00000,0x000000078b280000,0x000000078b280000)
  from space 171520K, 70% used [0x0000000796500000,0x000000079daf7648,0x00000007a0c80000)
  to   space 182784K, 0% used [0x000000078b280000,0x000000078b280000,0x0000000796500000)
 ParOldGen       total 436224K, used 322757K [0x00000006c0000000, 0x00000006daa00000, 0x000000076ab00000)
  object space 436224K, 73% used [0x00000006c0000000,0x00000006d3b317c0,0x00000006daa00000)
 Metaspace       used 6661K, capacity 7320K, committed 7680K, reserved 1056768K
  class space    used 631K, capacity 656K, committed 768K, reserved 1048576K
Event: 9.862 GC heap after
Heap after GC invocations=18 (full 3):
 PSYoungGen      total 714752K, used 182774K [0x000000076ab00000, 0x00000007ae400000, 0x00000007c0000000)
  eden space 531968K, 0% used [0x000000076ab00000,0x000000076ab00000,0x000000078b280000)
  from space 182784K, 99% used [0x000000078b280000,0x00000007964fd8c8,0x0000000796500000)
  to   space 222720K, 0% used [0x00000007a0a80000,0x00000007a0a80000,0x00000007ae400000)
 ParOldGen       total 436224K, used 345441K [0x00000006c0000000, 0x00000006daa00000, 0x000000076ab00000)
  object space 436224K, 79% used [0x00000006c0000000,0x00000006d51585e8,0x00000006daa00000)
 Metaspace       used 6661K, capacity 7320K, committed 7680K, reserved 1056768K
  class space    used 631K, capacity 656K, committed 768K, reserved 1048576K
}

