# JRE version: Java(TM) SE Runtime Environment (8.0_161-b12) (build 1.8.0_161-b12)
# Java VM: Java HotSpot(TM) 64-Bit Server VM (25.161-b12 mixed mode windows-amd64 compressed oops)
Heap:
 PSYoungGen      total 251392K, used 108698K [0x000000076ab00000, 0x000000078be00000, 0x00000007c0000000)
  eden space 224256K, 46% used [0x000000076ab00000,0x00000007711b0708,0x0000000778600000)
  from space 27136K, 13% used [0x0000000778600000,0x0000000778976210,0x000000077a080000)
  to   space 47616K, 0% used [0x0000000788f80000,0x0000000788f80000,0x000000078be00000)
 ParOldGen       total 76800K, used 76740K [0x00000006c0000000, 0x00000006c4b00000, 0x000000076ab00000)
  object space 76800K, 99% used [0x00000006c0000000,0x00000006c4af13f0,0x00000006c4b00000)
 Metaspace       used 6786K, capacity 7320K, committed 7680K, reserved 1056768K
  class space    used 644K, capacity 656K, committed 768K, reserved 1048576K
GC Heap History (10 events):
Event: 0.714 GC heap before
{Heap before GC invocations=4 (full 0):
 PSYoungGen      total 61952K, used 60542K [0x000000076ab00000, 0x0000000772400000, 0x00000007c0000000)
  eden space 57344K, 100% used [0x000000076ab00000,0x000000076e300000,0x000000076e300000)
  from space 4608K, 69% used [0x000000076e300000,0x000000076e61fbf8,0x000000076e780000)
  to   space 4608K, 0% used [0x0000000771f80000,0x0000000771f80000,0x0000000772400000)
 ParOldGen       total 76800K, used 16K [0x00000006c0000000, 0x00000006c4b00000, 0x000000076ab00000)
  object space 76800K, 0% used [0x00000006c0000000,0x00000006c0004000,0x00000006c4b00000)
 Metaspace       used 6340K, capacity 7064K, committed 7424K, reserved 1056768K
  class space    used 623K, capacity 656K, committed 768K, reserved 1048576K
Event: 0.728 GC heap after
Heap after GC invocations=4 (full 0):
 PSYoungGen      total 119296K, used 4583K [0x000000076ab00000, 0x0000000772400000, 0x00000007c0000000)
  eden space 114688K, 0% used [0x000000076ab00000,0x000000076ab00000,0x0000000771b00000)
  from space 4608K, 99% used [0x0000000771f80000,0x00000007723f9e10,0x0000000772400000)
  to   space 4608K, 0% used [0x0000000771b00000,0x0000000771b00000,0x0000000771f80000)
 ParOldGen       total 76800K, used 9008K [0x00000006c0000000, 0x00000006c4b00000, 0x000000076ab00000)
  object space 76800K, 11% used [0x00000006c0000000,0x00000006c08cc0f8,0x00000006c4b00000)
 Metaspace       used 6340K, capacity 7064K, committed 7424K, reserved 1056768K
  class space    used 623K, capacity 656K, committed 768K, reserved 1048576K
}
Event: 1.093 GC heap before
{Heap before GC invocations=5 (full 0):
 PSYoungGen      total 119296K, used 119271K [0x000000076ab00000, 0x0000000772400000, 0x00000007c0000000)
  eden space 114688K, 100% used [0x000000076ab00000,0x0000000771b00000,0x0000000771b00000)
  from space 4608K, 99% used [0x0000000771f80000,0x00000007723f9e10,0x0000000772400000)
  to   space 4608K, 0% used [0x0000000771b00000,0x0000000771b00000,0x0000000771f80000)
 ParOldGen       total 76800K, used 9008K [0x00000006c0000000, 0x00000006c4b00000, 0x000000076ab00000)
  object space 76800K, 11% used [0x00000006c0000000,0x00000006c08cc0f8,0x00000006c4b00000)
 Metaspace       used 6641K, capacity 7256K, committed 7424K, reserved 1056768K
  class space    used 644K, capacity 656K, committed 768K, reserved 1048576K
Event: 1.123 GC heap after
Heap after GC invocations=5 (full 0):
 PSYoungGen      total 119296K, used 4592K [0x000000076ab00000, 0x000000077b600000, 0x00000007c0000000)
  eden space 114688K, 0% used [0x000000076ab00000,0x000000076ab00000,0x0000000771b00000)
  from space 4608K, 99% used [0x0000000771b00000,0x0000000771f7c168,0x0000000771f80000)
  to   space 22016K, 0% used [0x000000077a080000,0x000000077a080000,0x000000077b600000)
 ParOldGen       total 76800K, used 26353K [0x00000006c0000000, 0x00000006c4b00000, 0x000000076ab00000)
  object space 76800K, 34% used [0x00000006c0000000,0x00000006c19bc650,0x00000006c4b00000)
 Metaspace       used 6641K, capacity 7256K, committed 7424K, reserved 1056768K
  class space    used 644K, capacity 656K, committed 768K, reserved 1048576K
}
Event: 1.391 GC heap before
{Heap before GC invocations=6 (full 0):
 PSYoungGen      total 119296K, used 119280K [0x000000076ab00000, 0x000000077b600000, 0x00000007c0000000)
  eden space 114688K, 100% used [0x000000076ab00000,0x0000000771b00000,0x0000000771b00000)
  from space 4608K, 99% used [0x0000000771b00000,0x0000000771f7c168,0x0000000771f80000)
  to   space 22016K, 0% used [0x000000077a080000,0x000000077a080000,0x000000077b600000)
 ParOldGen       total 76800K, used 26353K [0x00000006c0000000, 0x00000006c4b00000, 0x000000076ab00000)
  object space 76800K, 34% used [0x00000006c0000000,0x00000006c19bc650,0x00000006c4b00000)
 Metaspace       used 6734K, capacity 7256K, committed 7424K, reserved 1056768K
  class space    used 644K, capacity 656K, committed 768K, reserved 1048576K
Event: 1.422 GC heap after
Heap after GC invocations=6 (full 0):
 PSYoungGen      total 246272K, used 21985K [0x000000076ab00000, 0x000000077c000000, 0x00000007c0000000)
  eden space 224256K, 0% used [0x000000076ab00000,0x000000076ab00000,0x0000000778600000)
  from space 22016K, 99% used [0x000000077a080000,0x000000077b5f86b0,0x000000077b600000)
  to   space 27136K, 0% used [0x0000000778600000,0x0000000778600000,0x000000077a080000)
 ParOldGen       total 76800K, used 26922K [0x00000006c0000000, 0x00000006c4b00000, 0x000000076ab00000)
  object space 76800K, 35% used [0x00000006c0000000,0x00000006c1a4a990,0x00000006c4b00000)
 Metaspace       used 6734K, capacity 7256K, committed 7424K, reserved 1056768K
  class space    used 644K, capacity 656K, committed 768K, reserved 1048576K
}
Event: 1.999 GC heap before
{Heap before GC invocations=7 (full 0):
 PSYoungGen      total 246272K, used 246241K [0x000000076ab00000, 0x000000077c000000, 0x00000007c0000000)
  eden space 224256K, 100% used [0x000000076ab00000,0x0000000778600000,0x0000000778600000)
  from space 22016K, 99% used [0x000000077a080000,0x000000077b5f86b0,0x000000077b600000)
  to   space 27136K, 0% used [0x0000000778600000,0x0000000778600000,0x000000077a080000)
 ParOldGen       total 76800K, used 26922K [0x00000006c0000000, 0x00000006c4b00000, 0x000000076ab00000)
  object space 76800K, 35% used [0x00000006c0000000,0x00000006c1a4a990,0x00000006c4b00000)
 Metaspace       used 6776K, capacity 7320K, committed 7680K, reserved 1056768K
  class space    used 644K, capacity 656K, committed 768K, reserved 1048576K
Event: 2.057 GC heap after
Heap after GC invocations=7 (full 0):
 PSYoungGen      total 251392K, used 27111K [0x000000076ab00000, 0x000000078be00000, 0x00000007c0000000)
  eden space 224256K, 0% used [0x000000076ab00000,0x000000076ab00000,0x0000000778600000)
  from space 27136K, 99% used [0x0000000778600000,0x000000077a079d60,0x000000077a080000)
  to   space 47616K, 0% used [0x0000000788f80000,0x0000000788f80000,0x000000078be00000)
 ParOldGen       total 76800K, used 55434K [0x00000006c0000000, 0x00000006c4b00000, 0x000000076ab00000)
  object space 76800K, 72% used [0x00000006c0000000,0x00000006c3622a50,0x00000006c4b00000)
 Metaspace       used 6776K, capacity 7320K, committed 7680K, reserved 1056768K
  class space    used 644K, capacity 656K, committed 768K, reserved 1048576K
}
Event: 2.058 GC heap before
{Heap before GC invocations=8 (full 1):
 PSYoungGen      total 251392K, used 27111K [0x000000076ab00000, 0x000000078be00000, 0x00000007c0000000)
  eden space 224256K, 0% used [0x000000076ab00000,0x000000076ab00000,0x0000000778600000)
  from space 27136K, 99% used [0x0000000778600000,0x000000077a079d60,0x000000077a080000)
  to   space 47616K, 0% used [0x0000000788f80000,0x0000000788f80000,0x000000078be00000)
 ParOldGen       total 76800K, used 55434K [0x00000006c0000000, 0x00000006c4b00000, 0x000000076ab00000)
  object space 76800K, 72% used [0x00000006c0000000,0x00000006c3622a50,0x00000006c4b00000)
 Metaspace       used 6776K, capacity 7320K, committed 7680K, reserved 1056768K
  class space    used 644K, capacity 656K, committed 768K, reserved 1048576K
Event: 2.423 GC heap after
Heap after GC invocations=8 (full 1):
 PSYoungGen      total 251392K, used 3544K [0x000000076ab00000, 0x000000078be00000, 0x00000007c0000000)
  eden space 224256K, 0% used [0x000000076ab00000,0x000000076ab00000,0x0000000778600000)
  from space 27136K, 13% used [0x0000000778600000,0x0000000778976210,0x000000077a080000)
  to   space 47616K, 0% used [0x0000000788f80000,0x0000000788f80000,0x000000078be00000)
 ParOldGen       total 76800K, used 76740K [0x00000006c0000000, 0x00000006c4b00000, 0x000000076ab00000)
  object space 76800K, 99% used [0x00000006c0000000,0x00000006c4af13f0,0x00000006c4b00000)
 Metaspace       used 6776K, capacity 7320K, committed 7680K, reserved 1056768K
  class space    used 644K, capacity 656K, committed 768K, reserved 1048576K
}

