# JRE version: Java(TM) SE Runtime Environment (8.0_161-b12) (build 1.8.0_161-b12)
# Java VM: Java HotSpot(TM) 64-Bit Server VM (25.161-b12 mixed mode windows-amd64 compressed oops)
Heap:
 PSYoungGen      total 635392K, used 524800K [0x000000076ab00000, 0x00000007a3100000, 0x00000007c0000000)
  eden space 524800K, 100% used [0x000000076ab00000,0x000000078ab80000,0x000000078ab80000)
  from space 110592K, 0% used [0x000000078ab80000,0x000000078ab80000,0x0000000791780000)
  to   space 121856K, 0% used [0x000000079ba00000,0x000000079ba00000,0x00000007a3100000)
 ParOldGen       total 261120K, used 260910K [0x00000006c0000000, 0x00000006cff00000, 0x000000076ab00000)
  object space 261120K, 99% used [0x00000006c0000000,0x00000006cfecb9f8,0x00000006cff00000)
 Metaspace       used 7055K, capacity 7672K, committed 7936K, reserved 1056768K
  class space    used 652K, capacity 688K, committed 768K, reserved 1048576K
GC Heap History (10 events):
Event: 21.669 GC heap before
{Heap before GC invocations=25 (full 12):
 PSYoungGen      total 635392K, used 524800K [0x000000076ab00000, 0x00000007a3100000, 0x00000007c0000000)
  eden space 524800K, 100% used [0x000000076ab00000,0x000000078ab80000,0x000000078ab80000)
  from space 110592K, 0% used [0x000000078ab80000,0x000000078ab80000,0x0000000791780000)
  to   space 121856K, 0% used [0x000000079ba00000,0x000000079ba00000,0x00000007a3100000)
 ParOldGen       total 261120K, used 260934K [0x00000006c0000000, 0x00000006cff00000, 0x000000076ab00000)
  object space 261120K, 99% used [0x00000006c0000000,0x00000006cfed1b30,0x00000006cff00000)
 Metaspace       used 6650K, capacity 7320K, committed 7680K, reserved 1056768K
  class space    used 631K, capacity 656K, committed 768K, reserved 1048576K
Event: 22.606 GC heap after
Heap after GC invocations=25 (full 12):
 PSYoungGen      total 635392K, used 428972K [0x000000076ab00000, 0x00000007a3100000, 0x00000007c0000000)
  eden space 524800K, 81% used [0x000000076ab00000,0x0000000784deb2d0,0x000000078ab80000)
  from space 110592K, 0% used [0x000000078ab80000,0x000000078ab80000,0x0000000791780000)
  to   space 121856K, 0% used [0x000000079ba00000,0x000000079ba00000,0x00000007a3100000)
 ParOldGen       total 261120K, used 260933K [0x00000006c0000000, 0x00000006cff00000, 0x000000076ab00000)
  object space 261120K, 99% used [0x00000006c0000000,0x00000006cfed17d0,0x00000006cff00000)
 Metaspace       used 6650K, capacity 7320K, committed 7680K, reserved 1056768K
  class space    used 631K, capacity 656K, committed 768K, reserved 1048576K
}
Event: 22.767 GC heap before
{Heap before GC invocations=26 (full 13):
 PSYoungGen      total 635392K, used 524800K [0x000000076ab00000, 0x00000007a3100000, 0x00000007c0000000)
  eden space 524800K, 100% used [0x000000076ab00000,0x000000078ab80000,0x000000078ab80000)
  from space 110592K, 0% used [0x000000078ab80000,0x000000078ab80000,0x0000000791780000)
  to   space 121856K, 0% used [0x000000079ba00000,0x000000079ba00000,0x00000007a3100000)
 ParOldGen       total 261120K, used 260933K [0x00000006c0000000, 0x00000006cff00000, 0x000000076ab00000)
  object space 261120K, 99% used [0x00000006c0000000,0x00000006cfed17d0,0x00000006cff00000)
 Metaspace       used 6650K, capacity 7320K, committed 7680K, reserved 1056768K
  class space    used 631K, capacity 656K, committed 768K, reserved 1048576K
Event: 23.778 GC heap after
Heap after GC invocations=26 (full 13):
 PSYoungGen      total 635392K, used 443787K [0x000000076ab00000, 0x00000007a3100000, 0x00000007c0000000)
  eden space 524800K, 84% used [0x000000076ab00000,0x0000000785c62dc8,0x000000078ab80000)
  from space 110592K, 0% used [0x000000078ab80000,0x000000078ab80000,0x0000000791780000)
  to   space 121856K, 0% used [0x000000079ba00000,0x000000079ba00000,0x00000007a3100000)
 ParOldGen       total 261120K, used 260933K [0x00000006c0000000, 0x00000006cff00000, 0x000000076ab00000)
  object space 261120K, 99% used [0x00000006c0000000,0x00000006cfed1570,0x00000006cff00000)
 Metaspace       used 6650K, capacity 7320K, committed 7680K, reserved 1056768K
  class space    used 631K, capacity 656K, committed 768K, reserved 1048576K
}
Event: 23.960 GC heap before
{Heap before GC invocations=27 (full 14):
 PSYoungGen      total 635392K, used 524800K [0x000000076ab00000, 0x00000007a3100000, 0x00000007c0000000)
  eden space 524800K, 100% used [0x000000076ab00000,0x000000078ab80000,0x000000078ab80000)
  from space 110592K, 0% used [0x000000078ab80000,0x000000078ab80000,0x0000000791780000)
  to   space 121856K, 0% used [0x000000079ba00000,0x000000079ba00000,0x00000007a3100000)
 ParOldGen       total 261120K, used 260933K [0x00000006c0000000, 0x00000006cff00000, 0x000000076ab00000)
  object space 261120K, 99% used [0x00000006c0000000,0x00000006cfed1570,0x00000006cff00000)
 Metaspace       used 6712K, capacity 7320K, committed 7680K, reserved 1056768K
  class space    used 635K, capacity 656K, committed 768K, reserved 1048576K
Event: 26.226 GC heap after
Heap after GC invocations=27 (full 14):
 PSYoungGen      total 635392K, used 451581K [0x000000076ab00000, 0x00000007a3100000, 0x00000007c0000000)
  eden space 524800K, 86% used [0x000000076ab00000,0x00000007863ff4d8,0x000000078ab80000)
  from space 110592K, 0% used [0x000000078ab80000,0x000000078ab80000,0x0000000791780000)
  to   space 121856K, 0% used [0x000000079ba00000,0x000000079ba00000,0x00000007a3100000)
 ParOldGen       total 261120K, used 261061K [0x00000006c0000000, 0x00000006cff00000, 0x000000076ab00000)
  object space 261120K, 99% used [0x00000006c0000000,0x00000006cfef16d8,0x00000006cff00000)
 Metaspace       used 6712K, capacity 7320K, committed 7680K, reserved 1056768K
  class space    used 635K, capacity 656K, committed 768K, reserved 1048576K
}
Event: 26.351 GC heap before
{Heap before GC invocations=28 (full 15):
 PSYoungGen      total 635392K, used 524800K [0x000000076ab00000, 0x00000007a3100000, 0x00000007c0000000)
  eden space 524800K, 100% used [0x000000076ab00000,0x000000078ab80000,0x000000078ab80000)
  from space 110592K, 0% used [0x000000078ab80000,0x000000078ab80000,0x0000000791780000)
  to   space 121856K, 0% used [0x000000079ba00000,0x000000079ba00000,0x00000007a3100000)
 ParOldGen       total 261120K, used 261061K [0x00000006c0000000, 0x00000006cff00000, 0x000000076ab00000)
  object space 261120K, 99% used [0x00000006c0000000,0x00000006cfef16d8,0x00000006cff00000)
 Metaspace       used 6719K, capacity 7320K, committed 7680K, reserved 1056768K
  class space    used 635K, capacity 656K, committed 768K, reserved 1048576K
Event: 27.711 GC heap after
Heap after GC invocations=28 (full 15):
 PSYoungGen      total 635392K, used 462492K [0x000000076ab00000, 0x00000007a3100000, 0x00000007c0000000)
  eden space 524800K, 88% used [0x000000076ab00000,0x0000000786ea70c8,0x000000078ab80000)
  from space 110592K, 0% used [0x000000078ab80000,0x000000078ab80000,0x0000000791780000)
  to   space 121856K, 0% used [0x000000079ba00000,0x000000079ba00000,0x00000007a3100000)
 ParOldGen       total 261120K, used 260910K [0x00000006c0000000, 0x00000006cff00000, 0x000000076ab00000)
  object space 261120K, 99% used [0x00000006c0000000,0x00000006cfecbb78,0x00000006cff00000)
 Metaspace       used 6719K, capacity 7320K, committed 7680K, reserved 1056768K
  class space    used 635K, capacity 656K, committed 768K, reserved 1048576K
}
Event: 27.834 GC heap before
{Heap before GC invocations=29 (full 16):
 PSYoungGen      total 635392K, used 524800K [0x000000076ab00000, 0x00000007a3100000, 0x00000007c0000000)
  eden space 524800K, 100% used [0x000000076ab00000,0x000000078ab80000,0x000000078ab80000)
  from space 110592K, 0% used [0x000000078ab80000,0x000000078ab80000,0x0000000791780000)
  to   space 121856K, 0% used [0x000000079ba00000,0x000000079ba00000,0x00000007a3100000)
 ParOldGen       total 261120K, used 260910K [0x00000006c0000000, 0x00000006cff00000, 0x000000076ab00000)
  object space 261120K, 99% used [0x00000006c0000000,0x00000006cfecbb78,0x00000006cff00000)
 Metaspace       used 6726K, capacity 7320K, committed 7680K, reserved 1056768K
  class space    used 635K, capacity 656K, committed 768K, reserved 1048576K
Event: 28.890 GC heap after
Heap after GC invocations=29 (full 16):
 PSYoungGen      total 635392K, used 472125K [0x000000076ab00000, 0x00000007a3100000, 0x00000007c0000000)
  eden space 524800K, 89% used [0x000000076ab00000,0x000000078780f610,0x000000078ab80000)
  from space 110592K, 0% used [0x000000078ab80000,0x000000078ab80000,0x0000000791780000)
  to   space 121856K, 0% used [0x000000079ba00000,0x000000079ba00000,0x00000007a3100000)
 ParOldGen       total 261120K, used 260910K [0x00000006c0000000, 0x00000006cff00000, 0x000000076ab00000)
  object space 261120K, 99% used [0x00000006c0000000,0x00000006cfecb9f8,0x00000006cff00000)
 Metaspace       used 6726K, capacity 7320K, committed 7680K, reserved 1056768K
  class space    used 635K, capacity 656K, committed 768K, reserved 1048576K
}

