# JRE version: Java(TM) SE Runtime Environment (8.0_161-b12) (build 1.8.0_161-b12)
# Java VM: Java HotSpot(TM) 64-Bit Server VM (25.161-b12 mixed mode windows-amd64 compressed oops)
Heap:
 PSYoungGen      total 727552K, used 436769K [0x000000076ab00000, 0x00000007a1780000, 0x00000007c0000000)
  eden space 557568K, 47% used [0x000000076ab00000,0x000000077af8fc30,0x000000078cb80000)
  from space 169984K, 99% used [0x000000078cb80000,0x0000000797178b20,0x0000000797180000)
  to   space 153600K, 0% used [0x0000000797400000,0x0000000797400000,0x00000007a0a00000)
 ParOldGen       total 515072K, used 372688K [0x00000006c0000000, 0x00000006df700000, 0x000000076ab00000)
  object space 515072K, 72% used [0x00000006c0000000,0x00000006d6bf40e8,0x00000006df700000)
 Metaspace       used 6845K, capacity 7320K, committed 7680K, reserved 1056768K
  class space    used 647K, capacity 656K, committed 768K, reserved 1048576K
GC Heap History (10 events):
Event: 7.411 GC heap before
{Heap before GC invocations=14 (full 2):
 PSYoungGen      total 499712K, used 499710K [0x000000076ab00000, 0x0000000797a00000, 0x00000007c0000000)
  eden space 402944K, 100% used [0x000000076ab00000,0x0000000783480000,0x0000000783480000)
  from space 96768K, 99% used [0x0000000783480000,0x00000007892ff950,0x0000000789300000)
  to   space 120832K, 0% used [0x0000000790400000,0x0000000790400000,0x0000000797a00000)
 ParOldGen       total 259072K, used 167559K [0x00000006c0000000, 0x00000006cfd00000, 0x000000076ab00000)
  object space 259072K, 64% used [0x00000006c0000000,0x00000006ca3a1e58,0x00000006cfd00000)
 Metaspace       used 6829K, capacity 7320K, committed 7680K, reserved 1056768K
  class space    used 645K, capacity 656K, committed 768K, reserved 1048576K
Event: 7.581 GC heap after
Heap after GC invocations=14 (full 2):
 PSYoungGen      total 578560K, used 120809K [0x000000076ab00000, 0x000000079c900000, 0x00000007c0000000)
  eden space 457728K, 0% used [0x000000076ab00000,0x000000076ab00000,0x0000000786a00000)
  from space 120832K, 99% used [0x0000000790400000,0x00000007979fa470,0x0000000797a00000)
  to   space 157696K, 0% used [0x0000000786a00000,0x0000000786a00000,0x0000000790400000)
 ParOldGen       total 259072K, used 210505K [0x00000006c0000000, 0x00000006cfd00000, 0x000000076ab00000)
  object space 259072K, 81% used [0x00000006c0000000,0x00000006ccd926a8,0x00000006cfd00000)
 Metaspace       used 6829K, capacity 7320K, committed 7680K, reserved 1056768K
  class space    used 645K, capacity 656K, committed 768K, reserved 1048576K
}
Event: 8.450 GC heap before
{Heap before GC invocations=15 (full 2):
 PSYoungGen      total 578560K, used 578537K [0x000000076ab00000, 0x000000079c900000, 0x00000007c0000000)
  eden space 457728K, 100% used [0x000000076ab00000,0x0000000786a00000,0x0000000786a00000)
  from space 120832K, 99% used [0x0000000790400000,0x00000007979fa470,0x0000000797a00000)
  to   space 157696K, 0% used [0x0000000786a00000,0x0000000786a00000,0x0000000790400000)
 ParOldGen       total 259072K, used 210505K [0x00000006c0000000, 0x00000006cfd00000, 0x000000076ab00000)
  object space 259072K, 81% used [0x00000006c0000000,0x00000006ccd926a8,0x00000006cfd00000)
 Metaspace       used 6837K, capacity 7320K, committed 7680K, reserved 1056768K
  class space    used 645K, capacity 656K, committed 768K, reserved 1048576K
Event: 8.628 GC heap after
Heap after GC invocations=15 (full 2):
 PSYoungGen      total 615424K, used 70673K [0x000000076ab00000, 0x00000007a0a00000, 0x00000007c0000000)
  eden space 457728K, 0% used [0x000000076ab00000,0x000000076ab00000,0x0000000786a00000)
  from space 157696K, 44% used [0x0000000786a00000,0x000000078af047d0,0x0000000790400000)
  to   space 153600K, 0% used [0x0000000797400000,0x0000000797400000,0x00000007a0a00000)
 ParOldGen       total 332800K, used 331952K [0x00000006c0000000, 0x00000006d4500000, 0x000000076ab00000)
  object space 332800K, 99% used [0x00000006c0000000,0x00000006d442c208,0x00000006d4500000)
 Metaspace       used 6837K, capacity 7320K, committed 7680K, reserved 1056768K
  class space    used 645K, capacity 656K, committed 768K, reserved 1048576K
}
Event: 8.628 GC heap before
{Heap before GC invocations=16 (full 3):
 PSYoungGen      total 615424K, used 70673K [0x000000076ab00000, 0x00000007a0a00000, 0x00000007c0000000)
  eden space 457728K, 0% used [0x000000076ab00000,0x000000076ab00000,0x0000000786a00000)
  from space 157696K, 44% used [0x0000000786a00000,0x000000078af047d0,0x0000000790400000)
  to   space 153600K, 0% used [0x0000000797400000,0x0000000797400000,0x00000007a0a00000)
 ParOldGen       total 332800K, used 331952K [0x00000006c0000000, 0x00000006d4500000, 0x000000076ab00000)
  object space 332800K, 99% used [0x00000006c0000000,0x00000006d442c208,0x00000006d4500000)
 Metaspace       used 6837K, capacity 7320K, committed 7680K, reserved 1056768K
  class space    used 645K, capacity 656K, committed 768K, reserved 1048576K
Event: 9.739 GC heap after
Heap after GC invocations=16 (full 3):
 PSYoungGen      total 615424K, used 59486K [0x000000076ab00000, 0x00000007a0a00000, 0x00000007c0000000)
  eden space 457728K, 0% used [0x000000076ab00000,0x000000076ab00000,0x0000000786a00000)
  from space 157696K, 37% used [0x0000000786a00000,0x000000078a417a68,0x0000000790400000)
  to   space 153600K, 0% used [0x0000000797400000,0x0000000797400000,0x00000007a0a00000)
 ParOldGen       total 515072K, used 332427K [0x00000006c0000000, 0x00000006df700000, 0x000000076ab00000)
  object space 515072K, 64% used [0x00000006c0000000,0x00000006d44a2fc0,0x00000006df700000)
 Metaspace       used 6837K, capacity 7320K, committed 7680K, reserved 1056768K
  class space    used 645K, capacity 656K, committed 768K, reserved 1048576K
}
Event: 10.892 GC heap before
{Heap before GC invocations=17 (full 3):
 PSYoungGen      total 615424K, used 517214K [0x000000076ab00000, 0x00000007a0a00000, 0x00000007c0000000)
  eden space 457728K, 100% used [0x000000076ab00000,0x0000000786a00000,0x0000000786a00000)
  from space 157696K, 37% used [0x0000000786a00000,0x000000078a417a68,0x0000000790400000)
  to   space 153600K, 0% used [0x0000000797400000,0x0000000797400000,0x00000007a0a00000)
 ParOldGen       total 515072K, used 334059K [0x00000006c0000000, 0x00000006df700000, 0x000000076ab00000)
  object space 515072K, 64% used [0x00000006c0000000,0x00000006d463ac18,0x00000006df700000)
 Metaspace       used 6841K, capacity 7320K, committed 7680K, reserved 1056768K
  class space    used 646K, capacity 656K, committed 768K, reserved 1048576K
Event: 11.053 GC heap after
Heap after GC invocations=17 (full 3):
 PSYoungGen      total 711168K, used 127257K [0x000000076ab00000, 0x00000007a1780000, 0x00000007c0000000)
  eden space 557568K, 0% used [0x000000076ab00000,0x000000076ab00000,0x000000078cb80000)
  from space 153600K, 82% used [0x0000000797400000,0x000000079f046638,0x00000007a0a00000)
  to   space 169984K, 0% used [0x000000078cb80000,0x000000078cb80000,0x0000000797180000)
 ParOldGen       total 515072K, used 334059K [0x00000006c0000000, 0x00000006df700000, 0x000000076ab00000)
  object space 515072K, 64% used [0x00000006c0000000,0x00000006d463ac18,0x00000006df700000)
 Metaspace       used 6841K, capacity 7320K, committed 7680K, reserved 1056768K
  class space    used 646K, capacity 656K, committed 768K, reserved 1048576K
}
Event: 12.411 GC heap before
{Heap before GC invocations=18 (full 3):
 PSYoungGen      total 711168K, used 684825K [0x000000076ab00000, 0x00000007a1780000, 0x00000007c0000000)
  eden space 557568K, 100% used [0x000000076ab00000,0x000000078cb80000,0x000000078cb80000)
  from space 153600K, 82% used [0x0000000797400000,0x000000079f046638,0x00000007a0a00000)
  to   space 169984K, 0% used [0x000000078cb80000,0x000000078cb80000,0x0000000797180000)
 ParOldGen       total 515072K, used 334060K [0x00000006c0000000, 0x00000006df700000, 0x000000076ab00000)
  object space 515072K, 64% used [0x00000006c0000000,0x00000006d463b2e0,0x00000006df700000)
 Metaspace       used 6844K, capacity 7320K, committed 7680K, reserved 1056768K
  class space    used 646K, capacity 656K, committed 768K, reserved 1048576K
Event: 12.577 GC heap after
Heap after GC invocations=18 (full 3):
 PSYoungGen      total 727552K, used 169954K [0x000000076ab00000, 0x00000007a1780000, 0x00000007c0000000)
  eden space 557568K, 0% used [0x000000076ab00000,0x000000076ab00000,0x000000078cb80000)
  from space 169984K, 99% used [0x000000078cb80000,0x0000000797178b20,0x0000000797180000)
  to   space 153600K, 0% used [0x0000000797400000,0x0000000797400000,0x00000007a0a00000)
 ParOldGen       total 515072K, used 372688K [0x00000006c0000000, 0x00000006df700000, 0x000000076ab00000)
  object space 515072K, 72% used [0x00000006c0000000,0x00000006d6bf40e8,0x00000006df700000)
 Metaspace       used 6844K, capacity 7320K, committed 7680K, reserved 1056768K
  class space    used 646K, capacity 656K, committed 768K, reserved 1048576K
}

