# JRE version: Java(TM) SE Runtime Environment (8.0_161-b12) (build 1.8.0_161-b12)
# Java VM: Java HotSpot(TM) 64-Bit Server VM (25.161-b12 mixed mode windows-amd64 compressed oops)
Heap:
 PSYoungGen      total 119296K, used 114688K [0x000000076ab00000, 0x0000000772400000, 0x00000007c0000000)
  eden space 114688K, 100% used [0x000000076ab00000,0x0000000771b00000,0x0000000771b00000)
  from space 4608K, 0% used [0x0000000771f80000,0x0000000771f80000,0x0000000772400000)
  to   space 4608K, 0% used [0x0000000771b00000,0x0000000771b00000,0x0000000771f80000)
 ParOldGen       total 136704K, used 136495K [0x00000006c0000000, 0x00000006c8580000, 0x000000076ab00000)
  object space 136704K, 99% used [0x00000006c0000000,0x00000006c854bec8,0x00000006c8580000)
 Metaspace       used 6813K, capacity 7320K, committed 7680K, reserved 1056768K
  class space    used 645K, capacity 656K, committed 768K, reserved 1048576K
GC Heap History (10 events):
Event: 6.894 GC heap after
Heap after GC invocations=17 (full 7):
 PSYoungGen      total 119296K, used 35559K [0x000000076ab00000, 0x0000000772400000, 0x00000007c0000000)
  eden space 114688K, 31% used [0x000000076ab00000,0x000000076cdb9e60,0x0000000771b00000)
  from space 4608K, 0% used [0x0000000771f80000,0x0000000771f80000,0x0000000772400000)
  to   space 4608K, 0% used [0x0000000771b00000,0x0000000771b00000,0x0000000771f80000)
 ParOldGen       total 136704K, used 136504K [0x00000006c0000000, 0x00000006c8580000, 0x000000076ab00000)
  object space 136704K, 99% used [0x00000006c0000000,0x00000006c854e308,0x00000006c8580000)
 Metaspace       used 6812K, capacity 7320K, committed 7680K, reserved 1056768K
  class space    used 645K, capacity 656K, committed 768K, reserved 1048576K
}
Event: 7.027 GC heap before
{Heap before GC invocations=18 (full 8):
 PSYoungGen      total 119296K, used 114688K [0x000000076ab00000, 0x0000000772400000, 0x00000007c0000000)
  eden space 114688K, 100% used [0x000000076ab00000,0x0000000771b00000,0x0000000771b00000)
  from space 4608K, 0% used [0x0000000771f80000,0x0000000771f80000,0x0000000772400000)
  to   space 4608K, 0% used [0x0000000771b00000,0x0000000771b00000,0x0000000771f80000)
 ParOldGen       total 136704K, used 136504K [0x00000006c0000000, 0x00000006c8580000, 0x000000076ab00000)
  object space 136704K, 99% used [0x00000006c0000000,0x00000006c854e308,0x00000006c8580000)
 Metaspace       used 6812K, capacity 7320K, committed 7680K, reserved 1056768K
  class space    used 645K, capacity 656K, committed 768K, reserved 1048576K
Event: 7.411 GC heap after
Heap after GC invocations=18 (full 8):
 PSYoungGen      total 119296K, used 44072K [0x000000076ab00000, 0x0000000772400000, 0x00000007c0000000)
  eden space 114688K, 38% used [0x000000076ab00000,0x000000076d60a098,0x0000000771b00000)
  from space 4608K, 0% used [0x0000000771f80000,0x0000000771f80000,0x0000000772400000)
  to   space 4608K, 0% used [0x0000000771b00000,0x0000000771b00000,0x0000000771f80000)
 ParOldGen       total 136704K, used 136502K [0x00000006c0000000, 0x00000006c8580000, 0x000000076ab00000)
  object space 136704K, 99% used [0x00000006c0000000,0x00000006c854da00,0x00000006c8580000)
 Metaspace       used 6812K, capacity 7320K, committed 7680K, reserved 1056768K
  class space    used 645K, capacity 656K, committed 768K, reserved 1048576K
}
Event: 7.538 GC heap before
{Heap before GC invocations=19 (full 9):
 PSYoungGen      total 119296K, used 114688K [0x000000076ab00000, 0x0000000772400000, 0x00000007c0000000)
  eden space 114688K, 100% used [0x000000076ab00000,0x0000000771b00000,0x0000000771b00000)
  from space 4608K, 0% used [0x0000000771f80000,0x0000000771f80000,0x0000000772400000)
  to   space 4608K, 0% used [0x0000000771b00000,0x0000000771b00000,0x0000000771f80000)
 ParOldGen       total 136704K, used 136502K [0x00000006c0000000, 0x00000006c8580000, 0x000000076ab00000)
  object space 136704K, 99% used [0x00000006c0000000,0x00000006c854da00,0x00000006c8580000)
 Metaspace       used 6812K, capacity 7320K, committed 7680K, reserved 1056768K
  class space    used 645K, capacity 656K, committed 768K, reserved 1048576K
Event: 7.973 GC heap after
Heap after GC invocations=19 (full 9):
 PSYoungGen      total 119296K, used 52571K [0x000000076ab00000, 0x0000000772400000, 0x00000007c0000000)
  eden space 114688K, 45% used [0x000000076ab00000,0x000000076de56e90,0x0000000771b00000)
  from space 4608K, 0% used [0x0000000771f80000,0x0000000771f80000,0x0000000772400000)
  to   space 4608K, 0% used [0x0000000771b00000,0x0000000771b00000,0x0000000771f80000)
 ParOldGen       total 136704K, used 136501K [0x00000006c0000000, 0x00000006c8580000, 0x000000076ab00000)
  object space 136704K, 99% used [0x00000006c0000000,0x00000006c854d5e0,0x00000006c8580000)
 Metaspace       used 6812K, capacity 7320K, committed 7680K, reserved 1056768K
  class space    used 645K, capacity 656K, committed 768K, reserved 1048576K
}
Event: 8.085 GC heap before
{Heap before GC invocations=20 (full 10):
 PSYoungGen      total 119296K, used 114688K [0x000000076ab00000, 0x0000000772400000, 0x00000007c0000000)
  eden space 114688K, 100% used [0x000000076ab00000,0x0000000771b00000,0x0000000771b00000)
  from space 4608K, 0% used [0x0000000771f80000,0x0000000771f80000,0x0000000772400000)
  to   space 4608K, 0% used [0x0000000771b00000,0x0000000771b00000,0x0000000771f80000)
 ParOldGen       total 136704K, used 136501K [0x00000006c0000000, 0x00000006c8580000, 0x000000076ab00000)
  object space 136704K, 99% used [0x00000006c0000000,0x00000006c854d5e0,0x00000006c8580000)
 Metaspace       used 6813K, capacity 7320K, committed 7680K, reserved 1056768K
  class space    used 645K, capacity 656K, committed 768K, reserved 1048576K
Event: 8.455 GC heap after
Heap after GC invocations=20 (full 10):
 PSYoungGen      total 119296K, used 60231K [0x000000076ab00000, 0x0000000772400000, 0x00000007c0000000)
  eden space 114688K, 52% used [0x000000076ab00000,0x000000076e5d1cb0,0x0000000771b00000)
  from space 4608K, 0% used [0x0000000771f80000,0x0000000771f80000,0x0000000772400000)
  to   space 4608K, 0% used [0x0000000771b00000,0x0000000771b00000,0x0000000771f80000)
 ParOldGen       total 136704K, used 136496K [0x00000006c0000000, 0x00000006c8580000, 0x000000076ab00000)
  object space 136704K, 99% used [0x00000006c0000000,0x00000006c854c128,0x00000006c8580000)
 Metaspace       used 6813K, capacity 7320K, committed 7680K, reserved 1056768K
  class space    used 645K, capacity 656K, committed 768K, reserved 1048576K
}
Event: 8.560 GC heap before
{Heap before GC invocations=21 (full 11):
 PSYoungGen      total 119296K, used 114688K [0x000000076ab00000, 0x0000000772400000, 0x00000007c0000000)
  eden space 114688K, 100% used [0x000000076ab00000,0x0000000771b00000,0x0000000771b00000)
  from space 4608K, 0% used [0x0000000771f80000,0x0000000771f80000,0x0000000772400000)
  to   space 4608K, 0% used [0x0000000771b00000,0x0000000771b00000,0x0000000771f80000)
 ParOldGen       total 136704K, used 136496K [0x00000006c0000000, 0x00000006c8580000, 0x000000076ab00000)
  object space 136704K, 99% used [0x00000006c0000000,0x00000006c854c128,0x00000006c8580000)
 Metaspace       used 6813K, capacity 7320K, committed 7680K, reserved 1056768K
  class space    used 645K, capacity 656K, committed 768K, reserved 1048576K
Event: 8.879 GC heap after
Heap after GC invocations=21 (full 11):
 PSYoungGen      total 119296K, used 67586K [0x000000076ab00000, 0x0000000772400000, 0x00000007c0000000)
  eden space 114688K, 58% used [0x000000076ab00000,0x000000076ed00948,0x0000000771b00000)
  from space 4608K, 0% used [0x0000000771f80000,0x0000000771f80000,0x0000000772400000)
  to   space 4608K, 0% used [0x0000000771b00000,0x0000000771b00000,0x0000000771f80000)
 ParOldGen       total 136704K, used 136495K [0x00000006c0000000, 0x00000006c8580000, 0x000000076ab00000)
  object space 136704K, 99% used [0x00000006c0000000,0x00000006c854bec8,0x00000006c8580000)
 Metaspace       used 6813K, capacity 7320K, committed 7680K, reserved 1056768K
  class space    used 645K, capacity 656K, committed 768K, reserved 1048576K
}
Event: 9.041 GC heap before
{Heap before GC invocations=22 (full 12):
 PSYoungGen      total 119296K, used 114688K [0x000000076ab00000, 0x0000000772400000, 0x00000007c0000000)
  eden space 114688K, 100% used [0x000000076ab00000,0x0000000771b00000,0x0000000771b00000)
  from space 4608K, 0% used [0x0000000771f80000,0x0000000771f80000,0x0000000772400000)
  to   space 4608K, 0% used [0x0000000771b00000,0x0000000771b00000,0x0000000771f80000)
 ParOldGen       total 136704K, used 136495K [0x00000006c0000000, 0x00000006c8580000, 0x000000076ab00000)
  object space 136704K, 99% used [0x00000006c0000000,0x00000006c854bec8,0x00000006c8580000)
 Metaspace       used 6813K, capacity 7320K, committed 7680K, reserved 1056768K
  class space    used 645K, capacity 656K, committed 768K, reserved 1048576K

