# JRE version: Java(TM) SE Runtime Environment (8.0_161-b12) (build 1.8.0_161-b12)
# Java VM: Java HotSpot(TM) 64-Bit Server VM (25.161-b12 mixed mode windows-amd64 compressed oops)
Heap:
 PSYoungGen      total 747520K, used 493721K [0x000000076ab00000, 0x00000007ace00000, 0x00000007c0000000)
  eden space 525312K, 93% used [0x000000076ab00000,0x0000000788d265b0,0x000000078ac00000)
  from space 222208K, 0% used [0x000000079f500000,0x000000079f500000,0x00000007ace00000)
  to   space 185856K, 0% used [0x000000078ac00000,0x000000078ac00000,0x0000000796180000)
 ParOldGen       total 454656K, used 454194K [0x00000006c0000000, 0x00000006dbc00000, 0x000000076ab00000)
  object space 454656K, 99% used [0x00000006c0000000,0x00000006dbb8cad0,0x00000006dbc00000)
 Metaspace       used 6970K, capacity 7416K, committed 7680K, reserved 1056768K
  class space    used 653K, capacity 688K, committed 768K, reserved 1048576K
GC Heap History (10 events):
Event: 11.638 GC heap before
{Heap before GC invocations=18 (full 3):
 PSYoungGen      total 702976K, used 638408K [0x000000076ab00000, 0x00000007a1700000, 0x00000007c0000000)
  eden space 525312K, 100% used [0x000000076ab00000,0x000000078ac00000,0x000000078ac00000)
  from space 177664K, 63% used [0x0000000796980000,0x000000079d7f2378,0x00000007a1700000)
  to   space 185856K, 0% used [0x000000078ac00000,0x000000078ac00000,0x0000000796180000)
 ParOldGen       total 419840K, used 333281K [0x00000006c0000000, 0x00000006d9a00000, 0x000000076ab00000)
  object space 419840K, 79% used [0x00000006c0000000,0x00000006d4578530,0x00000006d9a00000)
 Metaspace       used 6842K, capacity 7320K, committed 7680K, reserved 1056768K
  class space    used 646K, capacity 656K, committed 768K, reserved 1048576K
Event: 11.836 GC heap after
Heap after GC invocations=18 (full 3):
 PSYoungGen      total 711168K, used 185833K [0x000000076ab00000, 0x00000007ace00000, 0x00000007c0000000)
  eden space 525312K, 0% used [0x000000076ab00000,0x000000076ab00000,0x000000078ac00000)
  from space 185856K, 99% used [0x000000078ac00000,0x000000079617a7e0,0x0000000796180000)
  to   space 222208K, 0% used [0x000000079f500000,0x000000079f500000,0x00000007ace00000)
 ParOldGen       total 419840K, used 344782K [0x00000006c0000000, 0x00000006d9a00000, 0x000000076ab00000)
  object space 419840K, 82% used [0x00000006c0000000,0x00000006d50b3a88,0x00000006d9a00000)
 Metaspace       used 6842K, capacity 7320K, committed 7680K, reserved 1056768K
  class space    used 646K, capacity 656K, committed 768K, reserved 1048576K
}
Event: 12.944 GC heap before
{Heap before GC invocations=19 (full 3):
 PSYoungGen      total 711168K, used 711145K [0x000000076ab00000, 0x00000007ace00000, 0x00000007c0000000)
  eden space 525312K, 100% used [0x000000076ab00000,0x000000078ac00000,0x000000078ac00000)
  from space 185856K, 99% used [0x000000078ac00000,0x000000079617a7e0,0x0000000796180000)
  to   space 222208K, 0% used [0x000000079f500000,0x000000079f500000,0x00000007ace00000)
 ParOldGen       total 419840K, used 344782K [0x00000006c0000000, 0x00000006d9a00000, 0x000000076ab00000)
  object space 419840K, 82% used [0x00000006c0000000,0x00000006d50b3a88,0x00000006d9a00000)
 Metaspace       used 6845K, capacity 7320K, committed 7680K, reserved 1056768K
  class space    used 646K, capacity 656K, committed 768K, reserved 1048576K
Event: 13.246 GC heap after
Heap after GC invocations=19 (full 3):
 PSYoungGen      total 747520K, used 168252K [0x000000076ab00000, 0x00000007ace00000, 0x00000007c0000000)
  eden space 525312K, 0% used [0x000000076ab00000,0x000000076ab00000,0x000000078ac00000)
  from space 222208K, 75% used [0x000000079f500000,0x00000007a994f010,0x00000007ace00000)
  to   space 185856K, 0% used [0x000000078ac00000,0x000000078ac00000,0x0000000796180000)
 ParOldGen       total 454656K, used 454413K [0x00000006c0000000, 0x00000006dbc00000, 0x000000076ab00000)
  object space 454656K, 99% used [0x00000006c0000000,0x00000006dbbc3748,0x00000006dbc00000)
 Metaspace       used 6845K, capacity 7320K, committed 7680K, reserved 1056768K
  class space    used 646K, capacity 656K, committed 768K, reserved 1048576K
}
Event: 13.247 GC heap before
{Heap before GC invocations=20 (full 4):
 PSYoungGen      total 747520K, used 168252K [0x000000076ab00000, 0x00000007ace00000, 0x00000007c0000000)
  eden space 525312K, 0% used [0x000000076ab00000,0x000000076ab00000,0x000000078ac00000)
  from space 222208K, 75% used [0x000000079f500000,0x00000007a994f010,0x00000007ace00000)
  to   space 185856K, 0% used [0x000000078ac00000,0x000000078ac00000,0x0000000796180000)
 ParOldGen       total 454656K, used 454413K [0x00000006c0000000, 0x00000006dbc00000, 0x000000076ab00000)
  object space 454656K, 99% used [0x00000006c0000000,0x00000006dbbc3748,0x00000006dbc00000)
 Metaspace       used 6845K, capacity 7320K, committed 7680K, reserved 1056768K
  class space    used 646K, capacity 656K, committed 768K, reserved 1048576K
Event: 15.782 GC heap after
Heap after GC invocations=20 (full 4):
 PSYoungGen      total 747520K, used 153209K [0x000000076ab00000, 0x00000007ace00000, 0x00000007c0000000)
  eden space 525312K, 0% used [0x000000076ab00000,0x000000076ab00000,0x000000078ac00000)
  from space 222208K, 68% used [0x000000079f500000,0x00000007a8a9e598,0x00000007ace00000)
  to   space 185856K, 0% used [0x000000078ac00000,0x000000078ac00000,0x0000000796180000)
 ParOldGen       total 454656K, used 454257K [0x00000006c0000000, 0x00000006dbc00000, 0x000000076ab00000)
  object space 454656K, 99% used [0x00000006c0000000,0x00000006dbb9c428,0x00000006dbc00000)
 Metaspace       used 6845K, capacity 7320K, committed 7680K, reserved 1056768K
  class space    used 646K, capacity 656K, committed 768K, reserved 1048576K
}
Event: 16.842 GC heap before
{Heap before GC invocations=21 (full 5):
 PSYoungGen      total 747520K, used 678521K [0x000000076ab00000, 0x00000007ace00000, 0x00000007c0000000)
  eden space 525312K, 100% used [0x000000076ab00000,0x000000078ac00000,0x000000078ac00000)
  from space 222208K, 68% used [0x000000079f500000,0x00000007a8a9e598,0x00000007ace00000)
  to   space 185856K, 0% used [0x000000078ac00000,0x000000078ac00000,0x0000000796180000)
 ParOldGen       total 454656K, used 454257K [0x00000006c0000000, 0x00000006dbc00000, 0x000000076ab00000)
  object space 454656K, 99% used [0x00000006c0000000,0x00000006dbb9c428,0x00000006dbc00000)
 Metaspace       used 6849K, capacity 7320K, committed 7680K, reserved 1056768K
  class space    used 646K, capacity 656K, committed 768K, reserved 1048576K
Event: 18.440 GC heap after
Heap after GC invocations=21 (full 5):
 PSYoungGen      total 747520K, used 234958K [0x000000076ab00000, 0x00000007ace00000, 0x00000007c0000000)
  eden space 525312K, 44% used [0x000000076ab00000,0x0000000779073850,0x000000078ac00000)
  from space 222208K, 0% used [0x000000079f500000,0x000000079f500000,0x00000007ace00000)
  to   space 185856K, 0% used [0x000000078ac00000,0x000000078ac00000,0x0000000796180000)
 ParOldGen       total 454656K, used 454627K [0x00000006c0000000, 0x00000006dbc00000, 0x000000076ab00000)
  object space 454656K, 99% used [0x00000006c0000000,0x00000006dbbf8e10,0x00000006dbc00000)
 Metaspace       used 6849K, capacity 7320K, committed 7680K, reserved 1056768K
  class space    used 646K, capacity 656K, committed 768K, reserved 1048576K
}
Event: 19.043 GC heap before
{Heap before GC invocations=22 (full 6):
 PSYoungGen      total 747520K, used 525312K [0x000000076ab00000, 0x00000007ace00000, 0x00000007c0000000)
  eden space 525312K, 100% used [0x000000076ab00000,0x000000078ac00000,0x000000078ac00000)
  from space 222208K, 0% used [0x000000079f500000,0x000000079f500000,0x00000007ace00000)
  to   space 185856K, 0% used [0x000000078ac00000,0x000000078ac00000,0x0000000796180000)
 ParOldGen       total 454656K, used 454627K [0x00000006c0000000, 0x00000006dbc00000, 0x000000076ab00000)
  object space 454656K, 99% used [0x00000006c0000000,0x00000006dbbf8e10,0x00000006dbc00000)
 Metaspace       used 6918K, capacity 7416K, committed 7680K, reserved 1056768K
  class space    used 650K, capacity 688K, committed 768K, reserved 1048576K
Event: 22.332 GC heap after
Heap after GC invocations=22 (full 6):
 PSYoungGen      total 747520K, used 276097K [0x000000076ab00000, 0x00000007ace00000, 0x00000007c0000000)
  eden space 525312K, 52% used [0x000000076ab00000,0x000000077b8a0730,0x000000078ac00000)
  from space 222208K, 0% used [0x000000079f500000,0x000000079f500000,0x00000007ace00000)
  to   space 185856K, 0% used [0x000000078ac00000,0x000000078ac00000,0x0000000796180000)
 ParOldGen       total 454656K, used 454194K [0x00000006c0000000, 0x00000006dbc00000, 0x000000076ab00000)
  object space 454656K, 99% used [0x00000006c0000000,0x00000006dbb8cad0,0x00000006dbc00000)
 Metaspace       used 6918K, capacity 7416K, committed 7680K, reserved 1056768K
  class space    used 650K, capacity 688K, committed 768K, reserved 1048576K
}

