# JRE version: Java(TM) SE Runtime Environment (8.0_161-b12) (build 1.8.0_161-b12)
# Java VM: Java HotSpot(TM) 64-Bit Server VM (25.161-b12 mixed mode windows-amd64 compressed oops)
Heap:
 PSYoungGen      total 251904K, used 224256K [0x000000076ab00000, 0x000000077c100000, 0x00000007c0000000)
  eden space 224256K, 100% used [0x000000076ab00000,0x0000000778600000,0x0000000778600000)
  from space 27648K, 0% used [0x0000000778600000,0x0000000778600000,0x000000077a100000)
  to   space 22528K, 0% used [0x000000077a100000,0x000000077a100000,0x000000077b700000)
 ParOldGen       total 76800K, used 76711K [0x00000006c0000000, 0x00000006c4b00000, 0x000000076ab00000)
  object space 76800K, 99% used [0x00000006c0000000,0x00000006c4ae9e28,0x00000006c4b00000)
 Metaspace       used 6649K, capacity 7320K, committed 7680K, reserved 1056768K
  class space    used 630K, capacity 656K, committed 768K, reserved 1048576K
GC Heap History (10 events):
Event: 168.551 GC heap after
Heap after GC invocations=649 (full 642):
 PSYoungGen      total 251904K, used 224256K [0x000000076ab00000, 0x000000077c100000, 0x00000007c0000000)
  eden space 224256K, 100% used [0x000000076ab00000,0x0000000778600000,0x0000000778600000)
  from space 27648K, 0% used [0x0000000778600000,0x0000000778600000,0x000000077a100000)
  to   space 22528K, 0% used [0x000000077a100000,0x000000077a100000,0x000000077b700000)
 ParOldGen       total 76800K, used 76704K [0x00000006c0000000, 0x00000006c4b00000, 0x000000076ab00000)
  object space 76800K, 99% used [0x00000006c0000000,0x00000006c4ae82e0,0x00000006c4b00000)
 Metaspace       used 6649K, capacity 7320K, committed 7680K, reserved 1056768K
  class space    used 630K, capacity 656K, committed 768K, reserved 1048576K
}
Event: 168.551 GC heap before
{Heap before GC invocations=650 (full 643):
 PSYoungGen      total 251904K, used 224256K [0x000000076ab00000, 0x000000077c100000, 0x00000007c0000000)
  eden space 224256K, 100% used [0x000000076ab00000,0x0000000778600000,0x0000000778600000)
  from space 27648K, 0% used [0x0000000778600000,0x0000000778600000,0x000000077a100000)
  to   space 22528K, 0% used [0x000000077a100000,0x000000077a100000,0x000000077b700000)
 ParOldGen       total 76800K, used 76706K [0x00000006c0000000, 0x00000006c4b00000, 0x000000076ab00000)
  object space 76800K, 99% used [0x00000006c0000000,0x00000006c4ae8a70,0x00000006c4b00000)
 Metaspace       used 6649K, capacity 7320K, committed 7680K, reserved 1056768K
  class space    used 630K, capacity 656K, committed 768K, reserved 1048576K
Event: 168.832 GC heap after
Heap after GC invocations=650 (full 643):
 PSYoungGen      total 251904K, used 224256K [0x000000076ab00000, 0x000000077c100000, 0x00000007c0000000)
  eden space 224256K, 100% used [0x000000076ab00000,0x0000000778600000,0x0000000778600000)
  from space 27648K, 0% used [0x0000000778600000,0x0000000778600000,0x000000077a100000)
  to   space 22528K, 0% used [0x000000077a100000,0x000000077a100000,0x000000077b700000)
 ParOldGen       total 76800K, used 76705K [0x00000006c0000000, 0x00000006c4b00000, 0x000000076ab00000)
  object space 76800K, 99% used [0x00000006c0000000,0x00000006c4ae87f0,0x00000006c4b00000)
 Metaspace       used 6649K, capacity 7320K, committed 7680K, reserved 1056768K
  class space    used 630K, capacity 656K, committed 768K, reserved 1048576K
}
Event: 168.833 GC heap before
{Heap before GC invocations=651 (full 644):
 PSYoungGen      total 251904K, used 224256K [0x000000076ab00000, 0x000000077c100000, 0x00000007c0000000)
  eden space 224256K, 100% used [0x000000076ab00000,0x0000000778600000,0x0000000778600000)
  from space 27648K, 0% used [0x0000000778600000,0x0000000778600000,0x000000077a100000)
  to   space 22528K, 0% used [0x000000077a100000,0x000000077a100000,0x000000077b700000)
 ParOldGen       total 76800K, used 76707K [0x00000006c0000000, 0x00000006c4b00000, 0x000000076ab00000)
  object space 76800K, 99% used [0x00000006c0000000,0x00000006c4ae8f38,0x00000006c4b00000)
 Metaspace       used 6649K, capacity 7320K, committed 7680K, reserved 1056768K
  class space    used 630K, capacity 656K, committed 768K, reserved 1048576K
Event: 169.129 GC heap after
Heap after GC invocations=651 (full 644):
 PSYoungGen      total 251904K, used 224256K [0x000000076ab00000, 0x000000077c100000, 0x00000007c0000000)
  eden space 224256K, 100% used [0x000000076ab00000,0x0000000778600000,0x0000000778600000)
  from space 27648K, 0% used [0x0000000778600000,0x0000000778600000,0x000000077a100000)
  to   space 22528K, 0% used [0x000000077a100000,0x000000077a100000,0x000000077b700000)
 ParOldGen       total 76800K, used 76707K [0x00000006c0000000, 0x00000006c4b00000, 0x000000076ab00000)
  object space 76800K, 99% used [0x00000006c0000000,0x00000006c4ae8d58,0x00000006c4b00000)
 Metaspace       used 6649K, capacity 7320K, committed 7680K, reserved 1056768K
  class space    used 630K, capacity 656K, committed 768K, reserved 1048576K
}
Event: 169.129 GC heap before
{Heap before GC invocations=652 (full 645):
 PSYoungGen      total 251904K, used 224256K [0x000000076ab00000, 0x000000077c100000, 0x00000007c0000000)
  eden space 224256K, 100% used [0x000000076ab00000,0x0000000778600000,0x0000000778600000)
  from space 27648K, 0% used [0x0000000778600000,0x0000000778600000,0x000000077a100000)
  to   space 22528K, 0% used [0x000000077a100000,0x000000077a100000,0x000000077b700000)
 ParOldGen       total 76800K, used 76709K [0x00000006c0000000, 0x00000006c4b00000, 0x000000076ab00000)
  object space 76800K, 99% used [0x00000006c0000000,0x00000006c4ae94e8,0x00000006c4b00000)
 Metaspace       used 6649K, capacity 7320K, committed 7680K, reserved 1056768K
  class space    used 630K, capacity 656K, committed 768K, reserved 1048576K
Event: 169.428 GC heap after
Heap after GC invocations=652 (full 645):
 PSYoungGen      total 251904K, used 224256K [0x000000076ab00000, 0x000000077c100000, 0x00000007c0000000)
  eden space 224256K, 100% used [0x000000076ab00000,0x0000000778600000,0x0000000778600000)
  from space 27648K, 0% used [0x0000000778600000,0x0000000778600000,0x000000077a100000)
  to   space 22528K, 0% used [0x000000077a100000,0x000000077a100000,0x000000077b700000)
 ParOldGen       total 76800K, used 76708K [0x00000006c0000000, 0x00000006c4b00000, 0x000000076ab00000)
  object space 76800K, 99% used [0x00000006c0000000,0x00000006c4ae9268,0x00000006c4b00000)
 Metaspace       used 6649K, capacity 7320K, committed 7680K, reserved 1056768K
  class space    used 630K, capacity 656K, committed 768K, reserved 1048576K
}
Event: 169.428 GC heap before
{Heap before GC invocations=653 (full 646):
 PSYoungGen      total 251904K, used 224256K [0x000000076ab00000, 0x000000077c100000, 0x00000007c0000000)
  eden space 224256K, 100% used [0x000000076ab00000,0x0000000778600000,0x0000000778600000)
  from space 27648K, 0% used [0x0000000778600000,0x0000000778600000,0x000000077a100000)
  to   space 22528K, 0% used [0x000000077a100000,0x000000077a100000,0x000000077b700000)
 ParOldGen       total 76800K, used 76710K [0x00000006c0000000, 0x00000006c4b00000, 0x000000076ab00000)
  object space 76800K, 99% used [0x00000006c0000000,0x00000006c4ae99d0,0x00000006c4b00000)
 Metaspace       used 6649K, capacity 7320K, committed 7680K, reserved 1056768K
  class space    used 630K, capacity 656K, committed 768K, reserved 1048576K
Event: 169.715 GC heap after
Heap after GC invocations=653 (full 646):
 PSYoungGen      total 251904K, used 224256K [0x000000076ab00000, 0x000000077c100000, 0x00000007c0000000)
  eden space 224256K, 100% used [0x000000076ab00000,0x0000000778600000,0x0000000778600000)
  from space 27648K, 0% used [0x0000000778600000,0x0000000778600000,0x000000077a100000)
  to   space 22528K, 0% used [0x000000077a100000,0x000000077a100000,0x000000077b700000)
 ParOldGen       total 76800K, used 76709K [0x00000006c0000000, 0x00000006c4b00000, 0x000000076ab00000)
  object space 76800K, 99% used [0x00000006c0000000,0x00000006c4ae97c0,0x00000006c4b00000)
 Metaspace       used 6649K, capacity 7320K, committed 7680K, reserved 1056768K
  class space    used 630K, capacity 656K, committed 768K, reserved 1048576K
}
Event: 169.716 GC heap before
{Heap before GC invocations=654 (full 647):
 PSYoungGen      total 251904K, used 224256K [0x000000076ab00000, 0x000000077c100000, 0x00000007c0000000)
  eden space 224256K, 100% used [0x000000076ab00000,0x0000000778600000,0x0000000778600000)
  from space 27648K, 0% used [0x0000000778600000,0x0000000778600000,0x000000077a100000)
  to   space 22528K, 0% used [0x000000077a100000,0x000000077a100000,0x000000077b700000)
 ParOldGen       total 76800K, used 76711K [0x00000006c0000000, 0x00000006c4b00000, 0x000000076ab00000)
  object space 76800K, 99% used [0x00000006c0000000,0x00000006c4ae9e28,0x00000006c4b00000)
 Metaspace       used 6649K, capacity 7320K, committed 7680K, reserved 1056768K
  class space    used 630K, capacity 656K, committed 768K, reserved 1048576K

