# JRE version: Java(TM) SE Runtime Environment (8.0_161-b12) (build 1.8.0_161-b12)
# Java VM: Java HotSpot(TM) 64-Bit Server VM (25.161-b12 mixed mode windows-amd64 compressed oops)
Heap:
 PSYoungGen      total 119296K, used 50543K [0x000000076ab00000, 0x0000000772400000, 0x00000007c0000000)
  eden space 114688K, 40% used [0x000000076ab00000,0x000000076d7dfe18,0x0000000771b00000)
  from space 4608K, 99% used [0x0000000771f80000,0x00000007723fbe88,0x0000000772400000)
  to   space 4608K, 0% used [0x0000000771b00000,0x0000000771b00000,0x0000000771f80000)
 ParOldGen       total 76800K, used 9918K [0x00000006c0000000, 0x00000006c4b00000, 0x000000076ab00000)
  object space 76800K, 12% used [0x00000006c0000000,0x00000006c09af868,0x00000006c4b00000)
 Metaspace       used 6447K, capacity 7192K, committed 7424K, reserved 1056768K
  class space    used 628K, capacity 656K, committed 768K, reserved 1048576K
GC Heap History (8 events):
Event: 0.181 GC heap before
{Heap before GC invocations=1 (full 0):
 PSYoungGen      total 33280K, used 28672K [0x000000076ab00000, 0x000000076d000000, 0x00000007c0000000)
  eden space 28672K, 100% used [0x000000076ab00000,0x000000076c700000,0x000000076c700000)
  from space 4608K, 0% used [0x000000076cb80000,0x000000076cb80000,0x000000076d000000)
  to   space 4608K, 0% used [0x000000076c700000,0x000000076c700000,0x000000076cb80000)
 ParOldGen       total 76800K, used 0K [0x00000006c0000000, 0x00000006c4b00000, 0x000000076ab00000)
  object space 76800K, 0% used [0x00000006c0000000,0x00000006c0000000,0x00000006c4b00000)
 Metaspace       used 3608K, capacity 4720K, committed 4864K, reserved 1056768K
  class space    used 389K, capacity 424K, committed 512K, reserved 1048576K
Event: 0.184 GC heap after
Heap after GC invocations=1 (full 0):
 PSYoungGen      total 33280K, used 3851K [0x000000076ab00000, 0x000000076ec00000, 0x00000007c0000000)
  eden space 28672K, 0% used [0x000000076ab00000,0x000000076ab00000,0x000000076c700000)
  from space 4608K, 83% used [0x000000076c700000,0x000000076cac2c60,0x000000076cb80000)
  to   space 4608K, 0% used [0x000000076e780000,0x000000076e780000,0x000000076ec00000)
 ParOldGen       total 76800K, used 8K [0x00000006c0000000, 0x00000006c4b00000, 0x000000076ab00000)
  object space 76800K, 0% used [0x00000006c0000000,0x00000006c0002000,0x00000006c4b00000)
 Metaspace       used 3608K, capacity 4720K, committed 4864K, reserved 1056768K
  class space    used 389K, capacity 424K, committed 512K, reserved 1048576K
}
Event: 0.197 GC heap before
{Heap before GC invocations=2 (full 0):
 PSYoungGen      total 33280K, used 32523K [0x000000076ab00000, 0x000000076ec00000, 0x00000007c0000000)
  eden space 28672K, 100% used [0x000000076ab00000,0x000000076c700000,0x000000076c700000)
  from space 4608K, 83% used [0x000000076c700000,0x000000076cac2c60,0x000000076cb80000)
  to   space 4608K, 0% used [0x000000076e780000,0x000000076e780000,0x000000076ec00000)
 ParOldGen       total 76800K, used 8K [0x00000006c0000000, 0x00000006c4b00000, 0x000000076ab00000)
  object space 76800K, 0% used [0x00000006c0000000,0x00000006c0002000,0x00000006c4b00000)
 Metaspace       used 3614K, capacity 4720K, committed 4864K, reserved 1056768K
  class space    used 389K, capacity 424K, committed 512K, reserved 1048576K
Event: 0.199 GC heap after
Heap after GC invocations=2 (full 0):
 PSYoungGen      total 61952K, used 3644K [0x000000076ab00000, 0x000000076ec00000, 0x00000007c0000000)
  eden space 57344K, 0% used [0x000000076ab00000,0x000000076ab00000,0x000000076e300000)
  from space 4608K, 79% used [0x000000076e780000,0x000000076eb0f2a8,0x000000076ec00000)
  to   space 4608K, 0% used [0x000000076e300000,0x000000076e300000,0x000000076e780000)
 ParOldGen       total 76800K, used 8K [0x00000006c0000000, 0x00000006c4b00000, 0x000000076ab00000)
  object space 76800K, 0% used [0x00000006c0000000,0x00000006c0002000,0x00000006c4b00000)
 Metaspace       used 3614K, capacity 4720K, committed 4864K, reserved 1056768K
  class space    used 389K, capacity 424K, committed 512K, reserved 1048576K
}
Event: 0.238 GC heap before
{Heap before GC invocations=3 (full 0):
 PSYoungGen      total 61952K, used 60988K [0x000000076ab00000, 0x000000076ec00000, 0x00000007c0000000)
  eden space 57344K, 100% used [0x000000076ab00000,0x000000076e300000,0x000000076e300000)
  from space 4608K, 79% used [0x000000076e780000,0x000000076eb0f2a8,0x000000076ec00000)
  to   space 4608K, 0% used [0x000000076e300000,0x000000076e300000,0x000000076e780000)
 ParOldGen       total 76800K, used 8K [0x00000006c0000000, 0x00000006c4b00000, 0x000000076ab00000)
  object space 76800K, 0% used [0x00000006c0000000,0x00000006c0002000,0x00000006c4b00000)
 Metaspace       used 3621K, capacity 4720K, committed 4864K, reserved 1056768K
  class space    used 389K, capacity 424K, committed 512K, reserved 1048576K
Event: 0.242 GC heap after
Heap after GC invocations=3 (full 0):
 PSYoungGen      total 61952K, used 3612K [0x000000076ab00000, 0x0000000772400000, 0x00000007c0000000)
  eden space 57344K, 0% used [0x000000076ab00000,0x000000076ab00000,0x000000076e300000)
  from space 4608K, 78% used [0x000000076e300000,0x000000076e687288,0x000000076e780000)
  to   space 4608K, 0% used [0x0000000771f80000,0x0000000771f80000,0x0000000772400000)
 ParOldGen       total 76800K, used 8K [0x00000006c0000000, 0x00000006c4b00000, 0x000000076ab00000)
  object space 76800K, 0% used [0x00000006c0000000,0x00000006c0002000,0x00000006c4b00000)
 Metaspace       used 3621K, capacity 4720K, committed 4864K, reserved 1056768K
  class space    used 389K, capacity 424K, committed 512K, reserved 1048576K
}
Event: 0.819 GC heap before
{Heap before GC invocations=4 (full 0):
 PSYoungGen      total 61952K, used 60956K [0x000000076ab00000, 0x0000000772400000, 0x00000007c0000000)
  eden space 57344K, 100% used [0x000000076ab00000,0x000000076e300000,0x000000076e300000)
  from space 4608K, 78% used [0x000000076e300000,0x000000076e687288,0x000000076e780000)
  to   space 4608K, 0% used [0x0000000771f80000,0x0000000771f80000,0x0000000772400000)
 ParOldGen       total 76800K, used 8K [0x00000006c0000000, 0x00000006c4b00000, 0x000000076ab00000)
  object space 76800K, 0% used [0x00000006c0000000,0x00000006c0002000,0x00000006c4b00000)
 Metaspace       used 6257K, capacity 7094K, committed 7296K, reserved 1056768K
  class space    used 607K, capacity 622K, committed 640K, reserved 1048576K
Event: 0.839 GC heap after
Heap after GC invocations=4 (full 0):
 PSYoungGen      total 119296K, used 4591K [0x000000076ab00000, 0x0000000772400000, 0x00000007c0000000)
  eden space 114688K, 0% used [0x000000076ab00000,0x000000076ab00000,0x0000000771b00000)
  from space 4608K, 99% used [0x0000000771f80000,0x00000007723fbe88,0x0000000772400000)
  to   space 4608K, 0% used [0x0000000771b00000,0x0000000771b00000,0x0000000771f80000)
 ParOldGen       total 76800K, used 9918K [0x00000006c0000000, 0x00000006c4b00000, 0x000000076ab00000)
  object space 76800K, 12% used [0x00000006c0000000,0x00000006c09af868,0x00000006c4b00000)
 Metaspace       used 6257K, capacity 7094K, committed 7296K, reserved 1056768K
  class space    used 607K, capacity 622K, committed 640K, reserved 1048576K
}

