# JRE version: Java(TM) SE Runtime Environment (8.0_161-b12) (build 1.8.0_161-b12)
# Java VM: Java HotSpot(TM) 64-Bit Server VM (25.161-b12 mixed mode windows-amd64 compressed oops)
Heap:
 PSYoungGen      total 444928K, used 389120K [0x000000076ab00000, 0x000000078b700000, 0x00000007c0000000)
  eden space 389120K, 100% used [0x000000076ab00000,0x0000000782700000,0x0000000782700000)
  from space 55808K, 0% used [0x0000000788080000,0x0000000788080000,0x000000078b700000)
  to   space 52736K, 0% used [0x0000000784d00000,0x0000000784d00000,0x0000000788080000)
 ParOldGen       total 150016K, used 149584K [0x00000006c0000000, 0x00000006c9280000, 0x000000076ab00000)
  object space 150016K, 99% used [0x00000006c0000000,0x00000006c9214260,0x00000006c9280000)
 Metaspace       used 6827K, capacity 7320K, committed 7680K, reserved 1056768K
  class space    used 645K, capacity 656K, committed 768K, reserved 1048576K
GC Heap History (10 events):
Event: 15.973 GC heap after
Heap after GC invocations=23 (full 13):
 PSYoungGen      total 444928K, used 331190K [0x000000076ab00000, 0x000000078b700000, 0x00000007c0000000)
  eden space 389120K, 85% used [0x000000076ab00000,0x000000077ee6da68,0x0000000782700000)
  from space 55808K, 0% used [0x0000000788080000,0x0000000788080000,0x000000078b700000)
  to   space 52736K, 0% used [0x0000000784d00000,0x0000000784d00000,0x0000000788080000)
 ParOldGen       total 150016K, used 149590K [0x00000006c0000000, 0x00000006c9280000, 0x000000076ab00000)
  object space 150016K, 99% used [0x00000006c0000000,0x00000006c9215b40,0x00000006c9280000)
 Metaspace       used 6826K, capacity 7320K, committed 7680K, reserved 1056768K
  class space    used 645K, capacity 656K, committed 768K, reserved 1048576K
}
Event: 16.066 GC heap before
{Heap before GC invocations=24 (full 14):
 PSYoungGen      total 444928K, used 389120K [0x000000076ab00000, 0x000000078b700000, 0x00000007c0000000)
  eden space 389120K, 100% used [0x000000076ab00000,0x0000000782700000,0x0000000782700000)
  from space 55808K, 0% used [0x0000000788080000,0x0000000788080000,0x000000078b700000)
  to   space 52736K, 0% used [0x0000000784d00000,0x0000000784d00000,0x0000000788080000)
 ParOldGen       total 150016K, used 149590K [0x00000006c0000000, 0x00000006c9280000, 0x000000076ab00000)
  object space 150016K, 99% used [0x00000006c0000000,0x00000006c9215b40,0x00000006c9280000)
 Metaspace       used 6826K, capacity 7320K, committed 7680K, reserved 1056768K
  class space    used 645K, capacity 656K, committed 768K, reserved 1048576K
Event: 16.998 GC heap after
Heap after GC invocations=24 (full 14):
 PSYoungGen      total 444928K, used 338698K [0x000000076ab00000, 0x000000078b700000, 0x00000007c0000000)
  eden space 389120K, 87% used [0x000000076ab00000,0x000000077f5c2b28,0x0000000782700000)
  from space 55808K, 0% used [0x0000000788080000,0x0000000788080000,0x000000078b700000)
  to   space 52736K, 0% used [0x0000000784d00000,0x0000000784d00000,0x0000000788080000)
 ParOldGen       total 150016K, used 149588K [0x00000006c0000000, 0x00000006c9280000, 0x000000076ab00000)
  object space 150016K, 99% used [0x00000006c0000000,0x00000006c9215120,0x00000006c9280000)
 Metaspace       used 6826K, capacity 7320K, committed 7680K, reserved 1056768K
  class space    used 645K, capacity 656K, committed 768K, reserved 1048576K
}
Event: 17.081 GC heap before
{Heap before GC invocations=25 (full 15):
 PSYoungGen      total 444928K, used 389120K [0x000000076ab00000, 0x000000078b700000, 0x00000007c0000000)
  eden space 389120K, 100% used [0x000000076ab00000,0x0000000782700000,0x0000000782700000)
  from space 55808K, 0% used [0x0000000788080000,0x0000000788080000,0x000000078b700000)
  to   space 52736K, 0% used [0x0000000784d00000,0x0000000784d00000,0x0000000788080000)
 ParOldGen       total 150016K, used 149588K [0x00000006c0000000, 0x00000006c9280000, 0x000000076ab00000)
  object space 150016K, 99% used [0x00000006c0000000,0x00000006c9215120,0x00000006c9280000)
 Metaspace       used 6826K, capacity 7320K, committed 7680K, reserved 1056768K
  class space    used 645K, capacity 656K, committed 768K, reserved 1048576K
Event: 18.008 GC heap after
Heap after GC invocations=25 (full 15):
 PSYoungGen      total 444928K, used 345371K [0x000000076ab00000, 0x000000078b700000, 0x00000007c0000000)
  eden space 389120K, 88% used [0x000000076ab00000,0x000000077fc46db0,0x0000000782700000)
  from space 55808K, 0% used [0x0000000788080000,0x0000000788080000,0x000000078b700000)
  to   space 52736K, 0% used [0x0000000784d00000,0x0000000784d00000,0x0000000788080000)
 ParOldGen       total 150016K, used 149587K [0x00000006c0000000, 0x00000006c9280000, 0x000000076ab00000)
  object space 150016K, 99% used [0x00000006c0000000,0x00000006c9214c40,0x00000006c9280000)
 Metaspace       used 6826K, capacity 7320K, committed 7680K, reserved 1056768K
  class space    used 645K, capacity 656K, committed 768K, reserved 1048576K
}
Event: 18.081 GC heap before
{Heap before GC invocations=26 (full 16):
 PSYoungGen      total 444928K, used 389120K [0x000000076ab00000, 0x000000078b700000, 0x00000007c0000000)
  eden space 389120K, 100% used [0x000000076ab00000,0x0000000782700000,0x0000000782700000)
  from space 55808K, 0% used [0x0000000788080000,0x0000000788080000,0x000000078b700000)
  to   space 52736K, 0% used [0x0000000784d00000,0x0000000784d00000,0x0000000788080000)
 ParOldGen       total 150016K, used 149587K [0x00000006c0000000, 0x00000006c9280000, 0x000000076ab00000)
  object space 150016K, 99% used [0x00000006c0000000,0x00000006c9214c40,0x00000006c9280000)
 Metaspace       used 6826K, capacity 7320K, committed 7680K, reserved 1056768K
  class space    used 645K, capacity 656K, committed 768K, reserved 1048576K
Event: 19.017 GC heap after
Heap after GC invocations=26 (full 16):
 PSYoungGen      total 444928K, used 351717K [0x000000076ab00000, 0x000000078b700000, 0x00000007c0000000)
  eden space 389120K, 90% used [0x000000076ab00000,0x0000000780279450,0x0000000782700000)
  from space 55808K, 0% used [0x0000000788080000,0x0000000788080000,0x000000078b700000)
  to   space 52736K, 0% used [0x0000000784d00000,0x0000000784d00000,0x0000000788080000)
 ParOldGen       total 150016K, used 149585K [0x00000006c0000000, 0x00000006c9280000, 0x000000076ab00000)
  object space 150016K, 99% used [0x00000006c0000000,0x00000006c9214400,0x00000006c9280000)
 Metaspace       used 6826K, capacity 7320K, committed 7680K, reserved 1056768K
  class space    used 645K, capacity 656K, committed 768K, reserved 1048576K
}
Event: 19.078 GC heap before
{Heap before GC invocations=27 (full 17):
 PSYoungGen      total 444928K, used 389120K [0x000000076ab00000, 0x000000078b700000, 0x00000007c0000000)
  eden space 389120K, 100% used [0x000000076ab00000,0x0000000782700000,0x0000000782700000)
  from space 55808K, 0% used [0x0000000788080000,0x0000000788080000,0x000000078b700000)
  to   space 52736K, 0% used [0x0000000784d00000,0x0000000784d00000,0x0000000788080000)
 ParOldGen       total 150016K, used 149585K [0x00000006c0000000, 0x00000006c9280000, 0x000000076ab00000)
  object space 150016K, 99% used [0x00000006c0000000,0x00000006c9214400,0x00000006c9280000)
 Metaspace       used 6827K, capacity 7320K, committed 7680K, reserved 1056768K
  class space    used 645K, capacity 656K, committed 768K, reserved 1048576K
Event: 19.850 GC heap after
Heap after GC invocations=27 (full 17):
 PSYoungGen      total 444928K, used 356840K [0x000000076ab00000, 0x000000078b700000, 0x00000007c0000000)
  eden space 389120K, 91% used [0x000000076ab00000,0x000000078077a010,0x0000000782700000)
  from space 55808K, 0% used [0x0000000788080000,0x0000000788080000,0x000000078b700000)
  to   space 52736K, 0% used [0x0000000784d00000,0x0000000784d00000,0x0000000788080000)
 ParOldGen       total 150016K, used 149584K [0x00000006c0000000, 0x00000006c9280000, 0x000000076ab00000)
  object space 150016K, 99% used [0x00000006c0000000,0x00000006c9214260,0x00000006c9280000)
 Metaspace       used 6827K, capacity 7320K, committed 7680K, reserved 1056768K
  class space    used 645K, capacity 656K, committed 768K, reserved 1048576K
}
Event: 19.925 GC heap before
{Heap before GC invocations=28 (full 18):
 PSYoungGen      total 444928K, used 389120K [0x000000076ab00000, 0x000000078b700000, 0x00000007c0000000)
  eden space 389120K, 100% used [0x000000076ab00000,0x0000000782700000,0x0000000782700000)
  from space 55808K, 0% used [0x0000000788080000,0x0000000788080000,0x000000078b700000)
  to   space 52736K, 0% used [0x0000000784d00000,0x0000000784d00000,0x0000000788080000)
 ParOldGen       total 150016K, used 149584K [0x00000006c0000000, 0x00000006c9280000, 0x000000076ab00000)
  object space 150016K, 99% used [0x00000006c0000000,0x00000006c9214260,0x00000006c9280000)
 Metaspace       used 6827K, capacity 7320K, committed 7680K, reserved 1056768K
  class space    used 645K, capacity 656K, committed 768K, reserved 1048576K

