# JRE version: Java(TM) SE Runtime Environment (8.0_161-b12) (build 1.8.0_161-b12)
# Java VM: Java HotSpot(TM) 64-Bit Server VM (25.161-b12 mixed mode windows-amd64 compressed oops)
Heap:
 PSYoungGen      total 784896K, used 141557K [0x000000076ab00000, 0x00000007a9c00000, 0x00000007c0000000)
  eden space 566272K, 7% used [0x000000076ab00000,0x000000076d22f020,0x000000078d400000)
  from space 218624K, 46% used [0x000000079c680000,0x00000007a298e5d0,0x00000007a9c00000)
  to   space 233472K, 0% used [0x000000078d400000,0x000000078d400000,0x000000079b800000)
 ParOldGen       total 897536K, used 639025K [0x00000006c0000000, 0x00000006f6c80000, 0x000000076ab00000)
  object space 897536K, 71% used [0x00000006c0000000,0x00000006e700c418,0x00000006f6c80000)
 Metaspace       used 6984K, capacity 7608K, committed 7936K, reserved 1056768K
  class space    used 649K, capacity 688K, committed 768K, reserved 1048576K
GC Heap History (10 events):
Event: 11.351 GC heap before
{Heap before GC invocations=18 (full 4):
 PSYoungGen      total 559616K, used 440320K [0x000000076ab00000, 0x000000079b580000, 0x00000007c0000000)
  eden space 440320K, 100% used [0x000000076ab00000,0x0000000785900000,0x0000000785900000)
  from space 119296K, 0% used [0x000000078f080000,0x000000078f080000,0x0000000796500000)
  to   space 155136K, 0% used [0x0000000785900000,0x0000000785900000,0x000000078f080000)
 ParOldGen       total 639488K, used 453703K [0x00000006c0000000, 0x00000006e7080000, 0x000000076ab00000)
  object space 639488K, 70% used [0x00000006c0000000,0x00000006dbb11d70,0x00000006e7080000)
 Metaspace       used 6658K, capacity 7320K, committed 7680K, reserved 1056768K
  class space    used 630K, capacity 656K, committed 768K, reserved 1048576K
Event: 11.422 GC heap after
Heap after GC invocations=18 (full 4):
 PSYoungGen      total 595456K, used 71631K [0x000000076ab00000, 0x000000079cd00000, 0x00000007c0000000)
  eden space 440320K, 0% used [0x000000076ab00000,0x000000076ab00000,0x0000000785900000)
  from space 155136K, 46% used [0x0000000785900000,0x0000000789ef3fc0,0x000000078f080000)
  to   space 151552K, 0% used [0x0000000793900000,0x0000000793900000,0x000000079cd00000)
 ParOldGen       total 639488K, used 453703K [0x00000006c0000000, 0x00000006e7080000, 0x000000076ab00000)
  object space 639488K, 70% used [0x00000006c0000000,0x00000006dbb11d70,0x00000006e7080000)
 Metaspace       used 6658K, capacity 7320K, committed 7680K, reserved 1056768K
  class space    used 630K, capacity 656K, committed 768K, reserved 1048576K
}
Event: 12.096 GC heap before
{Heap before GC invocations=19 (full 4):
 PSYoungGen      total 595456K, used 511951K [0x000000076ab00000, 0x000000079cd00000, 0x00000007c0000000)
  eden space 440320K, 100% used [0x000000076ab00000,0x0000000785900000,0x0000000785900000)
  from space 155136K, 46% used [0x0000000785900000,0x0000000789ef3fc0,0x000000078f080000)
  to   space 151552K, 0% used [0x0000000793900000,0x0000000793900000,0x000000079cd00000)
 ParOldGen       total 639488K, used 453703K [0x00000006c0000000, 0x00000006e7080000, 0x000000076ab00000)
  object space 639488K, 70% used [0x00000006c0000000,0x00000006dbb11d70,0x00000006e7080000)
 Metaspace       used 6660K, capacity 7320K, committed 7680K, reserved 1056768K
  class space    used 631K, capacity 656K, committed 768K, reserved 1048576K
Event: 12.230 GC heap after
Heap after GC invocations=19 (full 4):
 PSYoungGen      total 648192K, used 139815K [0x000000076ab00000, 0x000000079f980000, 0x00000007c0000000)
  eden space 496640K, 0% used [0x000000076ab00000,0x000000076ab00000,0x0000000789000000)
  from space 151552K, 92% used [0x0000000793900000,0x000000079c189d10,0x000000079cd00000)
  to   space 173056K, 0% used [0x0000000789000000,0x0000000789000000,0x0000000793900000)
 ParOldGen       total 639488K, used 453703K [0x00000006c0000000, 0x00000006e7080000, 0x000000076ab00000)
  object space 639488K, 70% used [0x00000006c0000000,0x00000006dbb11d70,0x00000006e7080000)
 Metaspace       used 6660K, capacity 7320K, committed 7680K, reserved 1056768K
  class space    used 631K, capacity 656K, committed 768K, reserved 1048576K
}
Event: 12.926 GC heap before
{Heap before GC invocations=20 (full 4):
 PSYoungGen      total 648192K, used 636455K [0x000000076ab00000, 0x000000079f980000, 0x00000007c0000000)
  eden space 496640K, 100% used [0x000000076ab00000,0x0000000789000000,0x0000000789000000)
  from space 151552K, 92% used [0x0000000793900000,0x000000079c189d10,0x000000079cd00000)
  to   space 173056K, 0% used [0x0000000789000000,0x0000000789000000,0x0000000793900000)
 ParOldGen       total 639488K, used 453703K [0x00000006c0000000, 0x00000006e7080000, 0x000000076ab00000)
  object space 639488K, 70% used [0x00000006c0000000,0x00000006dbb11d70,0x00000006e7080000)
 Metaspace       used 6663K, capacity 7320K, committed 7680K, reserved 1056768K
  class space    used 631K, capacity 656K, committed 768K, reserved 1048576K
Event: 13.115 GC heap after
Heap after GC invocations=20 (full 4):
 PSYoungGen      total 669696K, used 173045K [0x000000076ab00000, 0x00000007a9d80000, 0x00000007c0000000)
  eden space 496640K, 0% used [0x000000076ab00000,0x000000076ab00000,0x0000000789000000)
  from space 173056K, 99% used [0x0000000789000000,0x00000007938fd508,0x0000000793900000)
  to   space 220160K, 0% used [0x000000079c680000,0x000000079c680000,0x00000007a9d80000)
 ParOldGen       total 639488K, used 500682K [0x00000006c0000000, 0x00000006e7080000, 0x000000076ab00000)
  object space 639488K, 78% used [0x00000006c0000000,0x00000006de8f2a90,0x00000006e7080000)
 Metaspace       used 6663K, capacity 7320K, committed 7680K, reserved 1056768K
  class space    used 631K, capacity 656K, committed 768K, reserved 1048576K
}
Event: 13.941 GC heap before
{Heap before GC invocations=21 (full 4):
 PSYoungGen      total 669696K, used 669685K [0x000000076ab00000, 0x00000007a9d80000, 0x00000007c0000000)
  eden space 496640K, 100% used [0x000000076ab00000,0x0000000789000000,0x0000000789000000)
  from space 173056K, 99% used [0x0000000789000000,0x00000007938fd508,0x0000000793900000)
  to   space 220160K, 0% used [0x000000079c680000,0x000000079c680000,0x00000007a9d80000)
 ParOldGen       total 639488K, used 500682K [0x00000006c0000000, 0x00000006e7080000, 0x000000076ab00000)
  object space 639488K, 78% used [0x00000006c0000000,0x00000006de8f2a90,0x00000006e7080000)
 Metaspace       used 6742K, capacity 7384K, committed 7680K, reserved 1056768K
  class space    used 635K, capacity 656K, committed 768K, reserved 1048576K
Event: 14.187 GC heap after
Heap after GC invocations=21 (full 4):
 PSYoungGen      total 784896K, used 154686K [0x000000076ab00000, 0x00000007a9c00000, 0x00000007c0000000)
  eden space 566272K, 0% used [0x000000076ab00000,0x000000076ab00000,0x000000078d400000)
  from space 218624K, 70% used [0x000000079c680000,0x00000007a5d8fb30,0x00000007a9c00000)
  to   space 233472K, 0% used [0x000000078d400000,0x000000078d400000,0x000000079b800000)
 ParOldGen       total 639488K, used 600210K [0x00000006c0000000, 0x00000006e7080000, 0x000000076ab00000)
  object space 639488K, 93% used [0x00000006c0000000,0x00000006e4a24970,0x00000006e7080000)
 Metaspace       used 6742K, capacity 7384K, committed 7680K, reserved 1056768K
  class space    used 635K, capacity 656K, committed 768K, reserved 1048576K
}
Event: 14.187 GC heap before
{Heap before GC invocations=22 (full 5):
 PSYoungGen      total 784896K, used 154686K [0x000000076ab00000, 0x00000007a9c00000, 0x00000007c0000000)
  eden space 566272K, 0% used [0x000000076ab00000,0x000000076ab00000,0x000000078d400000)
  from space 218624K, 70% used [0x000000079c680000,0x00000007a5d8fb30,0x00000007a9c00000)
  to   space 233472K, 0% used [0x000000078d400000,0x000000078d400000,0x000000079b800000)
 ParOldGen       total 639488K, used 600210K [0x00000006c0000000, 0x00000006e7080000, 0x000000076ab00000)
  object space 639488K, 93% used [0x00000006c0000000,0x00000006e4a24970,0x00000006e7080000)
 Metaspace       used 6742K, capacity 7384K, committed 7680K, reserved 1056768K
  class space    used 635K, capacity 656K, committed 768K, reserved 1048576K
Event: 17.267 GC heap after
Heap after GC invocations=22 (full 5):
 PSYoungGen      total 784896K, used 101433K [0x000000076ab00000, 0x00000007a9c00000, 0x00000007c0000000)
  eden space 566272K, 0% used [0x000000076ab00000,0x000000076ab00000,0x000000078d400000)
  from space 218624K, 46% used [0x000000079c680000,0x00000007a298e5d0,0x00000007a9c00000)
  to   space 233472K, 0% used [0x000000078d400000,0x000000078d400000,0x000000079b800000)
 ParOldGen       total 897536K, used 639025K [0x00000006c0000000, 0x00000006f6c80000, 0x000000076ab00000)
  object space 897536K, 71% used [0x00000006c0000000,0x00000006e700c418,0x00000006f6c80000)
 Metaspace       used 6742K, capacity 7384K, committed 7680K, reserved 1056768K
  class space    used 635K, capacity 656K, committed 768K, reserved 1048576K
}

