# JRE version: Java(TM) SE Runtime Environment (8.0_161-b12) (build 1.8.0_161-b12)
# Java VM: Java HotSpot(TM) 64-Bit Server VM (25.161-b12 mixed mode windows-amd64 compressed oops)
Heap:
 PSYoungGen      total 556032K, used 428544K [0x000000076ab00000, 0x000000079ec80000, 0x00000007c0000000)
  eden space 428544K, 100% used [0x000000076ab00000,0x0000000784d80000,0x0000000784d80000)
  from space 127488K, 0% used [0x0000000784d80000,0x0000000784d80000,0x000000078ca00000)
  to   space 165376K, 0% used [0x0000000794b00000,0x0000000794b00000,0x000000079ec80000)
 ParOldGen       total 302592K, used 302228K [0x00000006c0000000, 0x00000006d2780000, 0x000000076ab00000)
  object space 302592K, 99% used [0x00000006c0000000,0x00000006d27252d0,0x00000006d2780000)
 Metaspace       used 6667K, capacity 7320K, committed 7680K, reserved 1056768K
  class space    used 631K, capacity 656K, committed 768K, reserved 1048576K
GC Heap History (10 events):
Event: 19.602 GC heap after
Heap after GC invocations=24 (full 11):
 PSYoungGen      total 556032K, used 336347K [0x000000076ab00000, 0x000000079ec80000, 0x00000007c0000000)
  eden space 428544K, 78% used [0x000000076ab00000,0x000000077f376c88,0x0000000784d80000)
  from space 127488K, 0% used [0x0000000784d80000,0x0000000784d80000,0x000000078ca00000)
  to   space 165376K, 0% used [0x0000000794b00000,0x0000000794b00000,0x000000079ec80000)
 ParOldGen       total 302592K, used 302234K [0x00000006c0000000, 0x00000006d2780000, 0x000000076ab00000)
  object space 302592K, 99% used [0x00000006c0000000,0x00000006d27269b0,0x00000006d2780000)
 Metaspace       used 6666K, capacity 7320K, committed 7680K, reserved 1056768K
  class space    used 631K, capacity 656K, committed 768K, reserved 1048576K
}
Event: 19.714 GC heap before
{Heap before GC invocations=25 (full 12):
 PSYoungGen      total 556032K, used 428544K [0x000000076ab00000, 0x000000079ec80000, 0x00000007c0000000)
  eden space 428544K, 100% used [0x000000076ab00000,0x0000000784d80000,0x0000000784d80000)
  from space 127488K, 0% used [0x0000000784d80000,0x0000000784d80000,0x000000078ca00000)
  to   space 165376K, 0% used [0x0000000794b00000,0x0000000794b00000,0x000000079ec80000)
 ParOldGen       total 302592K, used 302234K [0x00000006c0000000, 0x00000006d2780000, 0x000000076ab00000)
  object space 302592K, 99% used [0x00000006c0000000,0x00000006d27269b0,0x00000006d2780000)
 Metaspace       used 6666K, capacity 7320K, committed 7680K, reserved 1056768K
  class space    used 631K, capacity 656K, committed 768K, reserved 1048576K
Event: 20.612 GC heap after
Heap after GC invocations=25 (full 12):
 PSYoungGen      total 556032K, used 350746K [0x000000076ab00000, 0x000000079ec80000, 0x00000007c0000000)
  eden space 428544K, 81% used [0x000000076ab00000,0x0000000780186b18,0x0000000784d80000)
  from space 127488K, 0% used [0x0000000784d80000,0x0000000784d80000,0x000000078ca00000)
  to   space 165376K, 0% used [0x0000000794b00000,0x0000000794b00000,0x000000079ec80000)
 ParOldGen       total 302592K, used 302233K [0x00000006c0000000, 0x00000006d2780000, 0x000000076ab00000)
  object space 302592K, 99% used [0x00000006c0000000,0x00000006d2726530,0x00000006d2780000)
 Metaspace       used 6666K, capacity 7320K, committed 7680K, reserved 1056768K
  class space    used 631K, capacity 656K, committed 768K, reserved 1048576K
}
Event: 20.678 GC heap before
{Heap before GC invocations=26 (full 13):
 PSYoungGen      total 556032K, used 428544K [0x000000076ab00000, 0x000000079ec80000, 0x00000007c0000000)
  eden space 428544K, 100% used [0x000000076ab00000,0x0000000784d80000,0x0000000784d80000)
  from space 127488K, 0% used [0x0000000784d80000,0x0000000784d80000,0x000000078ca00000)
  to   space 165376K, 0% used [0x0000000794b00000,0x0000000794b00000,0x000000079ec80000)
 ParOldGen       total 302592K, used 302233K [0x00000006c0000000, 0x00000006d2780000, 0x000000076ab00000)
  object space 302592K, 99% used [0x00000006c0000000,0x00000006d2726530,0x00000006d2780000)
 Metaspace       used 6667K, capacity 7320K, committed 7680K, reserved 1056768K
  class space    used 631K, capacity 656K, committed 768K, reserved 1048576K
Event: 21.592 GC heap after
Heap after GC invocations=26 (full 13):
 PSYoungGen      total 556032K, used 361683K [0x000000076ab00000, 0x000000079ec80000, 0x00000007c0000000)
  eden space 428544K, 84% used [0x000000076ab00000,0x0000000780c34f98,0x0000000784d80000)
  from space 127488K, 0% used [0x0000000784d80000,0x0000000784d80000,0x000000078ca00000)
  to   space 165376K, 0% used [0x0000000794b00000,0x0000000794b00000,0x000000079ec80000)
 ParOldGen       total 302592K, used 302231K [0x00000006c0000000, 0x00000006d2780000, 0x000000076ab00000)
  object space 302592K, 99% used [0x00000006c0000000,0x00000006d2725d30,0x00000006d2780000)
 Metaspace       used 6667K, capacity 7320K, committed 7680K, reserved 1056768K
  class space    used 631K, capacity 656K, committed 768K, reserved 1048576K
}
Event: 21.670 GC heap before
{Heap before GC invocations=27 (full 14):
 PSYoungGen      total 556032K, used 428544K [0x000000076ab00000, 0x000000079ec80000, 0x00000007c0000000)
  eden space 428544K, 100% used [0x000000076ab00000,0x0000000784d80000,0x0000000784d80000)
  from space 127488K, 0% used [0x0000000784d80000,0x0000000784d80000,0x000000078ca00000)
  to   space 165376K, 0% used [0x0000000794b00000,0x0000000794b00000,0x000000079ec80000)
 ParOldGen       total 302592K, used 302231K [0x00000006c0000000, 0x00000006d2780000, 0x000000076ab00000)
  object space 302592K, 99% used [0x00000006c0000000,0x00000006d2725d30,0x00000006d2780000)
 Metaspace       used 6667K, capacity 7320K, committed 7680K, reserved 1056768K
  class space    used 631K, capacity 656K, committed 768K, reserved 1048576K
Event: 22.546 GC heap after
Heap after GC invocations=27 (full 14):
 PSYoungGen      total 556032K, used 371483K [0x000000076ab00000, 0x000000079ec80000, 0x00000007c0000000)
  eden space 428544K, 86% used [0x000000076ab00000,0x00000007815c6eb8,0x0000000784d80000)
  from space 127488K, 0% used [0x0000000784d80000,0x0000000784d80000,0x000000078ca00000)
  to   space 165376K, 0% used [0x0000000794b00000,0x0000000794b00000,0x000000079ec80000)
 ParOldGen       total 302592K, used 302228K [0x00000006c0000000, 0x00000006d2780000, 0x000000076ab00000)
  object space 302592K, 99% used [0x00000006c0000000,0x00000006d27252f0,0x00000006d2780000)
 Metaspace       used 6667K, capacity 7320K, committed 7680K, reserved 1056768K
  class space    used 631K, capacity 656K, committed 768K, reserved 1048576K
}
Event: 22.631 GC heap before
{Heap before GC invocations=28 (full 15):
 PSYoungGen      total 556032K, used 428544K [0x000000076ab00000, 0x000000079ec80000, 0x00000007c0000000)
  eden space 428544K, 100% used [0x000000076ab00000,0x0000000784d80000,0x0000000784d80000)
  from space 127488K, 0% used [0x0000000784d80000,0x0000000784d80000,0x000000078ca00000)
  to   space 165376K, 0% used [0x0000000794b00000,0x0000000794b00000,0x000000079ec80000)
 ParOldGen       total 302592K, used 302228K [0x00000006c0000000, 0x00000006d2780000, 0x000000076ab00000)
  object space 302592K, 99% used [0x00000006c0000000,0x00000006d27252f0,0x00000006d2780000)
 Metaspace       used 6667K, capacity 7320K, committed 7680K, reserved 1056768K
  class space    used 631K, capacity 656K, committed 768K, reserved 1048576K
Event: 23.428 GC heap after
Heap after GC invocations=28 (full 15):
 PSYoungGen      total 556032K, used 380656K [0x000000076ab00000, 0x000000079ec80000, 0x00000007c0000000)
  eden space 428544K, 88% used [0x000000076ab00000,0x0000000781ebc1e8,0x0000000784d80000)
  from space 127488K, 0% used [0x0000000784d80000,0x0000000784d80000,0x000000078ca00000)
  to   space 165376K, 0% used [0x0000000794b00000,0x0000000794b00000,0x000000079ec80000)
 ParOldGen       total 302592K, used 302228K [0x00000006c0000000, 0x00000006d2780000, 0x000000076ab00000)
  object space 302592K, 99% used [0x00000006c0000000,0x00000006d27252d0,0x00000006d2780000)
 Metaspace       used 6667K, capacity 7320K, committed 7680K, reserved 1056768K
  class space    used 631K, capacity 656K, committed 768K, reserved 1048576K
}
Event: 23.493 GC heap before
{Heap before GC invocations=29 (full 16):
 PSYoungGen      total 556032K, used 428544K [0x000000076ab00000, 0x000000079ec80000, 0x00000007c0000000)
  eden space 428544K, 100% used [0x000000076ab00000,0x0000000784d80000,0x0000000784d80000)
  from space 127488K, 0% used [0x0000000784d80000,0x0000000784d80000,0x000000078ca00000)
  to   space 165376K, 0% used [0x0000000794b00000,0x0000000794b00000,0x000000079ec80000)
 ParOldGen       total 302592K, used 302228K [0x00000006c0000000, 0x00000006d2780000, 0x000000076ab00000)
  object space 302592K, 99% used [0x00000006c0000000,0x00000006d27252d0,0x00000006d2780000)
 Metaspace       used 6667K, capacity 7320K, committed 7680K, reserved 1056768K
  class space    used 631K, capacity 656K, committed 768K, reserved 1048576K

