# JRE version: Java(TM) SE Runtime Environment (8.0_161-b12) (build 1.8.0_161-b12)
# Java VM: Java HotSpot(TM) 64-Bit Server VM (25.161-b12 mixed mode windows-amd64 compressed oops)
Heap:
 PSYoungGen      total 822784K, used 241415K [0x000000076ab00000, 0x00000007aea80000, 0x00000007c0000000)
  eden space 608256K, 18% used [0x000000076ab00000,0x0000000771826858,0x000000078fd00000)
  from space 214528K, 60% used [0x000000079e200000,0x00000007a609b420,0x00000007ab380000)
  to   space 234496K, 0% used [0x000000078fd00000,0x000000078fd00000,0x000000079e200000)
 ParOldGen       total 708096K, used 471658K [0x00000006c0000000, 0x00000006eb380000, 0x000000076ab00000)
  object space 708096K, 66% used [0x00000006c0000000,0x00000006dcc9a910,0x00000006eb380000)
 Metaspace       used 6687K, capacity 7320K, committed 7680K, reserved 1056768K
  class space    used 632K, capacity 656K, committed 768K, reserved 1048576K
GC Heap History (10 events):
Event: 8.779 GC heap before
{Heap before GC invocations=16 (full 3):
 PSYoungGen      total 564224K, used 131040K [0x000000076ab00000, 0x000000079fa80000, 0x00000007c0000000)
  eden space 433152K, 0% used [0x000000076ab00000,0x000000076ab00000,0x0000000785200000)
  from space 131072K, 99% used [0x0000000785200000,0x000000078d1f82c8,0x000000078d200000)
  to   space 169984K, 0% used [0x0000000795480000,0x0000000795480000,0x000000079fa80000)
 ParOldGen       total 302592K, used 255536K [0x00000006c0000000, 0x00000006d2780000, 0x000000076ab00000)
  object space 302592K, 84% used [0x00000006c0000000,0x00000006cf98c318,0x00000006d2780000)
 Metaspace       used 6681K, capacity 7320K, committed 7680K, reserved 1056768K
  class space    used 632K, capacity 656K, committed 768K, reserved 1048576K
Event: 9.680 GC heap after
Heap after GC invocations=16 (full 3):
 PSYoungGen      total 564224K, used 77040K [0x000000076ab00000, 0x000000079fa80000, 0x00000007c0000000)
  eden space 433152K, 0% used [0x000000076ab00000,0x000000076ab00000,0x0000000785200000)
  from space 131072K, 58% used [0x0000000785200000,0x0000000789d3c1f8,0x000000078d200000)
  to   space 169984K, 0% used [0x0000000795480000,0x0000000795480000,0x000000079fa80000)
 ParOldGen       total 472064K, used 302443K [0x00000006c0000000, 0x00000006dcd00000, 0x000000076ab00000)
  object space 472064K, 64% used [0x00000006c0000000,0x00000006d275afa0,0x00000006dcd00000)
 Metaspace       used 6681K, capacity 7320K, committed 7680K, reserved 1056768K
  class space    used 632K, capacity 656K, committed 768K, reserved 1048576K
}
Event: 10.747 GC heap before
{Heap before GC invocations=17 (full 3):
 PSYoungGen      total 564224K, used 510192K [0x000000076ab00000, 0x000000079fa80000, 0x00000007c0000000)
  eden space 433152K, 100% used [0x000000076ab00000,0x0000000785200000,0x0000000785200000)
  from space 131072K, 58% used [0x0000000785200000,0x0000000789d3c1f8,0x000000078d200000)
  to   space 169984K, 0% used [0x0000000795480000,0x0000000795480000,0x000000079fa80000)
 ParOldGen       total 472064K, used 302443K [0x00000006c0000000, 0x00000006dcd00000, 0x000000076ab00000)
  object space 472064K, 64% used [0x00000006c0000000,0x00000006d275afa0,0x00000006dcd00000)
 Metaspace       used 6682K, capacity 7320K, committed 7680K, reserved 1056768K
  class space    used 632K, capacity 656K, committed 768K, reserved 1048576K
Event: 10.965 GC heap after
Heap after GC invocations=17 (full 3):
 PSYoungGen      total 689152K, used 112505K [0x000000076ab00000, 0x00000007a0880000, 0x00000007c0000000)
  eden space 519168K, 0% used [0x000000076ab00000,0x000000076ab00000,0x000000078a600000)
  from space 169984K, 66% used [0x0000000795480000,0x000000079c25e4c0,0x000000079fa80000)
  to   space 178688K, 0% used [0x000000078a600000,0x000000078a600000,0x0000000795480000)
 ParOldGen       total 472064K, used 333909K [0x00000006c0000000, 0x00000006dcd00000, 0x000000076ab00000)
  object space 472064K, 70% used [0x00000006c0000000,0x00000006d46154f8,0x00000006dcd00000)
 Metaspace       used 6682K, capacity 7320K, committed 7680K, reserved 1056768K
  class space    used 632K, capacity 656K, committed 768K, reserved 1048576K
}
Event: 12.434 GC heap before
{Heap before GC invocations=18 (full 3):
 PSYoungGen      total 689152K, used 631673K [0x000000076ab00000, 0x00000007a0880000, 0x00000007c0000000)
  eden space 519168K, 100% used [0x000000076ab00000,0x000000078a600000,0x000000078a600000)
  from space 169984K, 66% used [0x0000000795480000,0x000000079c25e4c0,0x000000079fa80000)
  to   space 178688K, 0% used [0x000000078a600000,0x000000078a600000,0x0000000795480000)
 ParOldGen       total 472064K, used 333909K [0x00000006c0000000, 0x00000006dcd00000, 0x000000076ab00000)
  object space 472064K, 70% used [0x00000006c0000000,0x00000006d46154f8,0x00000006dcd00000)
 Metaspace       used 6686K, capacity 7320K, committed 7680K, reserved 1056768K
  class space    used 632K, capacity 656K, committed 768K, reserved 1048576K
Event: 12.628 GC heap after
Heap after GC invocations=18 (full 3):
 PSYoungGen      total 697856K, used 178685K [0x000000076ab00000, 0x00000007ab380000, 0x00000007c0000000)
  eden space 519168K, 0% used [0x000000076ab00000,0x000000076ab00000,0x000000078a600000)
  from space 178688K, 99% used [0x000000078a600000,0x000000079547f700,0x0000000795480000)
  to   space 214528K, 0% used [0x000000079e200000,0x000000079e200000,0x00000007ab380000)
 ParOldGen       total 472064K, used 347810K [0x00000006c0000000, 0x00000006dcd00000, 0x000000076ab00000)
  object space 472064K, 73% used [0x00000006c0000000,0x00000006d53a8bb8,0x00000006dcd00000)
 Metaspace       used 6686K, capacity 7320K, committed 7680K, reserved 1056768K
  class space    used 632K, capacity 656K, committed 768K, reserved 1048576K
}
Event: 13.809 GC heap before
{Heap before GC invocations=19 (full 3):
 PSYoungGen      total 697856K, used 697853K [0x000000076ab00000, 0x00000007ab380000, 0x00000007c0000000)
  eden space 519168K, 100% used [0x000000076ab00000,0x000000078a600000,0x000000078a600000)
  from space 178688K, 99% used [0x000000078a600000,0x000000079547f700,0x0000000795480000)
  to   space 214528K, 0% used [0x000000079e200000,0x000000079e200000,0x00000007ab380000)
 ParOldGen       total 472064K, used 347810K [0x00000006c0000000, 0x00000006dcd00000, 0x000000076ab00000)
  object space 472064K, 73% used [0x00000006c0000000,0x00000006d53a8bb8,0x00000006dcd00000)
 Metaspace       used 6687K, capacity 7320K, committed 7680K, reserved 1056768K
  class space    used 632K, capacity 656K, committed 768K, reserved 1048576K
Event: 14.190 GC heap after
Heap after GC invocations=19 (full 3):
 PSYoungGen      total 822784K, used 169006K [0x000000076ab00000, 0x00000007aea80000, 0x00000007c0000000)
  eden space 608256K, 0% used [0x000000076ab00000,0x000000076ab00000,0x000000078fd00000)
  from space 214528K, 78% used [0x000000079e200000,0x00000007a870bb40,0x00000007ab380000)
  to   space 234496K, 0% used [0x000000078fd00000,0x000000078fd00000,0x000000079e200000)
 ParOldGen       total 472064K, used 449619K [0x00000006c0000000, 0x00000006dcd00000, 0x000000076ab00000)
  object space 472064K, 95% used [0x00000006c0000000,0x00000006db714e78,0x00000006dcd00000)
 Metaspace       used 6687K, capacity 7320K, committed 7680K, reserved 1056768K
  class space    used 632K, capacity 656K, committed 768K, reserved 1048576K
}
Event: 14.190 GC heap before
{Heap before GC invocations=20 (full 4):
 PSYoungGen      total 822784K, used 169006K [0x000000076ab00000, 0x00000007aea80000, 0x00000007c0000000)
  eden space 608256K, 0% used [0x000000076ab00000,0x000000076ab00000,0x000000078fd00000)
  from space 214528K, 78% used [0x000000079e200000,0x00000007a870bb40,0x00000007ab380000)
  to   space 234496K, 0% used [0x000000078fd00000,0x000000078fd00000,0x000000079e200000)
 ParOldGen       total 472064K, used 449619K [0x00000006c0000000, 0x00000006dcd00000, 0x000000076ab00000)
  object space 472064K, 95% used [0x00000006c0000000,0x00000006db714e78,0x00000006dcd00000)
 Metaspace       used 6687K, capacity 7320K, committed 7680K, reserved 1056768K
  class space    used 632K, capacity 656K, committed 768K, reserved 1048576K
Event: 15.998 GC heap after
Heap after GC invocations=20 (full 4):
 PSYoungGen      total 822784K, used 129645K [0x000000076ab00000, 0x00000007aea80000, 0x00000007c0000000)
  eden space 608256K, 0% used [0x000000076ab00000,0x000000076ab00000,0x000000078fd00000)
  from space 214528K, 60% used [0x000000079e200000,0x00000007a609b420,0x00000007ab380000)
  to   space 234496K, 0% used [0x000000078fd00000,0x000000078fd00000,0x000000079e200000)
 ParOldGen       total 708096K, used 471658K [0x00000006c0000000, 0x00000006eb380000, 0x000000076ab00000)
  object space 708096K, 66% used [0x00000006c0000000,0x00000006dcc9a910,0x00000006eb380000)
 Metaspace       used 6687K, capacity 7320K, committed 7680K, reserved 1056768K
  class space    used 632K, capacity 656K, committed 768K, reserved 1048576K
}

