# JRE version: Java(TM) SE Runtime Environment (8.0_161-b12) (build 1.8.0_161-b12)
# Java VM: Java HotSpot(TM) 64-Bit Server VM (25.161-b12 mixed mode windows-amd64 compressed oops)
Heap:
 PSYoungGen      total 708096K, used 361322K [0x000000076ab00000, 0x00000007acf00000, 0x00000007c0000000)
  eden space 522752K, 69% used [0x000000076ab00000,0x0000000780bda810,0x000000078a980000)
  from space 185344K, 0% used [0x000000078a980000,0x000000078a980000,0x0000000795e80000)
  to   space 220160K, 70% used [0x000000079f800000,0x00000007a9042028,0x00000007acf00000)
 ParOldGen       total 439808K, used 439436K [0x00000006c0000000, 0x00000006dad80000, 0x000000076ab00000)
  object space 439808K, 99% used [0x00000006c0000000,0x00000006dad230a8,0x00000006dad80000)
 Metaspace       used 6669K, capacity 7320K, committed 7680K, reserved 1056768K
  class space    used 629K, capacity 656K, committed 768K, reserved 1048576K
GC Heap History (10 events):
Event: 8.573 GC heap before
{Heap before GC invocations=16 (full 3):
 PSYoungGen      total 565760K, used 139263K [0x000000076ab00000, 0x00000007a0b00000, 0x00000007c0000000)
  eden space 426496K, 0% used [0x000000076ab00000,0x000000076ab00000,0x0000000784b80000)
  from space 139264K, 99% used [0x0000000784b80000,0x000000078d37fee8,0x000000078d380000)
  to   space 176640K, 0% used [0x0000000795e80000,0x0000000795e80000,0x00000007a0b00000)
 ParOldGen       total 270336K, used 243848K [0x00000006c0000000, 0x00000006d0800000, 0x000000076ab00000)
  object space 270336K, 90% used [0x00000006c0000000,0x00000006cee22170,0x00000006d0800000)
 Metaspace       used 6658K, capacity 7320K, committed 7680K, reserved 1056768K
  class space    used 628K, capacity 656K, committed 768K, reserved 1048576K
Event: 9.504 GC heap after
Heap after GC invocations=16 (full 3):
 PSYoungGen      total 565760K, used 107619K [0x000000076ab00000, 0x00000007a0b00000, 0x00000007c0000000)
  eden space 426496K, 0% used [0x000000076ab00000,0x000000076ab00000,0x0000000784b80000)
  from space 139264K, 77% used [0x0000000784b80000,0x000000078b498c38,0x000000078d380000)
  to   space 176640K, 0% used [0x0000000795e80000,0x0000000795e80000,0x00000007a0b00000)
 ParOldGen       total 428544K, used 269826K [0x00000006c0000000, 0x00000006da280000, 0x000000076ab00000)
  object space 428544K, 62% used [0x00000006c0000000,0x00000006d0780aa0,0x00000006da280000)
 Metaspace       used 6658K, capacity 7320K, committed 7680K, reserved 1056768K
  class space    used 628K, capacity 656K, committed 768K, reserved 1048576K
}
Event: 10.464 GC heap before
{Heap before GC invocations=17 (full 3):
 PSYoungGen      total 565760K, used 534115K [0x000000076ab00000, 0x00000007a0b00000, 0x00000007c0000000)
  eden space 426496K, 100% used [0x000000076ab00000,0x0000000784b80000,0x0000000784b80000)
  from space 139264K, 77% used [0x0000000784b80000,0x000000078b498c38,0x000000078d380000)
  to   space 176640K, 0% used [0x0000000795e80000,0x0000000795e80000,0x00000007a0b00000)
 ParOldGen       total 428544K, used 269826K [0x00000006c0000000, 0x00000006da280000, 0x000000076ab00000)
  object space 428544K, 62% used [0x00000006c0000000,0x00000006d0780aa0,0x00000006da280000)
 Metaspace       used 6660K, capacity 7320K, committed 7680K, reserved 1056768K
  class space    used 629K, capacity 656K, committed 768K, reserved 1048576K
Event: 10.705 GC heap after
Heap after GC invocations=17 (full 3):
 PSYoungGen      total 699392K, used 116217K [0x000000076ab00000, 0x00000007a1700000, 0x00000007c0000000)
  eden space 522752K, 0% used [0x000000076ab00000,0x000000076ab00000,0x000000078a980000)
  from space 176640K, 65% used [0x0000000795e80000,0x000000079cffe510,0x00000007a0b00000)
  to   space 185344K, 0% used [0x000000078a980000,0x000000078a980000,0x0000000795e80000)
 ParOldGen       total 428544K, used 326276K [0x00000006c0000000, 0x00000006da280000, 0x000000076ab00000)
  object space 428544K, 76% used [0x00000006c0000000,0x00000006d3ea1240,0x00000006da280000)
 Metaspace       used 6660K, capacity 7320K, committed 7680K, reserved 1056768K
  class space    used 629K, capacity 656K, committed 768K, reserved 1048576K
}
Event: 11.838 GC heap before
{Heap before GC invocations=18 (full 3):
 PSYoungGen      total 699392K, used 638969K [0x000000076ab00000, 0x00000007a1700000, 0x00000007c0000000)
  eden space 522752K, 100% used [0x000000076ab00000,0x000000078a980000,0x000000078a980000)
  from space 176640K, 65% used [0x0000000795e80000,0x000000079cffe510,0x00000007a0b00000)
  to   space 185344K, 0% used [0x000000078a980000,0x000000078a980000,0x0000000795e80000)
 ParOldGen       total 428544K, used 326276K [0x00000006c0000000, 0x00000006da280000, 0x000000076ab00000)
  object space 428544K, 76% used [0x00000006c0000000,0x00000006d3ea1240,0x00000006da280000)
 Metaspace       used 6663K, capacity 7320K, committed 7680K, reserved 1056768K
  class space    used 629K, capacity 656K, committed 768K, reserved 1048576K
Event: 12.025 GC heap after
Heap after GC invocations=18 (full 3):
 PSYoungGen      total 708096K, used 185324K [0x000000076ab00000, 0x00000007acf00000, 0x00000007c0000000)
  eden space 522752K, 0% used [0x000000076ab00000,0x000000076ab00000,0x000000078a980000)
  from space 185344K, 99% used [0x000000078a980000,0x0000000795e7b288,0x0000000795e80000)
  to   space 220160K, 0% used [0x000000079f800000,0x000000079f800000,0x00000007acf00000)
 ParOldGen       total 428544K, used 333960K [0x00000006c0000000, 0x00000006da280000, 0x000000076ab00000)
  object space 428544K, 77% used [0x00000006c0000000,0x00000006d46222a0,0x00000006da280000)
 Metaspace       used 6663K, capacity 7320K, committed 7680K, reserved 1056768K
  class space    used 629K, capacity 656K, committed 768K, reserved 1048576K
}
Event: 13.174 GC heap before
{Heap before GC invocations=19 (full 3):
 PSYoungGen      total 708096K, used 708076K [0x000000076ab00000, 0x00000007acf00000, 0x00000007c0000000)
  eden space 522752K, 100% used [0x000000076ab00000,0x000000078a980000,0x000000078a980000)
  from space 185344K, 99% used [0x000000078a980000,0x0000000795e7b288,0x0000000795e80000)
  to   space 220160K, 0% used [0x000000079f800000,0x000000079f800000,0x00000007acf00000)
 ParOldGen       total 428544K, used 333960K [0x00000006c0000000, 0x00000006da280000, 0x000000076ab00000)
  object space 428544K, 77% used [0x00000006c0000000,0x00000006d46222a0,0x00000006da280000)
 Metaspace       used 6665K, capacity 7320K, committed 7680K, reserved 1056768K
  class space    used 629K, capacity 656K, committed 768K, reserved 1048576K
Event: 13.759 GC heap after
Heap after GC invocations=19 (full 3):
 PSYoungGen      total 708096K, used 708076K [0x000000076ab00000, 0x00000007acf00000, 0x00000007c0000000)
  eden space 522752K, 100% used [0x000000076ab00000,0x000000078a980000,0x000000078a980000)
  from space 185344K, 99% used [0x000000078a980000,0x0000000795e7b288,0x0000000795e80000)
  to   space 220160K, 74% used [0x000000079f800000,0x00000007a98ceb60,0x00000007acf00000)
 ParOldGen       total 439808K, used 439802K [0x00000006c0000000, 0x00000006dad80000, 0x000000076ab00000)
  object space 439808K, 99% used [0x00000006c0000000,0x00000006dad7ea58,0x00000006dad80000)
 Metaspace       used 6665K, capacity 7320K, committed 7680K, reserved 1056768K
  class space    used 629K, capacity 656K, committed 768K, reserved 1048576K
}
Event: 13.759 GC heap before
{Heap before GC invocations=20 (full 4):
 PSYoungGen      total 708096K, used 708076K [0x000000076ab00000, 0x00000007acf00000, 0x00000007c0000000)
  eden space 522752K, 100% used [0x000000076ab00000,0x000000078a980000,0x000000078a980000)
  from space 185344K, 99% used [0x000000078a980000,0x0000000795e7b288,0x0000000795e80000)
  to   space 220160K, 74% used [0x000000079f800000,0x00000007a98ceb60,0x00000007acf00000)
 ParOldGen       total 439808K, used 439802K [0x00000006c0000000, 0x00000006dad80000, 0x000000076ab00000)
  object space 439808K, 99% used [0x00000006c0000000,0x00000006dad7ea58,0x00000006dad80000)
 Metaspace       used 6665K, capacity 7320K, committed 7680K, reserved 1056768K
  class space    used 629K, capacity 656K, committed 768K, reserved 1048576K
Event: 16.095 GC heap after
Heap after GC invocations=20 (full 4):
 PSYoungGen      total 708096K, used 0K [0x000000076ab00000, 0x00000007acf00000, 0x00000007c0000000)
  eden space 522752K, 0% used [0x000000076ab00000,0x000000076ab00000,0x000000078a980000)
  from space 185344K, 0% used [0x000000078a980000,0x000000078a980000,0x0000000795e80000)
  to   space 220160K, 70% used [0x000000079f800000,0x00000007a9042028,0x00000007acf00000)
 ParOldGen       total 439808K, used 439436K [0x00000006c0000000, 0x00000006dad80000, 0x000000076ab00000)
  object space 439808K, 99% used [0x00000006c0000000,0x00000006dad230a8,0x00000006dad80000)
 Metaspace       used 6665K, capacity 7320K, committed 7680K, reserved 1056768K
  class space    used 629K, capacity 656K, committed 768K, reserved 1048576K
}

