# JRE version: Java(TM) SE Runtime Environment (8.0_161-b12) (build 1.8.0_161-b12)
# Java VM: Java HotSpot(TM) 64-Bit Server VM (25.161-b12 mixed mode windows-amd64 compressed oops)
Heap:
 PSYoungGen      total 563712K, used 138512K [0x000000076ab00000, 0x000000079fe00000, 0x00000007c0000000)
  eden space 432640K, 12% used [0x000000076ab00000,0x000000076e00a830,0x0000000785180000)
  from space 131072K, 64% used [0x0000000785180000,0x000000078a3b9aa8,0x000000078d180000)
  to   space 169472K, 0% used [0x0000000795880000,0x0000000795880000,0x000000079fe00000)
 ParOldGen       total 461824K, used 296392K [0x00000006c0000000, 0x00000006dc300000, 0x000000076ab00000)
  object space 461824K, 64% used [0x00000006c0000000,0x00000006d2172260,0x00000006dc300000)
 Metaspace       used 6658K, capacity 7320K, committed 7680K, reserved 1056768K
  class space    used 632K, capacity 656K, committed 768K, reserved 1048576K
GC Heap History (10 events):
Event: 4.616 GC heap before
{Heap before GC invocations=12 (full 2):
 PSYoungGen      total 421376K, used 33791K [0x000000076ab00000, 0x0000000792980000, 0x00000007c0000000)
  eden space 387584K, 0% used [0x000000076ab00000,0x000000076ab00000,0x0000000782580000)
  from space 33792K, 99% used [0x0000000788180000,0x000000078a27fea0,0x000000078a280000)
  to   space 94208K, 0% used [0x0000000782580000,0x0000000782580000,0x0000000788180000)
 ParOldGen       total 166912K, used 166747K [0x00000006c0000000, 0x00000006ca300000, 0x000000076ab00000)
  object space 166912K, 99% used [0x00000006c0000000,0x00000006ca2d6c10,0x00000006ca300000)
 Metaspace       used 6634K, capacity 7320K, committed 7680K, reserved 1056768K
  class space    used 630K, capacity 656K, committed 768K, reserved 1048576K
Event: 5.430 GC heap after
Heap after GC invocations=12 (full 2):
 PSYoungGen      total 421376K, used 24819K [0x000000076ab00000, 0x0000000792980000, 0x00000007c0000000)
  eden space 387584K, 0% used [0x000000076ab00000,0x000000076ab00000,0x0000000782580000)
  from space 33792K, 73% used [0x0000000788180000,0x00000007899bcf28,0x000000078a280000)
  to   space 94208K, 0% used [0x0000000782580000,0x0000000782580000,0x0000000788180000)
 ParOldGen       total 296448K, used 166695K [0x00000006c0000000, 0x00000006d2180000, 0x000000076ab00000)
  object space 296448K, 56% used [0x00000006c0000000,0x00000006ca2c9c20,0x00000006d2180000)
 Metaspace       used 6634K, capacity 7320K, committed 7680K, reserved 1056768K
  class space    used 630K, capacity 656K, committed 768K, reserved 1048576K
}
Event: 6.236 GC heap before
{Heap before GC invocations=13 (full 2):
 PSYoungGen      total 421376K, used 412403K [0x000000076ab00000, 0x0000000792980000, 0x00000007c0000000)
  eden space 387584K, 100% used [0x000000076ab00000,0x0000000782580000,0x0000000782580000)
  from space 33792K, 73% used [0x0000000788180000,0x00000007899bcf28,0x000000078a280000)
  to   space 94208K, 0% used [0x0000000782580000,0x0000000782580000,0x0000000788180000)
 ParOldGen       total 296448K, used 166695K [0x00000006c0000000, 0x00000006d2180000, 0x000000076ab00000)
  object space 296448K, 56% used [0x00000006c0000000,0x00000006ca2c9c20,0x00000006d2180000)
 Metaspace       used 6640K, capacity 7320K, committed 7680K, reserved 1056768K
  class space    used 631K, capacity 656K, committed 768K, reserved 1048576K
Event: 6.377 GC heap after
Heap after GC invocations=13 (full 2):
 PSYoungGen      total 481792K, used 70791K [0x000000076ab00000, 0x0000000793500000, 0x00000007c0000000)
  eden space 387584K, 0% used [0x000000076ab00000,0x000000076ab00000,0x0000000782580000)
  from space 94208K, 75% used [0x0000000782580000,0x0000000786aa1f20,0x0000000788180000)
  to   space 101888K, 0% used [0x000000078d180000,0x000000078d180000,0x0000000793500000)
 ParOldGen       total 296448K, used 182682K [0x00000006c0000000, 0x00000006d2180000, 0x000000076ab00000)
  object space 296448K, 61% used [0x00000006c0000000,0x00000006cb266a88,0x00000006d2180000)
 Metaspace       used 6640K, capacity 7320K, committed 7680K, reserved 1056768K
  class space    used 631K, capacity 656K, committed 768K, reserved 1048576K
}
Event: 7.240 GC heap before
{Heap before GC invocations=14 (full 2):
 PSYoungGen      total 481792K, used 458375K [0x000000076ab00000, 0x0000000793500000, 0x00000007c0000000)
  eden space 387584K, 100% used [0x000000076ab00000,0x0000000782580000,0x0000000782580000)
  from space 94208K, 75% used [0x0000000782580000,0x0000000786aa1f20,0x0000000788180000)
  to   space 101888K, 0% used [0x000000078d180000,0x000000078d180000,0x0000000793500000)
 ParOldGen       total 296448K, used 182682K [0x00000006c0000000, 0x00000006d2180000, 0x000000076ab00000)
  object space 296448K, 61% used [0x00000006c0000000,0x00000006cb266a88,0x00000006d2180000)
 Metaspace       used 6655K, capacity 7320K, committed 7680K, reserved 1056768K
  class space    used 631K, capacity 656K, committed 768K, reserved 1048576K
Event: 7.407 GC heap after
Heap after GC invocations=14 (full 2):
 PSYoungGen      total 534528K, used 101863K [0x000000076ab00000, 0x0000000797400000, 0x00000007c0000000)
  eden space 432640K, 0% used [0x000000076ab00000,0x000000076ab00000,0x0000000785180000)
  from space 101888K, 99% used [0x000000078d180000,0x00000007934f9cd8,0x0000000793500000)
  to   space 131072K, 0% used [0x0000000785180000,0x0000000785180000,0x000000078d180000)
 ParOldGen       total 296448K, used 213933K [0x00000006c0000000, 0x00000006d2180000, 0x000000076ab00000)
  object space 296448K, 72% used [0x00000006c0000000,0x00000006cd0eb780,0x00000006d2180000)
 Metaspace       used 6655K, capacity 7320K, committed 7680K, reserved 1056768K
  class space    used 631K, capacity 656K, committed 768K, reserved 1048576K
}
Event: 8.302 GC heap before
{Heap before GC invocations=15 (full 2):
 PSYoungGen      total 534528K, used 534503K [0x000000076ab00000, 0x0000000797400000, 0x00000007c0000000)
  eden space 432640K, 100% used [0x000000076ab00000,0x0000000785180000,0x0000000785180000)
  from space 101888K, 99% used [0x000000078d180000,0x00000007934f9cd8,0x0000000793500000)
  to   space 131072K, 0% used [0x0000000785180000,0x0000000785180000,0x000000078d180000)
 ParOldGen       total 296448K, used 213933K [0x00000006c0000000, 0x00000006d2180000, 0x000000076ab00000)
  object space 296448K, 72% used [0x00000006c0000000,0x00000006cd0eb780,0x00000006d2180000)
 Metaspace       used 6658K, capacity 7320K, committed 7680K, reserved 1056768K
  class space    used 632K, capacity 656K, committed 768K, reserved 1048576K
Event: 8.532 GC heap after
Heap after GC invocations=15 (full 2):
 PSYoungGen      total 563712K, used 131065K [0x000000076ab00000, 0x000000079fe00000, 0x00000007c0000000)
  eden space 432640K, 0% used [0x000000076ab00000,0x000000076ab00000,0x0000000785180000)
  from space 131072K, 99% used [0x0000000785180000,0x000000078d17e448,0x000000078d180000)
  to   space 169472K, 0% used [0x0000000795880000,0x0000000795880000,0x000000079fe00000)
 ParOldGen       total 296448K, used 256634K [0x00000006c0000000, 0x00000006d2180000, 0x000000076ab00000)
  object space 296448K, 86% used [0x00000006c0000000,0x00000006cfa9ebf8,0x00000006d2180000)
 Metaspace       used 6658K, capacity 7320K, committed 7680K, reserved 1056768K
  class space    used 632K, capacity 656K, committed 768K, reserved 1048576K
}
Event: 8.532 GC heap before
{Heap before GC invocations=16 (full 3):
 PSYoungGen      total 563712K, used 131065K [0x000000076ab00000, 0x000000079fe00000, 0x00000007c0000000)
  eden space 432640K, 0% used [0x000000076ab00000,0x000000076ab00000,0x0000000785180000)
  from space 131072K, 99% used [0x0000000785180000,0x000000078d17e448,0x000000078d180000)
  to   space 169472K, 0% used [0x0000000795880000,0x0000000795880000,0x000000079fe00000)
 ParOldGen       total 296448K, used 256634K [0x00000006c0000000, 0x00000006d2180000, 0x000000076ab00000)
  object space 296448K, 86% used [0x00000006c0000000,0x00000006cfa9ebf8,0x00000006d2180000)
 Metaspace       used 6658K, capacity 7320K, committed 7680K, reserved 1056768K
  class space    used 632K, capacity 656K, committed 768K, reserved 1048576K
Event: 9.498 GC heap after
Heap after GC invocations=16 (full 3):
 PSYoungGen      total 563712K, used 84198K [0x000000076ab00000, 0x000000079fe00000, 0x00000007c0000000)
  eden space 432640K, 0% used [0x000000076ab00000,0x000000076ab00000,0x0000000785180000)
  from space 131072K, 64% used [0x0000000785180000,0x000000078a3b9aa8,0x000000078d180000)
  to   space 169472K, 0% used [0x0000000795880000,0x0000000795880000,0x000000079fe00000)
 ParOldGen       total 461824K, used 296392K [0x00000006c0000000, 0x00000006dc300000, 0x000000076ab00000)
  object space 461824K, 64% used [0x00000006c0000000,0x00000006d2172260,0x00000006dc300000)
 Metaspace       used 6658K, capacity 7320K, committed 7680K, reserved 1056768K
  class space    used 632K, capacity 656K, committed 768K, reserved 1048576K
}

