# JRE version: Java(TM) SE Runtime Environment (8.0_161-b12) (build 1.8.0_161-b12)
# Java VM: Java HotSpot(TM) 64-Bit Server VM (25.161-b12 mixed mode windows-amd64 compressed oops)
Heap:
 PSYoungGen      total 876032K, used 527381K [0x000000076ab00000, 0x00000007ba700000, 0x00000007c0000000)
  eden space 632320K, 44% used [0x000000076ab00000,0x000000077c00c5f8,0x0000000791480000)
  from space 243712K, 99% used [0x0000000791480000,0x00000007a0278f28,0x00000007a0280000)
  to   space 290816K, 0% used [0x00000007a8b00000,0x00000007a8b00000,0x00000007ba700000)
 ParOldGen       total 686592K, used 466751K [0x00000006c0000000, 0x00000006e9e80000, 0x000000076ab00000)
  object space 686592K, 67% used [0x00000006c0000000,0x00000006dc7cff78,0x00000006e9e80000)
 Metaspace       used 6938K, capacity 7416K, committed 7680K, reserved 1056768K
  class space    used 652K, capacity 688K, committed 768K, reserved 1048576K
GC Heap History (10 events):
Event: 10.233 GC heap before
{Heap before GC invocations=17 (full 3):
 PSYoungGen      total 572416K, used 544391K [0x000000076ab00000, 0x00000007a1580000, 0x00000007c0000000)
  eden space 433664K, 100% used [0x000000076ab00000,0x0000000785280000,0x0000000785280000)
  from space 138752K, 79% used [0x0000000785280000,0x000000078bea1e38,0x000000078da00000)
  to   space 177152K, 0% used [0x0000000796880000,0x0000000796880000,0x00000007a1580000)
 ParOldGen       total 428544K, used 268919K [0x00000006c0000000, 0x00000006da280000, 0x000000076ab00000)
  object space 428544K, 62% used [0x00000006c0000000,0x00000006d069dc20,0x00000006da280000)
 Metaspace       used 6843K, capacity 7320K, committed 7680K, reserved 1056768K
  class space    used 646K, capacity 656K, committed 768K, reserved 1048576K
Event: 10.520 GC heap after
Heap after GC invocations=17 (full 3):
 PSYoungGen      total 708096K, used 119387K [0x000000076ab00000, 0x00000007a1f80000, 0x00000007c0000000)
  eden space 530944K, 0% used [0x000000076ab00000,0x000000076ab00000,0x000000078b180000)
  from space 177152K, 67% used [0x0000000796880000,0x000000079dd16f18,0x00000007a1580000)
  to   space 187392K, 0% used [0x000000078b180000,0x000000078b180000,0x0000000796880000)
 ParOldGen       total 428544K, used 326852K [0x00000006c0000000, 0x00000006da280000, 0x000000076ab00000)
  object space 428544K, 76% used [0x00000006c0000000,0x00000006d3f31348,0x00000006da280000)
 Metaspace       used 6843K, capacity 7320K, committed 7680K, reserved 1056768K
  class space    used 646K, capacity 656K, committed 768K, reserved 1048576K
}
Event: 11.835 GC heap before
{Heap before GC invocations=18 (full 3):
 PSYoungGen      total 708096K, used 650331K [0x000000076ab00000, 0x00000007a1f80000, 0x00000007c0000000)
  eden space 530944K, 100% used [0x000000076ab00000,0x000000078b180000,0x000000078b180000)
  from space 177152K, 67% used [0x0000000796880000,0x000000079dd16f18,0x00000007a1580000)
  to   space 187392K, 0% used [0x000000078b180000,0x000000078b180000,0x0000000796880000)
 ParOldGen       total 428544K, used 326852K [0x00000006c0000000, 0x00000006da280000, 0x000000076ab00000)
  object space 428544K, 76% used [0x00000006c0000000,0x00000006d3f31348,0x00000006da280000)
 Metaspace       used 6846K, capacity 7320K, committed 7680K, reserved 1056768K
  class space    used 646K, capacity 656K, committed 768K, reserved 1048576K
Event: 12.052 GC heap after
Heap after GC invocations=18 (full 3):
 PSYoungGen      total 718336K, used 187365K [0x000000076ab00000, 0x00000007adf00000, 0x00000007c0000000)
  eden space 530944K, 0% used [0x000000076ab00000,0x000000076ab00000,0x000000078b180000)
  from space 187392K, 99% used [0x000000078b180000,0x00000007968795f8,0x0000000796880000)
  to   space 225792K, 0% used [0x00000007a0280000,0x00000007a0280000,0x00000007adf00000)
 ParOldGen       total 428544K, used 343665K [0x00000006c0000000, 0x00000006da280000, 0x000000076ab00000)
  object space 428544K, 80% used [0x00000006c0000000,0x00000006d4f9c488,0x00000006da280000)
 Metaspace       used 6846K, capacity 7320K, committed 7680K, reserved 1056768K
  class space    used 646K, capacity 656K, committed 768K, reserved 1048576K
}
Event: 13.167 GC heap before
{Heap before GC invocations=19 (full 3):
 PSYoungGen      total 718336K, used 718309K [0x000000076ab00000, 0x00000007adf00000, 0x00000007c0000000)
  eden space 530944K, 100% used [0x000000076ab00000,0x000000078b180000,0x000000078b180000)
  from space 187392K, 99% used [0x000000078b180000,0x00000007968795f8,0x0000000796880000)
  to   space 225792K, 0% used [0x00000007a0280000,0x00000007a0280000,0x00000007adf00000)
 ParOldGen       total 428544K, used 343665K [0x00000006c0000000, 0x00000006da280000, 0x000000076ab00000)
  object space 428544K, 80% used [0x00000006c0000000,0x00000006d4f9c488,0x00000006da280000)
 Metaspace       used 6849K, capacity 7320K, committed 7680K, reserved 1056768K
  class space    used 646K, capacity 656K, committed 768K, reserved 1048576K
Event: 13.569 GC heap after
Heap after GC invocations=19 (full 3):
 PSYoungGen      total 858112K, used 169322K [0x000000076ab00000, 0x00000007b1080000, 0x00000007c0000000)
  eden space 632320K, 0% used [0x000000076ab00000,0x000000076ab00000,0x0000000791480000)
  from space 225792K, 74% used [0x00000007a0280000,0x00000007aa7da810,0x00000007adf00000)
  to   space 243712K, 0% used [0x0000000791480000,0x0000000791480000,0x00000007a0280000)
 ParOldGen       total 452096K, used 451971K [0x00000006c0000000, 0x00000006db980000, 0x000000076ab00000)
  object space 452096K, 99% used [0x00000006c0000000,0x00000006db960fe0,0x00000006db980000)
 Metaspace       used 6849K, capacity 7320K, committed 7680K, reserved 1056768K
  class space    used 646K, capacity 656K, committed 768K, reserved 1048576K
}
Event: 13.569 GC heap before
{Heap before GC invocations=20 (full 4):
 PSYoungGen      total 858112K, used 169322K [0x000000076ab00000, 0x00000007b1080000, 0x00000007c0000000)
  eden space 632320K, 0% used [0x000000076ab00000,0x000000076ab00000,0x0000000791480000)
  from space 225792K, 74% used [0x00000007a0280000,0x00000007aa7da810,0x00000007adf00000)
  to   space 243712K, 0% used [0x0000000791480000,0x0000000791480000,0x00000007a0280000)
 ParOldGen       total 452096K, used 451971K [0x00000006c0000000, 0x00000006db980000, 0x000000076ab00000)
  object space 452096K, 99% used [0x00000006c0000000,0x00000006db960fe0,0x00000006db980000)
 Metaspace       used 6849K, capacity 7320K, committed 7680K, reserved 1056768K
  class space    used 646K, capacity 656K, committed 768K, reserved 1048576K
Event: 15.832 GC heap after
Heap after GC invocations=20 (full 4):
 PSYoungGen      total 858112K, used 154466K [0x000000076ab00000, 0x00000007b1080000, 0x00000007c0000000)
  eden space 632320K, 0% used [0x000000076ab00000,0x000000076ab00000,0x0000000791480000)
  from space 225792K, 68% used [0x00000007a0280000,0x00000007a99589f0,0x00000007adf00000)
  to   space 243712K, 0% used [0x0000000791480000,0x0000000791480000,0x00000007a0280000)
 ParOldGen       total 686592K, used 451775K [0x00000006c0000000, 0x00000006e9e80000, 0x000000076ab00000)
  object space 686592K, 65% used [0x00000006c0000000,0x00000006db92ff48,0x00000006e9e80000)
 Metaspace       used 6849K, capacity 7320K, committed 7680K, reserved 1056768K
  class space    used 646K, capacity 656K, committed 768K, reserved 1048576K
}
Event: 17.034 GC heap before
{Heap before GC invocations=21 (full 4):
 PSYoungGen      total 858112K, used 786786K [0x000000076ab00000, 0x00000007b1080000, 0x00000007c0000000)
  eden space 632320K, 100% used [0x000000076ab00000,0x0000000791480000,0x0000000791480000)
  from space 225792K, 68% used [0x00000007a0280000,0x00000007a99589f0,0x00000007adf00000)
  to   space 243712K, 0% used [0x0000000791480000,0x0000000791480000,0x00000007a0280000)
 ParOldGen       total 686592K, used 451775K [0x00000006c0000000, 0x00000006e9e80000, 0x000000076ab00000)
  object space 686592K, 65% used [0x00000006c0000000,0x00000006db92ff48,0x00000006e9e80000)
 Metaspace       used 6853K, capacity 7320K, committed 7680K, reserved 1056768K
  class space    used 646K, capacity 656K, committed 768K, reserved 1048576K
Event: 17.408 GC heap after
Heap after GC invocations=21 (full 4):
 PSYoungGen      total 876032K, used 243683K [0x000000076ab00000, 0x00000007ba700000, 0x00000007c0000000)
  eden space 632320K, 0% used [0x000000076ab00000,0x000000076ab00000,0x0000000791480000)
  from space 243712K, 99% used [0x0000000791480000,0x00000007a0278f28,0x00000007a0280000)
  to   space 290816K, 0% used [0x00000007a8b00000,0x00000007a8b00000,0x00000007ba700000)
 ParOldGen       total 686592K, used 466751K [0x00000006c0000000, 0x00000006e9e80000, 0x000000076ab00000)
  object space 686592K, 67% used [0x00000006c0000000,0x00000006dc7cff78,0x00000006e9e80000)
 Metaspace       used 6853K, capacity 7320K, committed 7680K, reserved 1056768K
  class space    used 646K, capacity 656K, committed 768K, reserved 1048576K
}

