# JRE version: Java(TM) SE Runtime Environment (8.0_161-b12) (build 1.8.0_161-b12)
# Java VM: Java HotSpot(TM) 64-Bit Server VM (25.161-b12 mixed mode windows-amd64 compressed oops)
Heap:
 PSYoungGen      total 567808K, used 176636K [0x000000076ab00000, 0x00000007a0c80000, 0x00000007c0000000)
  eden space 434176K, 19% used [0x000000076ab00000,0x000000076fde97c0,0x0000000785300000)
  from space 133632K, 68% used [0x0000000785300000,0x000000078ac95920,0x000000078d580000)
  to   space 172032K, 0% used [0x0000000796480000,0x0000000796480000,0x00000007a0c80000)
 ParOldGen       total 454656K, used 289042K [0x00000006c0000000, 0x00000006dbc00000, 0x000000076ab00000)
  object space 454656K, 63% used [0x00000006c0000000,0x00000006d1a44be8,0x00000006dbc00000)
 Metaspace       used 6839K, capacity 7320K, committed 7680K, reserved 1056768K
  class space    used 646K, capacity 656K, committed 768K, reserved 1048576K
GC Heap History (10 events):
Event: 5.230 GC heap before
{Heap before GC invocations=12 (full 2):
 PSYoungGen      total 422912K, used 36861K [0x000000076ab00000, 0x0000000792f80000, 0x00000007c0000000)
  eden space 386048K, 0% used [0x000000076ab00000,0x000000076ab00000,0x0000000782400000)
  from space 36864K, 99% used [0x0000000788080000,0x000000078a47f7d0,0x000000078a480000)
  to   space 94720K, 0% used [0x0000000782400000,0x0000000782400000,0x0000000788080000)
 ParOldGen       total 161280K, used 161187K [0x00000006c0000000, 0x00000006c9d80000, 0x000000076ab00000)
  object space 161280K, 99% used [0x00000006c0000000,0x00000006c9d68db0,0x00000006c9d80000)
 Metaspace       used 6817K, capacity 7320K, committed 7680K, reserved 1056768K
  class space    used 645K, capacity 656K, committed 768K, reserved 1048576K
Event: 6.026 GC heap after
Heap after GC invocations=12 (full 2):
 PSYoungGen      total 422912K, used 29084K [0x000000076ab00000, 0x0000000792f80000, 0x00000007c0000000)
  eden space 386048K, 0% used [0x000000076ab00000,0x000000076ab00000,0x0000000782400000)
  from space 36864K, 78% used [0x0000000788080000,0x0000000789ce7018,0x000000078a480000)
  to   space 94720K, 0% used [0x0000000782400000,0x0000000782400000,0x0000000788080000)
 ParOldGen       total 289280K, used 161141K [0x00000006c0000000, 0x00000006d1a80000, 0x000000076ab00000)
  object space 289280K, 55% used [0x00000006c0000000,0x00000006c9d5d438,0x00000006d1a80000)
 Metaspace       used 6817K, capacity 7320K, committed 7680K, reserved 1056768K
  class space    used 645K, capacity 656K, committed 768K, reserved 1048576K
}
Event: 6.870 GC heap before
{Heap before GC invocations=13 (full 2):
 PSYoungGen      total 422912K, used 415132K [0x000000076ab00000, 0x0000000792f80000, 0x00000007c0000000)
  eden space 386048K, 100% used [0x000000076ab00000,0x0000000782400000,0x0000000782400000)
  from space 36864K, 78% used [0x0000000788080000,0x0000000789ce7018,0x000000078a480000)
  to   space 94720K, 0% used [0x0000000782400000,0x0000000782400000,0x0000000788080000)
 ParOldGen       total 289280K, used 161141K [0x00000006c0000000, 0x00000006d1a80000, 0x000000076ab00000)
  object space 289280K, 55% used [0x00000006c0000000,0x00000006c9d5d438,0x00000006d1a80000)
 Metaspace       used 6826K, capacity 7320K, committed 7680K, reserved 1056768K
  class space    used 646K, capacity 656K, committed 768K, reserved 1048576K
Event: 7.012 GC heap after
Heap after GC invocations=13 (full 2):
 PSYoungGen      total 480768K, used 74307K [0x000000076ab00000, 0x0000000793a80000, 0x00000007c0000000)
  eden space 386048K, 0% used [0x000000076ab00000,0x000000076ab00000,0x0000000782400000)
  from space 94720K, 78% used [0x0000000782400000,0x0000000786c90fc8,0x0000000788080000)
  to   space 103424K, 0% used [0x000000078d580000,0x000000078d580000,0x0000000793a80000)
 ParOldGen       total 289280K, used 180679K [0x00000006c0000000, 0x00000006d1a80000, 0x000000076ab00000)
  object space 289280K, 62% used [0x00000006c0000000,0x00000006cb071f20,0x00000006d1a80000)
 Metaspace       used 6826K, capacity 7320K, committed 7680K, reserved 1056768K
  class space    used 646K, capacity 656K, committed 768K, reserved 1048576K
}
Event: 7.714 GC heap before
{Heap before GC invocations=14 (full 2):
 PSYoungGen      total 480768K, used 460355K [0x000000076ab00000, 0x0000000793a80000, 0x00000007c0000000)
  eden space 386048K, 100% used [0x000000076ab00000,0x0000000782400000,0x0000000782400000)
  from space 94720K, 78% used [0x0000000782400000,0x0000000786c90fc8,0x0000000788080000)
  to   space 103424K, 0% used [0x000000078d580000,0x000000078d580000,0x0000000793a80000)
 ParOldGen       total 289280K, used 180679K [0x00000006c0000000, 0x00000006d1a80000, 0x000000076ab00000)
  object space 289280K, 62% used [0x00000006c0000000,0x00000006cb071f20,0x00000006d1a80000)
 Metaspace       used 6837K, capacity 7320K, committed 7680K, reserved 1056768K
  class space    used 646K, capacity 656K, committed 768K, reserved 1048576K
Event: 7.927 GC heap after
Heap after GC invocations=14 (full 2):
 PSYoungGen      total 537600K, used 103395K [0x000000076ab00000, 0x0000000798480000, 0x00000007c0000000)
  eden space 434176K, 0% used [0x000000076ab00000,0x000000076ab00000,0x0000000785300000)
  from space 103424K, 99% used [0x000000078d580000,0x0000000793a78f88,0x0000000793a80000)
  to   space 133632K, 0% used [0x0000000785300000,0x0000000785300000,0x000000078d580000)
 ParOldGen       total 289280K, used 214065K [0x00000006c0000000, 0x00000006d1a80000, 0x000000076ab00000)
  object space 289280K, 73% used [0x00000006c0000000,0x00000006cd10c618,0x00000006d1a80000)
 Metaspace       used 6837K, capacity 7320K, committed 7680K, reserved 1056768K
  class space    used 646K, capacity 656K, committed 768K, reserved 1048576K
}
Event: 9.056 GC heap before
{Heap before GC invocations=15 (full 2):
 PSYoungGen      total 537600K, used 537571K [0x000000076ab00000, 0x0000000798480000, 0x00000007c0000000)
  eden space 434176K, 100% used [0x000000076ab00000,0x0000000785300000,0x0000000785300000)
  from space 103424K, 99% used [0x000000078d580000,0x0000000793a78f88,0x0000000793a80000)
  to   space 133632K, 0% used [0x0000000785300000,0x0000000785300000,0x000000078d580000)
 ParOldGen       total 289280K, used 214065K [0x00000006c0000000, 0x00000006d1a80000, 0x000000076ab00000)
  object space 289280K, 73% used [0x00000006c0000000,0x00000006cd10c618,0x00000006d1a80000)
 Metaspace       used 6839K, capacity 7320K, committed 7680K, reserved 1056768K
  class space    used 646K, capacity 656K, committed 768K, reserved 1048576K
Event: 9.265 GC heap after
Heap after GC invocations=15 (full 2):
 PSYoungGen      total 567808K, used 133619K [0x000000076ab00000, 0x00000007a0c80000, 0x00000007c0000000)
  eden space 434176K, 0% used [0x000000076ab00000,0x000000076ab00000,0x0000000785300000)
  from space 133632K, 99% used [0x0000000785300000,0x000000078d57ce38,0x000000078d580000)
  to   space 172032K, 0% used [0x0000000796480000,0x0000000796480000,0x00000007a0c80000)
 ParOldGen       total 289280K, used 255306K [0x00000006c0000000, 0x00000006d1a80000, 0x000000076ab00000)
  object space 289280K, 88% used [0x00000006c0000000,0x00000006cf9528b8,0x00000006d1a80000)
 Metaspace       used 6839K, capacity 7320K, committed 7680K, reserved 1056768K
  class space    used 646K, capacity 656K, committed 768K, reserved 1048576K
}
Event: 9.265 GC heap before
{Heap before GC invocations=16 (full 3):
 PSYoungGen      total 567808K, used 133619K [0x000000076ab00000, 0x00000007a0c80000, 0x00000007c0000000)
  eden space 434176K, 0% used [0x000000076ab00000,0x000000076ab00000,0x0000000785300000)
  from space 133632K, 99% used [0x0000000785300000,0x000000078d57ce38,0x000000078d580000)
  to   space 172032K, 0% used [0x0000000796480000,0x0000000796480000,0x00000007a0c80000)
 ParOldGen       total 289280K, used 255306K [0x00000006c0000000, 0x00000006d1a80000, 0x000000076ab00000)
  object space 289280K, 88% used [0x00000006c0000000,0x00000006cf9528b8,0x00000006d1a80000)
 Metaspace       used 6839K, capacity 7320K, committed 7680K, reserved 1056768K
  class space    used 646K, capacity 656K, committed 768K, reserved 1048576K
Event: 10.365 GC heap after
Heap after GC invocations=16 (full 3):
 PSYoungGen      total 567808K, used 91734K [0x000000076ab00000, 0x00000007a0c80000, 0x00000007c0000000)
  eden space 434176K, 0% used [0x000000076ab00000,0x000000076ab00000,0x0000000785300000)
  from space 133632K, 68% used [0x0000000785300000,0x000000078ac95920,0x000000078d580000)
  to   space 172032K, 0% used [0x0000000796480000,0x0000000796480000,0x00000007a0c80000)
 ParOldGen       total 454656K, used 289042K [0x00000006c0000000, 0x00000006dbc00000, 0x000000076ab00000)
  object space 454656K, 63% used [0x00000006c0000000,0x00000006d1a44be8,0x00000006dbc00000)
 Metaspace       used 6839K, capacity 7320K, committed 7680K, reserved 1056768K
  class space    used 646K, capacity 656K, committed 768K, reserved 1048576K
}

