# JRE version: Java(TM) SE Runtime Environment (8.0_161-b12) (build 1.8.0_161-b12)
# Java VM: Java HotSpot(TM) 64-Bit Server VM (25.161-b12 mixed mode windows-amd64 compressed oops)
Heap:
 PSYoungGen      total 700928K, used 50824K [0x000000076ab00000, 0x00000007ab680000, 0x00000007c0000000)
  eden space 519168K, 9% used [0x000000076ab00000,0x000000076dca2280,0x000000078a600000)
  from space 181760K, 0% used [0x000000078a600000,0x000000078a600000,0x0000000795780000)
  to   space 216064K, 70% used [0x000000079e380000,0x00000007a789b640,0x00000007ab680000)
 ParOldGen       total 648192K, used 440266K [0x00000006c0000000, 0x00000006e7900000, 0x000000076ab00000)
  object space 648192K, 67% used [0x00000006c0000000,0x00000006dadf2948,0x00000006e7900000)
 Metaspace       used 6849K, capacity 7320K, committed 7680K, reserved 1056768K
  class space    used 646K, capacity 656K, committed 768K, reserved 1048576K
GC Heap History (10 events):
Event: 7.518 GC heap before
{Heap before GC invocations=16 (full 3):
 PSYoungGen      total 566784K, used 135668K [0x000000076ab00000, 0x00000007a0880000, 0x00000007c0000000)
  eden space 431104K, 0% used [0x000000076ab00000,0x000000076ab00000,0x0000000785000000)
  from space 135680K, 99% used [0x0000000785000000,0x000000078d47d010,0x000000078d480000)
  to   space 173568K, 0% used [0x0000000795f00000,0x0000000795f00000,0x00000007a0880000)
 ParOldGen       total 273920K, used 245584K [0x00000006c0000000, 0x00000006d0b80000, 0x000000076ab00000)
  object space 273920K, 89% used [0x00000006c0000000,0x00000006cefd42a8,0x00000006d0b80000)
 Metaspace       used 6840K, capacity 7320K, committed 7680K, reserved 1056768K
  class space    used 645K, capacity 656K, committed 768K, reserved 1048576K
Event: 8.705 GC heap after
Heap after GC invocations=16 (full 3):
 PSYoungGen      total 566784K, used 99035K [0x000000076ab00000, 0x00000007a0880000, 0x00000007c0000000)
  eden space 431104K, 0% used [0x000000076ab00000,0x000000076ab00000,0x0000000785000000)
  from space 135680K, 72% used [0x0000000785000000,0x000000078b0b6c90,0x000000078d480000)
  to   space 173568K, 0% used [0x0000000795f00000,0x0000000795f00000,0x00000007a0880000)
 ParOldGen       total 435200K, used 273687K [0x00000006c0000000, 0x00000006da900000, 0x000000076ab00000)
  object space 435200K, 62% used [0x00000006c0000000,0x00000006d0b45f48,0x00000006da900000)
 Metaspace       used 6840K, capacity 7320K, committed 7680K, reserved 1056768K
  class space    used 645K, capacity 656K, committed 768K, reserved 1048576K
}
Event: 10.001 GC heap before
{Heap before GC invocations=17 (full 3):
 PSYoungGen      total 566784K, used 530139K [0x000000076ab00000, 0x00000007a0880000, 0x00000007c0000000)
  eden space 431104K, 100% used [0x000000076ab00000,0x0000000785000000,0x0000000785000000)
  from space 135680K, 72% used [0x0000000785000000,0x000000078b0b6c90,0x000000078d480000)
  to   space 173568K, 0% used [0x0000000795f00000,0x0000000795f00000,0x00000007a0880000)
 ParOldGen       total 435200K, used 273687K [0x00000006c0000000, 0x00000006da900000, 0x000000076ab00000)
  object space 435200K, 62% used [0x00000006c0000000,0x00000006d0b45f48,0x00000006da900000)
 Metaspace       used 6843K, capacity 7320K, committed 7680K, reserved 1056768K
  class space    used 645K, capacity 656K, committed 768K, reserved 1048576K
Event: 10.207 GC heap after
Heap after GC invocations=17 (full 3):
 PSYoungGen      total 692736K, used 113580K [0x000000076ab00000, 0x00000007a0900000, 0x00000007c0000000)
  eden space 519168K, 0% used [0x000000076ab00000,0x000000076ab00000,0x000000078a600000)
  from space 173568K, 65% used [0x0000000795f00000,0x000000079cdeb0c8,0x00000007a0880000)
  to   space 181760K, 0% used [0x000000078a600000,0x000000078a600000,0x0000000795780000)
 ParOldGen       total 435200K, used 324924K [0x00000006c0000000, 0x00000006da900000, 0x000000076ab00000)
  object space 435200K, 74% used [0x00000006c0000000,0x00000006d3d4f020,0x00000006da900000)
 Metaspace       used 6843K, capacity 7320K, committed 7680K, reserved 1056768K
  class space    used 645K, capacity 656K, committed 768K, reserved 1048576K
}
Event: 11.460 GC heap before
{Heap before GC invocations=18 (full 3):
 PSYoungGen      total 692736K, used 632748K [0x000000076ab00000, 0x00000007a0900000, 0x00000007c0000000)
  eden space 519168K, 100% used [0x000000076ab00000,0x000000078a600000,0x000000078a600000)
  from space 173568K, 65% used [0x0000000795f00000,0x000000079cdeb0c8,0x00000007a0880000)
  to   space 181760K, 0% used [0x000000078a600000,0x000000078a600000,0x0000000795780000)
 ParOldGen       total 435200K, used 324924K [0x00000006c0000000, 0x00000006da900000, 0x000000076ab00000)
  object space 435200K, 74% used [0x00000006c0000000,0x00000006d3d4f020,0x00000006da900000)
 Metaspace       used 6846K, capacity 7320K, committed 7680K, reserved 1056768K
  class space    used 645K, capacity 656K, committed 768K, reserved 1048576K
Event: 11.665 GC heap after
Heap after GC invocations=18 (full 3):
 PSYoungGen      total 700928K, used 181737K [0x000000076ab00000, 0x00000007ab680000, 0x00000007c0000000)
  eden space 519168K, 0% used [0x000000076ab00000,0x000000076ab00000,0x000000078a600000)
  from space 181760K, 99% used [0x000000078a600000,0x000000079577a7b8,0x0000000795780000)
  to   space 216064K, 0% used [0x000000079e380000,0x000000079e380000,0x00000007ab680000)
 ParOldGen       total 435200K, used 332527K [0x00000006c0000000, 0x00000006da900000, 0x000000076ab00000)
  object space 435200K, 76% used [0x00000006c0000000,0x00000006d44bbdd0,0x00000006da900000)
 Metaspace       used 6846K, capacity 7320K, committed 7680K, reserved 1056768K
  class space    used 645K, capacity 656K, committed 768K, reserved 1048576K
}
Event: 12.660 GC heap before
{Heap before GC invocations=19 (full 3):
 PSYoungGen      total 700928K, used 700905K [0x000000076ab00000, 0x00000007ab680000, 0x00000007c0000000)
  eden space 519168K, 100% used [0x000000076ab00000,0x000000078a600000,0x000000078a600000)
  from space 181760K, 99% used [0x000000078a600000,0x000000079577a7b8,0x0000000795780000)
  to   space 216064K, 0% used [0x000000079e380000,0x000000079e380000,0x00000007ab680000)
 ParOldGen       total 435200K, used 332527K [0x00000006c0000000, 0x00000006da900000, 0x000000076ab00000)
  object space 435200K, 76% used [0x00000006c0000000,0x00000006d44bbdd0,0x00000006da900000)
 Metaspace       used 6849K, capacity 7320K, committed 7680K, reserved 1056768K
  class space    used 646K, capacity 656K, committed 768K, reserved 1048576K
Event: 13.123 GC heap after
Heap after GC invocations=19 (full 3):
 PSYoungGen      total 700928K, used 700905K [0x000000076ab00000, 0x00000007ab680000, 0x00000007c0000000)
  eden space 519168K, 100% used [0x000000076ab00000,0x000000078a600000,0x000000078a600000)
  from space 181760K, 99% used [0x000000078a600000,0x000000079577a7b8,0x0000000795780000)
  to   space 216064K, 74% used [0x000000079e380000,0x00000007a8108f80,0x00000007ab680000)
 ParOldGen       total 440320K, used 440283K [0x00000006c0000000, 0x00000006dae00000, 0x000000076ab00000)
  object space 440320K, 99% used [0x00000006c0000000,0x00000006dadf6d28,0x00000006dae00000)
 Metaspace       used 6849K, capacity 7320K, committed 7680K, reserved 1056768K
  class space    used 646K, capacity 656K, committed 768K, reserved 1048576K
}
Event: 13.123 GC heap before
{Heap before GC invocations=20 (full 4):
 PSYoungGen      total 700928K, used 700905K [0x000000076ab00000, 0x00000007ab680000, 0x00000007c0000000)
  eden space 519168K, 100% used [0x000000076ab00000,0x000000078a600000,0x000000078a600000)
  from space 181760K, 99% used [0x000000078a600000,0x000000079577a7b8,0x0000000795780000)
  to   space 216064K, 74% used [0x000000079e380000,0x00000007a8108f80,0x00000007ab680000)
 ParOldGen       total 440320K, used 440283K [0x00000006c0000000, 0x00000006dae00000, 0x000000076ab00000)
  object space 440320K, 99% used [0x00000006c0000000,0x00000006dadf6d28,0x00000006dae00000)
 Metaspace       used 6849K, capacity 7320K, committed 7680K, reserved 1056768K
  class space    used 646K, capacity 656K, committed 768K, reserved 1048576K
Event: 15.479 GC heap after
Heap after GC invocations=20 (full 4):
 PSYoungGen      total 700928K, used 0K [0x000000076ab00000, 0x00000007ab680000, 0x00000007c0000000)
  eden space 519168K, 0% used [0x000000076ab00000,0x000000076ab00000,0x000000078a600000)
  from space 181760K, 0% used [0x000000078a600000,0x000000078a600000,0x0000000795780000)
  to   space 216064K, 70% used [0x000000079e380000,0x00000007a789b640,0x00000007ab680000)
 ParOldGen       total 648192K, used 440266K [0x00000006c0000000, 0x00000006e7900000, 0x000000076ab00000)
  object space 648192K, 67% used [0x00000006c0000000,0x00000006dadf2948,0x00000006e7900000)
 Metaspace       used 6849K, capacity 7320K, committed 7680K, reserved 1056768K
  class space    used 646K, capacity 656K, committed 768K, reserved 1048576K
}

