# JRE version: Java(TM) SE Runtime Environment (8.0_161-b12) (build 1.8.0_161-b12)
# Java VM: Java HotSpot(TM) 64-Bit Server VM (25.161-b12 mixed mode windows-amd64 compressed oops)
Heap:
 PSYoungGen      total 561152K, used 142962K [0x000000076ab00000, 0x000000079f380000, 0x00000007c0000000)
  eden space 432640K, 14% used [0x000000076ab00000,0x000000076e866360,0x0000000785180000)
  from space 128512K, 62% used [0x0000000785180000,0x0000000789fb67c0,0x000000078cf00000)
  to   space 165888K, 0% used [0x0000000795180000,0x0000000795180000,0x000000079f380000)
 ParOldGen       total 466432K, used 297880K [0x00000006c0000000, 0x00000006dc780000, 0x000000076ab00000)
  object space 466432K, 63% used [0x00000006c0000000,0x00000006d22e63b0,0x00000006dc780000)
 Metaspace       used 6833K, capacity 7320K, committed 7680K, reserved 1056768K
  class space    used 645K, capacity 656K, committed 768K, reserved 1048576K
GC Heap History (10 events):
Event: 3.997 GC heap before
{Heap before GC invocations=12 (full 2):
 PSYoungGen      total 418816K, used 30699K [0x000000076ab00000, 0x0000000792200000, 0x00000007c0000000)
  eden space 388096K, 0% used [0x000000076ab00000,0x000000076ab00000,0x0000000782600000)
  from space 30720K, 99% used [0x0000000788200000,0x0000000789ffac10,0x000000078a000000)
  to   space 94208K, 0% used [0x0000000782600000,0x0000000782600000,0x0000000788200000)
 ParOldGen       total 167936K, used 167269K [0x00000006c0000000, 0x00000006ca400000, 0x000000076ab00000)
  object space 167936K, 99% used [0x00000006c0000000,0x00000006ca3596d8,0x00000006ca400000)
 Metaspace       used 6814K, capacity 7320K, committed 7680K, reserved 1056768K
  class space    used 644K, capacity 656K, committed 768K, reserved 1048576K
Event: 4.677 GC heap after
Heap after GC invocations=12 (full 2):
 PSYoungGen      total 418816K, used 21934K [0x000000076ab00000, 0x0000000792200000, 0x00000007c0000000)
  eden space 388096K, 0% used [0x000000076ab00000,0x000000076ab00000,0x0000000782600000)
  from space 30720K, 71% used [0x0000000788200000,0x000000078976bb70,0x000000078a000000)
  to   space 94208K, 0% used [0x0000000782600000,0x0000000782600000,0x0000000788200000)
 ParOldGen       total 297984K, used 166742K [0x00000006c0000000, 0x00000006d2300000, 0x000000076ab00000)
  object space 297984K, 55% used [0x00000006c0000000,0x00000006ca2d5b80,0x00000006d2300000)
 Metaspace       used 6814K, capacity 7320K, committed 7680K, reserved 1056768K
  class space    used 644K, capacity 656K, committed 768K, reserved 1048576K
}
Event: 5.305 GC heap before
{Heap before GC invocations=13 (full 2):
 PSYoungGen      total 418816K, used 410030K [0x000000076ab00000, 0x0000000792200000, 0x00000007c0000000)
  eden space 388096K, 100% used [0x000000076ab00000,0x0000000782600000,0x0000000782600000)
  from space 30720K, 71% used [0x0000000788200000,0x000000078976bb70,0x000000078a000000)
  to   space 94208K, 0% used [0x0000000782600000,0x0000000782600000,0x0000000788200000)
 ParOldGen       total 297984K, used 166742K [0x00000006c0000000, 0x00000006d2300000, 0x000000076ab00000)
  object space 297984K, 55% used [0x00000006c0000000,0x00000006ca2d5b80,0x00000006d2300000)
 Metaspace       used 6817K, capacity 7320K, committed 7680K, reserved 1056768K
  class space    used 644K, capacity 656K, committed 768K, reserved 1048576K
Event: 5.416 GC heap after
Heap after GC invocations=13 (full 2):
 PSYoungGen      total 482304K, used 66614K [0x000000076ab00000, 0x0000000793100000, 0x00000007c0000000)
  eden space 388096K, 0% used [0x000000076ab00000,0x000000076ab00000,0x0000000782600000)
  from space 94208K, 70% used [0x0000000782600000,0x000000078670d8b0,0x0000000788200000)
  to   space 100352K, 0% used [0x000000078cf00000,0x000000078cf00000,0x0000000793100000)
 ParOldGen       total 297984K, used 184086K [0x00000006c0000000, 0x00000006d2300000, 0x000000076ab00000)
  object space 297984K, 61% used [0x00000006c0000000,0x00000006cb3c58d8,0x00000006d2300000)
 Metaspace       used 6817K, capacity 7320K, committed 7680K, reserved 1056768K
  class space    used 644K, capacity 656K, committed 768K, reserved 1048576K
}
Event: 6.076 GC heap before
{Heap before GC invocations=14 (full 2):
 PSYoungGen      total 482304K, used 454710K [0x000000076ab00000, 0x0000000793100000, 0x00000007c0000000)
  eden space 388096K, 100% used [0x000000076ab00000,0x0000000782600000,0x0000000782600000)
  from space 94208K, 70% used [0x0000000782600000,0x000000078670d8b0,0x0000000788200000)
  to   space 100352K, 0% used [0x000000078cf00000,0x000000078cf00000,0x0000000793100000)
 ParOldGen       total 297984K, used 184086K [0x00000006c0000000, 0x00000006d2300000, 0x000000076ab00000)
  object space 297984K, 61% used [0x00000006c0000000,0x00000006cb3c58d8,0x00000006d2300000)
 Metaspace       used 6830K, capacity 7320K, committed 7680K, reserved 1056768K
  class space    used 644K, capacity 656K, committed 768K, reserved 1048576K
Event: 6.214 GC heap after
Heap after GC invocations=14 (full 2):
 PSYoungGen      total 532992K, used 100335K [0x000000076ab00000, 0x0000000796f80000, 0x00000007c0000000)
  eden space 432640K, 0% used [0x000000076ab00000,0x000000076ab00000,0x0000000785180000)
  from space 100352K, 99% used [0x000000078cf00000,0x00000007930fbcc8,0x0000000793100000)
  to   space 128512K, 0% used [0x0000000785180000,0x0000000785180000,0x000000078cf00000)
 ParOldGen       total 297984K, used 212865K [0x00000006c0000000, 0x00000006d2300000, 0x000000076ab00000)
  object space 297984K, 71% used [0x00000006c0000000,0x00000006ccfe0630,0x00000006d2300000)
 Metaspace       used 6830K, capacity 7320K, committed 7680K, reserved 1056768K
  class space    used 644K, capacity 656K, committed 768K, reserved 1048576K
}
Event: 7.019 GC heap before
{Heap before GC invocations=15 (full 2):
 PSYoungGen      total 532992K, used 532975K [0x000000076ab00000, 0x0000000796f80000, 0x00000007c0000000)
  eden space 432640K, 100% used [0x000000076ab00000,0x0000000785180000,0x0000000785180000)
  from space 100352K, 99% used [0x000000078cf00000,0x00000007930fbcc8,0x0000000793100000)
  to   space 128512K, 0% used [0x0000000785180000,0x0000000785180000,0x000000078cf00000)
 ParOldGen       total 297984K, used 212865K [0x00000006c0000000, 0x00000006d2300000, 0x000000076ab00000)
  object space 297984K, 71% used [0x00000006c0000000,0x00000006ccfe0630,0x00000006d2300000)
 Metaspace       used 6833K, capacity 7320K, committed 7680K, reserved 1056768K
  class space    used 645K, capacity 656K, committed 768K, reserved 1048576K
Event: 7.187 GC heap after
Heap after GC invocations=15 (full 2):
 PSYoungGen      total 561152K, used 128506K [0x000000076ab00000, 0x000000079f380000, 0x00000007c0000000)
  eden space 432640K, 0% used [0x000000076ab00000,0x000000076ab00000,0x0000000785180000)
  from space 128512K, 99% used [0x0000000785180000,0x000000078cefe9a0,0x000000078cf00000)
  to   space 165888K, 0% used [0x0000000795180000,0x0000000795180000,0x000000079f380000)
 ParOldGen       total 297984K, used 254628K [0x00000006c0000000, 0x00000006d2300000, 0x000000076ab00000)
  object space 297984K, 85% used [0x00000006c0000000,0x00000006cf8a9148,0x00000006d2300000)
 Metaspace       used 6833K, capacity 7320K, committed 7680K, reserved 1056768K
  class space    used 645K, capacity 656K, committed 768K, reserved 1048576K
}
Event: 7.187 GC heap before
{Heap before GC invocations=16 (full 3):
 PSYoungGen      total 561152K, used 128506K [0x000000076ab00000, 0x000000079f380000, 0x00000007c0000000)
  eden space 432640K, 0% used [0x000000076ab00000,0x000000076ab00000,0x0000000785180000)
  from space 128512K, 99% used [0x0000000785180000,0x000000078cefe9a0,0x000000078cf00000)
  to   space 165888K, 0% used [0x0000000795180000,0x0000000795180000,0x000000079f380000)
 ParOldGen       total 297984K, used 254628K [0x00000006c0000000, 0x00000006d2300000, 0x000000076ab00000)
  object space 297984K, 85% used [0x00000006c0000000,0x00000006cf8a9148,0x00000006d2300000)
 Metaspace       used 6833K, capacity 7320K, committed 7680K, reserved 1056768K
  class space    used 645K, capacity 656K, committed 768K, reserved 1048576K
Event: 8.203 GC heap after
Heap after GC invocations=16 (full 3):
 PSYoungGen      total 561152K, used 80089K [0x000000076ab00000, 0x000000079f380000, 0x00000007c0000000)
  eden space 432640K, 0% used [0x000000076ab00000,0x000000076ab00000,0x0000000785180000)
  from space 128512K, 62% used [0x0000000785180000,0x0000000789fb67c0,0x000000078cf00000)
  to   space 165888K, 0% used [0x0000000795180000,0x0000000795180000,0x000000079f380000)
 ParOldGen       total 466432K, used 297880K [0x00000006c0000000, 0x00000006dc780000, 0x000000076ab00000)
  object space 466432K, 63% used [0x00000006c0000000,0x00000006d22e63b0,0x00000006dc780000)
 Metaspace       used 6833K, capacity 7320K, committed 7680K, reserved 1056768K
  class space    used 645K, capacity 656K, committed 768K, reserved 1048576K
}

