# JRE version: Java(TM) SE Runtime Environment (8.0_161-b12) (build 1.8.0_161-b12)
# Java VM: Java HotSpot(TM) 64-Bit Server VM (25.161-b12 mixed mode windows-amd64 compressed oops)
Heap:
 PSYoungGen      total 189440K, used 26030K [0x00000000e0000000, 0x00000000eca00000, 0x0000000100000000)
  eden space 177152K, 7% used [0x00000000e0000000,0x00000000e0d6f690,0x00000000ead00000)
  from space 12288K, 99% used [0x00000000ebb80000,0x00000000ec77c270,0x00000000ec780000)
  to   space 14848K, 0% used [0x00000000ead00000,0x00000000ead00000,0x00000000ebb80000)
 ParOldGen       total 53248K, used 18865K [0x00000000a0000000, 0x00000000a3400000, 0x00000000e0000000)
  object space 53248K, 35% used [0x00000000a0000000,0x00000000a126c698,0x00000000a3400000)
 Metaspace       used 46508K, capacity 47558K, committed 47744K, reserved 1089536K
  class space    used 6335K, capacity 6664K, committed 6784K, reserved 1048576K
GC Heap History (10 events):
Event: 3.844 GC heap before
{Heap before GC invocations=8 (full 1):
 PSYoungGen      total 97792K, used 97705K [0x00000000e0000000, 0x00000000e8080000, 0x0000000100000000)
  eden space 90624K, 100% used [0x00000000e0000000,0x00000000e5880000,0x00000000e5880000)
  from space 7168K, 98% used [0x00000000e7980000,0x00000000e806a4b0,0x00000000e8080000)
  to   space 9728K, 0% used [0x00000000e6d80000,0x00000000e6d80000,0x00000000e7700000)
 ParOldGen       total 53248K, used 8285K [0x00000000a0000000, 0x00000000a3400000, 0x00000000e0000000)
  object space 53248K, 15% used [0x00000000a0000000,0x00000000a0817490,0x00000000a3400000)
 Metaspace       used 31498K, capacity 32116K, committed 32512K, reserved 1077248K
  class space    used 4338K, capacity 4508K, committed 4608K, reserved 1048576K
Event: 3.859 GC heap after
Heap after GC invocations=8 (full 1):
 PSYoungGen      total 121856K, used 9632K [0x00000000e0000000, 0x00000000e9d80000, 0x0000000100000000)
  eden space 112128K, 0% used [0x00000000e0000000,0x00000000e0000000,0x00000000e6d80000)
  from space 9728K, 99% used [0x00000000e6d80000,0x00000000e76e8328,0x00000000e7700000)
  to   space 10752K, 0% used [0x00000000e9300000,0x00000000e9300000,0x00000000e9d80000)
 ParOldGen       total 53248K, used 8365K [0x00000000a0000000, 0x00000000a3400000, 0x00000000e0000000)
  object space 53248K, 15% used [0x00000000a0000000,0x00000000a082b4a0,0x00000000a3400000)
 Metaspace       used 31498K, capacity 32116K, committed 32512K, reserved 1077248K
  class space    used 4338K, capacity 4508K, committed 4608K, reserved 1048576K
}
Event: 4.160 GC heap before
{Heap before GC invocations=9 (full 1):
 PSYoungGen      total 121856K, used 37564K [0x00000000e0000000, 0x00000000e9d80000, 0x0000000100000000)
  eden space 112128K, 24% used [0x00000000e0000000,0x00000000e1b47078,0x00000000e6d80000)
  from space 9728K, 99% used [0x00000000e6d80000,0x00000000e76e8328,0x00000000e7700000)
  to   space 10752K, 0% used [0x00000000e9300000,0x00000000e9300000,0x00000000e9d80000)
 ParOldGen       total 53248K, used 8365K [0x00000000a0000000, 0x00000000a3400000, 0x00000000e0000000)
  object space 53248K, 15% used [0x00000000a0000000,0x00000000a082b4a0,0x00000000a3400000)
 Metaspace       used 34590K, capacity 35276K, committed 35456K, reserved 1079296K
  class space    used 4729K, capacity 4944K, committed 4992K, reserved 1048576K
Event: 4.169 GC heap after
Heap after GC invocations=9 (full 1):
 PSYoungGen      total 150016K, used 9089K [0x00000000e0000000, 0x00000000ec080000, 0x0000000100000000)
  eden space 139264K, 0% used [0x00000000e0000000,0x00000000e0000000,0x00000000e8800000)
  from space 10752K, 84% used [0x00000000e9300000,0x00000000e9be0788,0x00000000e9d80000)
  to   space 11264K, 0% used [0x00000000e8800000,0x00000000e8800000,0x00000000e9300000)
 ParOldGen       total 53248K, used 8373K [0x00000000a0000000, 0x00000000a3400000, 0x00000000e0000000)
  object space 53248K, 15% used [0x00000000a0000000,0x00000000a082d4a0,0x00000000a3400000)
 Metaspace       used 34590K, capacity 35276K, committed 35456K, reserved 1079296K
  class space    used 4729K, capacity 4944K, committed 4992K, reserved 1048576K
}
Event: 4.169 GC heap before
{Heap before GC invocations=10 (full 2):
 PSYoungGen      total 150016K, used 9089K [0x00000000e0000000, 0x00000000ec080000, 0x0000000100000000)
  eden space 139264K, 0% used [0x00000000e0000000,0x00000000e0000000,0x00000000e8800000)
  from space 10752K, 84% used [0x00000000e9300000,0x00000000e9be0788,0x00000000e9d80000)
  to   space 11264K, 0% used [0x00000000e8800000,0x00000000e8800000,0x00000000e9300000)
 ParOldGen       total 53248K, used 8373K [0x00000000a0000000, 0x00000000a3400000, 0x00000000e0000000)
  object space 53248K, 15% used [0x00000000a0000000,0x00000000a082d4a0,0x00000000a3400000)
 Metaspace       used 34590K, capacity 35276K, committed 35456K, reserved 1079296K
  class space    used 4729K, capacity 4944K, committed 4992K, reserved 1048576K
Event: 4.226 GC heap after
Heap after GC invocations=10 (full 2):
 PSYoungGen      total 150016K, used 0K [0x00000000e0000000, 0x00000000ec080000, 0x0000000100000000)
  eden space 139264K, 0% used [0x00000000e0000000,0x00000000e0000000,0x00000000e8800000)
  from space 10752K, 0% used [0x00000000e9300000,0x00000000e9300000,0x00000000e9d80000)
  to   space 11264K, 0% used [0x00000000e8800000,0x00000000e8800000,0x00000000e9300000)
 ParOldGen       total 53248K, used 15760K [0x00000000a0000000, 0x00000000a3400000, 0x00000000e0000000)
  object space 53248K, 29% used [0x00000000a0000000,0x00000000a0f641f8,0x00000000a3400000)
 Metaspace       used 34590K, capacity 35276K, committed 35456K, reserved 1079296K
  class space    used 4729K, capacity 4944K, committed 4992K, reserved 1048576K
}
Event: 5.798 GC heap before
{Heap before GC invocations=11 (full 2):
 PSYoungGen      total 150016K, used 139264K [0x00000000e0000000, 0x00000000ec080000, 0x0000000100000000)
  eden space 139264K, 100% used [0x00000000e0000000,0x00000000e8800000,0x00000000e8800000)
  from space 10752K, 0% used [0x00000000e9300000,0x00000000e9300000,0x00000000e9d80000)
  to   space 11264K, 0% used [0x00000000e8800000,0x00000000e8800000,0x00000000e9300000)
 ParOldGen       total 53248K, used 15760K [0x00000000a0000000, 0x00000000a3400000, 0x00000000e0000000)
  object space 53248K, 29% used [0x00000000a0000000,0x00000000a0f641f8,0x00000000a3400000)
 Metaspace       used 42697K, capacity 43510K, committed 43776K, reserved 1087488K
  class space    used 5855K, capacity 6066K, committed 6144K, reserved 1048576K
Event: 5.810 GC heap after
Heap after GC invocations=11 (full 2):
 PSYoungGen      total 150528K, used 10920K [0x00000000e0000000, 0x00000000ec780000, 0x0000000100000000)
  eden space 139264K, 0% used [0x00000000e0000000,0x00000000e0000000,0x00000000e8800000)
  from space 11264K, 96% used [0x00000000e8800000,0x00000000e92aa288,0x00000000e9300000)
  to   space 12288K, 0% used [0x00000000ebb80000,0x00000000ebb80000,0x00000000ec780000)
 ParOldGen       total 53248K, used 15768K [0x00000000a0000000, 0x00000000a3400000, 0x00000000e0000000)
  object space 53248K, 29% used [0x00000000a0000000,0x00000000a0f661f8,0x00000000a3400000)
 Metaspace       used 42697K, capacity 43510K, committed 43776K, reserved 1087488K
  class space    used 5855K, capacity 6066K, committed 6144K, reserved 1048576K
}
Event: 7.266 GC heap before
{Heap before GC invocations=12 (full 2):
 PSYoungGen      total 150528K, used 150184K [0x00000000e0000000, 0x00000000ec780000, 0x0000000100000000)
  eden space 139264K, 100% used [0x00000000e0000000,0x00000000e8800000,0x00000000e8800000)
  from space 11264K, 96% used [0x00000000e8800000,0x00000000e92aa288,0x00000000e9300000)
  to   space 12288K, 0% used [0x00000000ebb80000,0x00000000ebb80000,0x00000000ec780000)
 ParOldGen       total 53248K, used 15768K [0x00000000a0000000, 0x00000000a3400000, 0x00000000e0000000)
  object space 53248K, 29% used [0x00000000a0000000,0x00000000a0f661f8,0x00000000a3400000)
 Metaspace       used 45996K, capacity 47014K, committed 47360K, reserved 1089536K
  class space    used 6261K, capacity 6568K, committed 6656K, reserved 1048576K
Event: 7.283 GC heap after
Heap after GC invocations=12 (full 2):
 PSYoungGen      total 189440K, used 12272K [0x00000000e0000000, 0x00000000eca00000, 0x0000000100000000)
  eden space 177152K, 0% used [0x00000000e0000000,0x00000000e0000000,0x00000000ead00000)
  from space 12288K, 99% used [0x00000000ebb80000,0x00000000ec77c270,0x00000000ec780000)
  to   space 14848K, 0% used [0x00000000ead00000,0x00000000ead00000,0x00000000ebb80000)
 ParOldGen       total 53248K, used 18865K [0x00000000a0000000, 0x00000000a3400000, 0x00000000e0000000)
  object space 53248K, 35% used [0x00000000a0000000,0x00000000a126c698,0x00000000a3400000)
 Metaspace       used 45996K, capacity 47014K, committed 47360K, reserved 1089536K
  class space    used 6261K, capacity 6568K, committed 6656K, reserved 1048576K
}

