# JRE version: Java(TM) SE Runtime Environment (8.0_161-b12) (build 1.8.0_161-b12)
# Java VM: Java HotSpot(TM) 64-Bit Server VM (25.161-b12 mixed mode windows-amd64 compressed oops)
Heap:
 PSYoungGen      total 149504K, used 100426K [0x00000000e0000000, 0x00000000ec500000, 0x0000000100000000)
  eden space 138240K, 64% used [0x00000000e0000000,0x00000000e577cb08,0x00000000e8700000)
  from space 11264K, 96% used [0x00000000e8700000,0x00000000e9195f40,0x00000000e9200000)
  to   space 12288K, 0% used [0x00000000eb900000,0x00000000eb900000,0x00000000ec500000)
 ParOldGen       total 52736K, used 16233K [0x00000000a0000000, 0x00000000a3380000, 0x00000000e0000000)
  object space 52736K, 30% used [0x00000000a0000000,0x00000000a0fda570,0x00000000a3380000)
 Metaspace       used 43281K, capacity 44146K, committed 44416K, reserved 1087488K
  class space    used 5898K, capacity 6156K, committed 6272K, reserved 1048576K
GC Heap History (10 events):
Event: 2.595 GC heap before
{Heap before GC invocations=7 (full 1):
 PSYoungGen      total 61952K, used 57344K [0x00000000e0000000, 0x00000000e8300000, 0x0000000100000000)
  eden space 57344K, 100% used [0x00000000e0000000,0x00000000e3800000,0x00000000e3800000)
  from space 4608K, 0% used [0x00000000e3800000,0x00000000e3800000,0x00000000e3c80000)
  to   space 9728K, 0% used [0x00000000e7980000,0x00000000e7980000,0x00000000e8300000)
 ParOldGen       total 52736K, used 8271K [0x00000000a0000000, 0x00000000a3380000, 0x00000000e0000000)
  object space 52736K, 15% used [0x00000000a0000000,0x00000000a0813ca8,0x00000000a3380000)
 Metaspace       used 25482K, capacity 25928K, committed 26240K, reserved 1071104K
  class space    used 3553K, capacity 3698K, committed 3712K, reserved 1048576K
Event: 2.602 GC heap after
Heap after GC invocations=7 (full 1):
 PSYoungGen      total 97792K, used 7030K [0x00000000e0000000, 0x00000000e8080000, 0x0000000100000000)
  eden space 90624K, 0% used [0x00000000e0000000,0x00000000e0000000,0x00000000e5880000)
  from space 7168K, 98% used [0x00000000e7980000,0x00000000e805da50,0x00000000e8080000)
  to   space 9216K, 0% used [0x00000000e6e80000,0x00000000e6e80000,0x00000000e7780000)
 ParOldGen       total 52736K, used 8279K [0x00000000a0000000, 0x00000000a3380000, 0x00000000e0000000)
  object space 52736K, 15% used [0x00000000a0000000,0x00000000a0815ca8,0x00000000a3380000)
 Metaspace       used 25482K, capacity 25928K, committed 26240K, reserved 1071104K
  class space    used 3553K, capacity 3698K, committed 3712K, reserved 1048576K
}
Event: 3.879 GC heap before
{Heap before GC invocations=8 (full 1):
 PSYoungGen      total 97792K, used 97654K [0x00000000e0000000, 0x00000000e8080000, 0x0000000100000000)
  eden space 90624K, 100% used [0x00000000e0000000,0x00000000e5880000,0x00000000e5880000)
  from space 7168K, 98% used [0x00000000e7980000,0x00000000e805da50,0x00000000e8080000)
  to   space 9216K, 0% used [0x00000000e6e80000,0x00000000e6e80000,0x00000000e7780000)
 ParOldGen       total 52736K, used 8279K [0x00000000a0000000, 0x00000000a3380000, 0x00000000e0000000)
  object space 52736K, 15% used [0x00000000a0000000,0x00000000a0815ca8,0x00000000a3380000)
 Metaspace       used 31867K, capacity 32474K, committed 32768K, reserved 1077248K
  class space    used 4388K, capacity 4607K, committed 4608K, reserved 1048576K
Event: 3.890 GC heap after
Heap after GC invocations=8 (full 1):
 PSYoungGen      total 122368K, used 9193K [0x00000000e0000000, 0x00000000e9c80000, 0x0000000100000000)
  eden space 113152K, 0% used [0x00000000e0000000,0x00000000e0000000,0x00000000e6e80000)
  from space 9216K, 99% used [0x00000000e6e80000,0x00000000e777a5a8,0x00000000e7780000)
  to   space 10752K, 0% used [0x00000000e9200000,0x00000000e9200000,0x00000000e9c80000)
 ParOldGen       total 52736K, used 8945K [0x00000000a0000000, 0x00000000a3380000, 0x00000000e0000000)
  object space 52736K, 16% used [0x00000000a0000000,0x00000000a08bc690,0x00000000a3380000)
 Metaspace       used 31867K, capacity 32474K, committed 32768K, reserved 1077248K
  class space    used 4388K, capacity 4607K, committed 4608K, reserved 1048576K
}
Event: 4.246 GC heap before
{Heap before GC invocations=9 (full 1):
 PSYoungGen      total 122368K, used 49246K [0x00000000e0000000, 0x00000000e9c80000, 0x0000000100000000)
  eden space 113152K, 35% used [0x00000000e0000000,0x00000000e271d540,0x00000000e6e80000)
  from space 9216K, 99% used [0x00000000e6e80000,0x00000000e777a5a8,0x00000000e7780000)
  to   space 10752K, 0% used [0x00000000e9200000,0x00000000e9200000,0x00000000e9c80000)
 ParOldGen       total 52736K, used 8945K [0x00000000a0000000, 0x00000000a3380000, 0x00000000e0000000)
  object space 52736K, 16% used [0x00000000a0000000,0x00000000a08bc690,0x00000000a3380000)
 Metaspace       used 34733K, capacity 35276K, committed 35456K, reserved 1079296K
  class space    used 4742K, capacity 4944K, committed 4992K, reserved 1048576K
Event: 4.261 GC heap after
Heap after GC invocations=9 (full 1):
 PSYoungGen      total 148992K, used 9592K [0x00000000e0000000, 0x00000000ec280000, 0x0000000100000000)
  eden space 138240K, 0% used [0x00000000e0000000,0x00000000e0000000,0x00000000e8700000)
  from space 10752K, 89% used [0x00000000e9200000,0x00000000e9b5e330,0x00000000e9c80000)
  to   space 11264K, 0% used [0x00000000e8700000,0x00000000e8700000,0x00000000e9200000)
 ParOldGen       total 52736K, used 8953K [0x00000000a0000000, 0x00000000a3380000, 0x00000000e0000000)
  object space 52736K, 16% used [0x00000000a0000000,0x00000000a08be690,0x00000000a3380000)
 Metaspace       used 34733K, capacity 35276K, committed 35456K, reserved 1079296K
  class space    used 4742K, capacity 4944K, committed 4992K, reserved 1048576K
}
Event: 4.261 GC heap before
{Heap before GC invocations=10 (full 2):
 PSYoungGen      total 148992K, used 9592K [0x00000000e0000000, 0x00000000ec280000, 0x0000000100000000)
  eden space 138240K, 0% used [0x00000000e0000000,0x00000000e0000000,0x00000000e8700000)
  from space 10752K, 89% used [0x00000000e9200000,0x00000000e9b5e330,0x00000000e9c80000)
  to   space 11264K, 0% used [0x00000000e8700000,0x00000000e8700000,0x00000000e9200000)
 ParOldGen       total 52736K, used 8953K [0x00000000a0000000, 0x00000000a3380000, 0x00000000e0000000)
  object space 52736K, 16% used [0x00000000a0000000,0x00000000a08be690,0x00000000a3380000)
 Metaspace       used 34733K, capacity 35276K, committed 35456K, reserved 1079296K
  class space    used 4742K, capacity 4944K, committed 4992K, reserved 1048576K
Event: 4.341 GC heap after
Heap after GC invocations=10 (full 2):
 PSYoungGen      total 148992K, used 0K [0x00000000e0000000, 0x00000000ec280000, 0x0000000100000000)
  eden space 138240K, 0% used [0x00000000e0000000,0x00000000e0000000,0x00000000e8700000)
  from space 10752K, 0% used [0x00000000e9200000,0x00000000e9200000,0x00000000e9c80000)
  to   space 11264K, 0% used [0x00000000e8700000,0x00000000e8700000,0x00000000e9200000)
 ParOldGen       total 52736K, used 16225K [0x00000000a0000000, 0x00000000a3380000, 0x00000000e0000000)
  object space 52736K, 30% used [0x00000000a0000000,0x00000000a0fd8570,0x00000000a3380000)
 Metaspace       used 34733K, capacity 35276K, committed 35456K, reserved 1079296K
  class space    used 4742K, capacity 4944K, committed 4992K, reserved 1048576K
}
Event: 5.934 GC heap before
{Heap before GC invocations=11 (full 2):
 PSYoungGen      total 148992K, used 138240K [0x00000000e0000000, 0x00000000ec280000, 0x0000000100000000)
  eden space 138240K, 100% used [0x00000000e0000000,0x00000000e8700000,0x00000000e8700000)
  from space 10752K, 0% used [0x00000000e9200000,0x00000000e9200000,0x00000000e9c80000)
  to   space 11264K, 0% used [0x00000000e8700000,0x00000000e8700000,0x00000000e9200000)
 ParOldGen       total 52736K, used 16225K [0x00000000a0000000, 0x00000000a3380000, 0x00000000e0000000)
  object space 52736K, 30% used [0x00000000a0000000,0x00000000a0fd8570,0x00000000a3380000)
 Metaspace       used 42762K, capacity 43580K, committed 43776K, reserved 1087488K
  class space    used 5861K, capacity 6067K, committed 6144K, reserved 1048576K
Event: 5.947 GC heap after
Heap after GC invocations=11 (full 2):
 PSYoungGen      total 149504K, used 10839K [0x00000000e0000000, 0x00000000ec500000, 0x0000000100000000)
  eden space 138240K, 0% used [0x00000000e0000000,0x00000000e0000000,0x00000000e8700000)
  from space 11264K, 96% used [0x00000000e8700000,0x00000000e9195f40,0x00000000e9200000)
  to   space 12288K, 0% used [0x00000000eb900000,0x00000000eb900000,0x00000000ec500000)
 ParOldGen       total 52736K, used 16233K [0x00000000a0000000, 0x00000000a3380000, 0x00000000e0000000)
  object space 52736K, 30% used [0x00000000a0000000,0x00000000a0fda570,0x00000000a3380000)
 Metaspace       used 42762K, capacity 43580K, committed 43776K, reserved 1087488K
  class space    used 5861K, capacity 6067K, committed 6144K, reserved 1048576K
}

