# JRE version: Java(TM) SE Runtime Environment (8.0_161-b12) (build 1.8.0_161-b12)
# Java VM: Java HotSpot(TM) 64-Bit Server VM (25.161-b12 mixed mode windows-amd64 compressed oops)
Heap:
 PSYoungGen      total 144896K, used 85147K [0x00000000e0000000, 0x00000000ec200000, 0x0000000100000000)
  eden space 134144K, 63% used [0x00000000e0000000,0x00000000e5326f60,0x00000000e8300000)
  from space 10752K, 0% used [0x00000000e8e00000,0x00000000e8e00000,0x00000000e9880000)
  to   space 11264K, 0% used [0x00000000e8300000,0x00000000e8300000,0x00000000e8e00000)
 ParOldGen       total 56320K, used 16383K [0x00000000a0000000, 0x00000000a3700000, 0x00000000e0000000)
  object space 56320K, 29% used [0x00000000a0000000,0x00000000a0fffce8,0x00000000a3700000)
 Metaspace       used 38972K, capacity 39692K, committed 39896K, reserved 1083392K
  class space    used 5336K, capacity 5563K, committed 5632K, reserved 1048576K
GC Heap History (10 events):
Event: 2.039 GC heap before
{Heap before GC invocations=6 (full 1):
 PSYoungGen      total 61952K, used 4596K [0x00000000e0000000, 0x00000000e8300000, 0x0000000100000000)
  eden space 57344K, 0% used [0x00000000e0000000,0x00000000e0000000,0x00000000e3800000)
  from space 4608K, 99% used [0x00000000e3800000,0x00000000e3c7d000,0x00000000e3c80000)
  to   space 9728K, 0% used [0x00000000e7980000,0x00000000e7980000,0x00000000e8300000)
 ParOldGen       total 76800K, used 9517K [0x00000000a0000000, 0x00000000a4b00000, 0x00000000e0000000)
  object space 76800K, 12% used [0x00000000a0000000,0x00000000a094b690,0x00000000a4b00000)
 Metaspace       used 20760K, capacity 21080K, committed 21248K, reserved 1067008K
  class space    used 2849K, capacity 2965K, committed 3072K, reserved 1048576K
Event: 2.072 GC heap after
Heap after GC invocations=6 (full 1):
 PSYoungGen      total 61952K, used 0K [0x00000000e0000000, 0x00000000e8300000, 0x0000000100000000)
  eden space 57344K, 0% used [0x00000000e0000000,0x00000000e0000000,0x00000000e3800000)
  from space 4608K, 0% used [0x00000000e3800000,0x00000000e3800000,0x00000000e3c80000)
  to   space 9728K, 0% used [0x00000000e7980000,0x00000000e7980000,0x00000000e8300000)
 ParOldGen       total 56320K, used 10621K [0x00000000a0000000, 0x00000000a3700000, 0x00000000e0000000)
  object space 56320K, 18% used [0x00000000a0000000,0x00000000a0a5f7a0,0x00000000a3700000)
 Metaspace       used 20760K, capacity 21080K, committed 21248K, reserved 1067008K
  class space    used 2849K, capacity 2965K, committed 3072K, reserved 1048576K
}
Event: 2.918 GC heap before
{Heap before GC invocations=7 (full 1):
 PSYoungGen      total 61952K, used 57344K [0x00000000e0000000, 0x00000000e8300000, 0x0000000100000000)
  eden space 57344K, 100% used [0x00000000e0000000,0x00000000e3800000,0x00000000e3800000)
  from space 4608K, 0% used [0x00000000e3800000,0x00000000e3800000,0x00000000e3c80000)
  to   space 9728K, 0% used [0x00000000e7980000,0x00000000e7980000,0x00000000e8300000)
 ParOldGen       total 56320K, used 10621K [0x00000000a0000000, 0x00000000a3700000, 0x00000000e0000000)
  object space 56320K, 18% used [0x00000000a0000000,0x00000000a0a5f7a0,0x00000000a3700000)
 Metaspace       used 25555K, capacity 26088K, committed 26368K, reserved 1071104K
  class space    used 3570K, capacity 3730K, committed 3840K, reserved 1048576K
Event: 2.926 GC heap after
Heap after GC invocations=7 (full 1):
 PSYoungGen      total 96256K, used 7012K [0x00000000e0000000, 0x00000000e8080000, 0x0000000100000000)
  eden space 89088K, 0% used [0x00000000e0000000,0x00000000e0000000,0x00000000e5700000)
  from space 7168K, 97% used [0x00000000e7980000,0x00000000e80593e8,0x00000000e8080000)
  to   space 9728K, 0% used [0x00000000e6d80000,0x00000000e6d80000,0x00000000e7700000)
 ParOldGen       total 56320K, used 10629K [0x00000000a0000000, 0x00000000a3700000, 0x00000000e0000000)
  object space 56320K, 18% used [0x00000000a0000000,0x00000000a0a617a0,0x00000000a3700000)
 Metaspace       used 25555K, capacity 26088K, committed 26368K, reserved 1071104K
  class space    used 3570K, capacity 3730K, committed 3840K, reserved 1048576K
}
Event: 4.379 GC heap before
{Heap before GC invocations=8 (full 1):
 PSYoungGen      total 96256K, used 96100K [0x00000000e0000000, 0x00000000e8080000, 0x0000000100000000)
  eden space 89088K, 100% used [0x00000000e0000000,0x00000000e5700000,0x00000000e5700000)
  from space 7168K, 97% used [0x00000000e7980000,0x00000000e80593e8,0x00000000e8080000)
  to   space 9728K, 0% used [0x00000000e6d80000,0x00000000e6d80000,0x00000000e7700000)
 ParOldGen       total 56320K, used 10629K [0x00000000a0000000, 0x00000000a3700000, 0x00000000e0000000)
  object space 56320K, 18% used [0x00000000a0000000,0x00000000a0a617a0,0x00000000a3700000)
 Metaspace       used 31401K, capacity 32042K, committed 32256K, reserved 1077248K
  class space    used 4329K, capacity 4567K, committed 4608K, reserved 1048576K
Event: 4.391 GC heap after
Heap after GC invocations=8 (full 1):
 PSYoungGen      total 121856K, used 9490K [0x00000000e0000000, 0x00000000e9880000, 0x0000000100000000)
  eden space 112128K, 0% used [0x00000000e0000000,0x00000000e0000000,0x00000000e6d80000)
  from space 9728K, 97% used [0x00000000e6d80000,0x00000000e76c48c0,0x00000000e7700000)
  to   space 10752K, 0% used [0x00000000e8e00000,0x00000000e8e00000,0x00000000e9880000)
 ParOldGen       total 56320K, used 10709K [0x00000000a0000000, 0x00000000a3700000, 0x00000000e0000000)
  object space 56320K, 19% used [0x00000000a0000000,0x00000000a0a757b0,0x00000000a3700000)
 Metaspace       used 31401K, capacity 32042K, committed 32256K, reserved 1077248K
  class space    used 4329K, capacity 4567K, committed 4608K, reserved 1048576K
}
Event: 4.779 GC heap before
{Heap before GC invocations=9 (full 1):
 PSYoungGen      total 121856K, used 51016K [0x00000000e0000000, 0x00000000e9880000, 0x0000000100000000)
  eden space 112128K, 37% used [0x00000000e0000000,0x00000000e288dae8,0x00000000e6d80000)
  from space 9728K, 97% used [0x00000000e6d80000,0x00000000e76c48c0,0x00000000e7700000)
  to   space 10752K, 0% used [0x00000000e8e00000,0x00000000e8e00000,0x00000000e9880000)
 ParOldGen       total 56320K, used 10709K [0x00000000a0000000, 0x00000000a3700000, 0x00000000e0000000)
  object space 56320K, 19% used [0x00000000a0000000,0x00000000a0a757b0,0x00000000a3700000)
 Metaspace       used 34733K, capacity 35276K, committed 35416K, reserved 1079296K
  class space    used 4740K, capacity 4944K, committed 4992K, reserved 1048576K
Event: 4.794 GC heap after
Heap after GC invocations=9 (full 1):
 PSYoungGen      total 144896K, used 9738K [0x00000000e0000000, 0x00000000ec200000, 0x0000000100000000)
  eden space 134144K, 0% used [0x00000000e0000000,0x00000000e0000000,0x00000000e8300000)
  from space 10752K, 90% used [0x00000000e8e00000,0x00000000e9782b68,0x00000000e9880000)
  to   space 11264K, 0% used [0x00000000e8300000,0x00000000e8300000,0x00000000e8e00000)
 ParOldGen       total 56320K, used 10717K [0x00000000a0000000, 0x00000000a3700000, 0x00000000e0000000)
  object space 56320K, 19% used [0x00000000a0000000,0x00000000a0a777b0,0x00000000a3700000)
 Metaspace       used 34733K, capacity 35276K, committed 35416K, reserved 1079296K
  class space    used 4740K, capacity 4944K, committed 4992K, reserved 1048576K
}
Event: 4.794 GC heap before
{Heap before GC invocations=10 (full 2):
 PSYoungGen      total 144896K, used 9738K [0x00000000e0000000, 0x00000000ec200000, 0x0000000100000000)
  eden space 134144K, 0% used [0x00000000e0000000,0x00000000e0000000,0x00000000e8300000)
  from space 10752K, 90% used [0x00000000e8e00000,0x00000000e9782b68,0x00000000e9880000)
  to   space 11264K, 0% used [0x00000000e8300000,0x00000000e8300000,0x00000000e8e00000)
 ParOldGen       total 56320K, used 10717K [0x00000000a0000000, 0x00000000a3700000, 0x00000000e0000000)
  object space 56320K, 19% used [0x00000000a0000000,0x00000000a0a777b0,0x00000000a3700000)
 Metaspace       used 34733K, capacity 35276K, committed 35416K, reserved 1079296K
  class space    used 4740K, capacity 4944K, committed 4992K, reserved 1048576K
Event: 4.862 GC heap after
Heap after GC invocations=10 (full 2):
 PSYoungGen      total 144896K, used 0K [0x00000000e0000000, 0x00000000ec200000, 0x0000000100000000)
  eden space 134144K, 0% used [0x00000000e0000000,0x00000000e0000000,0x00000000e8300000)
  from space 10752K, 0% used [0x00000000e8e00000,0x00000000e8e00000,0x00000000e9880000)
  to   space 11264K, 0% used [0x00000000e8300000,0x00000000e8300000,0x00000000e8e00000)
 ParOldGen       total 56320K, used 16383K [0x00000000a0000000, 0x00000000a3700000, 0x00000000e0000000)
  object space 56320K, 29% used [0x00000000a0000000,0x00000000a0fffce8,0x00000000a3700000)
 Metaspace       used 34733K, capacity 35276K, committed 35416K, reserved 1079296K
  class space    used 4740K, capacity 4944K, committed 4992K, reserved 1048576K
}

