# JRE version: Java(TM) SE Runtime Environment (8.0_161-b12) (build 1.8.0_161-b12)
# Java VM: Java HotSpot(TM) 64-Bit Server VM (25.161-b12 mixed mode windows-amd64 compressed oops)
Heap:
 PSYoungGen      total 155136K, used 44257K [0x00000000e0000000, 0x00000000ec480000, 0x0000000100000000)
  eden space 144384K, 30% used [0x00000000e0000000,0x00000000e2b38428,0x00000000e8d00000)
  from space 10752K, 0% used [0x00000000e9800000,0x00000000e9800000,0x00000000ea280000)
  to   space 11264K, 0% used [0x00000000e8d00000,0x00000000e8d00000,0x00000000e9800000)
 ParOldGen       total 52224K, used 15980K [0x00000000a0000000, 0x00000000a3300000, 0x00000000e0000000)
  object space 52224K, 30% used [0x00000000a0000000,0x00000000a0f9b130,0x00000000a3300000)
 Metaspace       used 37260K, capacity 37946K, committed 38232K, reserved 1083392K
  class space    used 5053K, capacity 5247K, committed 5248K, reserved 1048576K
GC Heap History (10 events):
Event: 1.940 GC heap before
{Heap before GC invocations=6 (full 1):
 PSYoungGen      total 61952K, used 4584K [0x00000000e0000000, 0x00000000e8300000, 0x0000000100000000)
  eden space 57344K, 0% used [0x00000000e0000000,0x00000000e0000000,0x00000000e3800000)
  from space 4608K, 99% used [0x00000000e3800000,0x00000000e3c7a040,0x00000000e3c80000)
  to   space 9728K, 0% used [0x00000000e7980000,0x00000000e7980000,0x00000000e8300000)
 ParOldGen       total 76800K, used 9321K [0x00000000a0000000, 0x00000000a4b00000, 0x00000000e0000000)
  object space 76800K, 12% used [0x00000000a0000000,0x00000000a091a6a8,0x00000000a4b00000)
 Metaspace       used 20748K, capacity 21080K, committed 21248K, reserved 1067008K
  class space    used 2845K, capacity 2965K, committed 3072K, reserved 1048576K
Event: 1.977 GC heap after
Heap after GC invocations=6 (full 1):
 PSYoungGen      total 61952K, used 0K [0x00000000e0000000, 0x00000000e8300000, 0x0000000100000000)
  eden space 57344K, 0% used [0x00000000e0000000,0x00000000e0000000,0x00000000e3800000)
  from space 4608K, 0% used [0x00000000e3800000,0x00000000e3800000,0x00000000e3c80000)
  to   space 9728K, 0% used [0x00000000e7980000,0x00000000e7980000,0x00000000e8300000)
 ParOldGen       total 52224K, used 8279K [0x00000000a0000000, 0x00000000a3300000, 0x00000000e0000000)
  object space 52224K, 15% used [0x00000000a0000000,0x00000000a0815f50,0x00000000a3300000)
 Metaspace       used 20748K, capacity 21080K, committed 21248K, reserved 1067008K
  class space    used 2845K, capacity 2965K, committed 3072K, reserved 1048576K
}
Event: 2.668 GC heap before
{Heap before GC invocations=7 (full 1):
 PSYoungGen      total 61952K, used 57344K [0x00000000e0000000, 0x00000000e8300000, 0x0000000100000000)
  eden space 57344K, 100% used [0x00000000e0000000,0x00000000e3800000,0x00000000e3800000)
  from space 4608K, 0% used [0x00000000e3800000,0x00000000e3800000,0x00000000e3c80000)
  to   space 9728K, 0% used [0x00000000e7980000,0x00000000e7980000,0x00000000e8300000)
 ParOldGen       total 52224K, used 8279K [0x00000000a0000000, 0x00000000a3300000, 0x00000000e0000000)
  object space 52224K, 15% used [0x00000000a0000000,0x00000000a0815f50,0x00000000a3300000)
 Metaspace       used 25531K, capacity 26088K, committed 26368K, reserved 1071104K
  class space    used 3562K, capacity 3730K, committed 3840K, reserved 1048576K
Event: 2.676 GC heap after
Heap after GC invocations=7 (full 1):
 PSYoungGen      total 99840K, used 7065K [0x00000000e0000000, 0x00000000e8080000, 0x0000000100000000)
  eden space 92672K, 0% used [0x00000000e0000000,0x00000000e0000000,0x00000000e5a80000)
  from space 7168K, 98% used [0x00000000e7980000,0x00000000e8066568,0x00000000e8080000)
  to   space 9216K, 0% used [0x00000000e6e80000,0x00000000e6e80000,0x00000000e7780000)
 ParOldGen       total 52224K, used 8287K [0x00000000a0000000, 0x00000000a3300000, 0x00000000e0000000)
  object space 52224K, 15% used [0x00000000a0000000,0x00000000a0817f50,0x00000000a3300000)
 Metaspace       used 25531K, capacity 26088K, committed 26368K, reserved 1071104K
  class space    used 3562K, capacity 3730K, committed 3840K, reserved 1048576K
}
Event: 4.204 GC heap before
{Heap before GC invocations=8 (full 1):
 PSYoungGen      total 99840K, used 99737K [0x00000000e0000000, 0x00000000e8080000, 0x0000000100000000)
  eden space 92672K, 100% used [0x00000000e0000000,0x00000000e5a80000,0x00000000e5a80000)
  from space 7168K, 98% used [0x00000000e7980000,0x00000000e8066568,0x00000000e8080000)
  to   space 9216K, 0% used [0x00000000e6e80000,0x00000000e6e80000,0x00000000e7780000)
 ParOldGen       total 52224K, used 8287K [0x00000000a0000000, 0x00000000a3300000, 0x00000000e0000000)
  object space 52224K, 15% used [0x00000000a0000000,0x00000000a0817f50,0x00000000a3300000)
 Metaspace       used 32119K, capacity 32762K, committed 33152K, reserved 1077248K
  class space    used 4423K, capacity 4639K, committed 4736K, reserved 1048576K
Event: 4.215 GC heap after
Heap after GC invocations=8 (full 1):
 PSYoungGen      total 122368K, used 9206K [0x00000000e0000000, 0x00000000ea280000, 0x0000000100000000)
  eden space 113152K, 0% used [0x00000000e0000000,0x00000000e0000000,0x00000000e6e80000)
  from space 9216K, 99% used [0x00000000e6e80000,0x00000000e777d908,0x00000000e7780000)
  to   space 10752K, 0% used [0x00000000e9800000,0x00000000e9800000,0x00000000ea280000)
 ParOldGen       total 52224K, used 9213K [0x00000000a0000000, 0x00000000a3300000, 0x00000000e0000000)
  object space 52224K, 17% used [0x00000000a0000000,0x00000000a08ff7c0,0x00000000a3300000)
 Metaspace       used 32119K, capacity 32762K, committed 33152K, reserved 1077248K
  class space    used 4423K, capacity 4639K, committed 4736K, reserved 1048576K
}
Event: 4.561 GC heap before
{Heap before GC invocations=9 (full 1):
 PSYoungGen      total 122368K, used 45336K [0x00000000e0000000, 0x00000000ea280000, 0x0000000100000000)
  eden space 113152K, 31% used [0x00000000e0000000,0x00000000e2348a58,0x00000000e6e80000)
  from space 9216K, 99% used [0x00000000e6e80000,0x00000000e777d908,0x00000000e7780000)
  to   space 10752K, 0% used [0x00000000e9800000,0x00000000e9800000,0x00000000ea280000)
 ParOldGen       total 52224K, used 9213K [0x00000000a0000000, 0x00000000a3300000, 0x00000000e0000000)
  object space 52224K, 17% used [0x00000000a0000000,0x00000000a08ff7c0,0x00000000a3300000)
 Metaspace       used 34727K, capacity 35276K, committed 35416K, reserved 1079296K
  class space    used 4736K, capacity 4944K, committed 4992K, reserved 1048576K
Event: 4.572 GC heap after
Heap after GC invocations=9 (full 1):
 PSYoungGen      total 155136K, used 9289K [0x00000000e0000000, 0x00000000ec480000, 0x0000000100000000)
  eden space 144384K, 0% used [0x00000000e0000000,0x00000000e0000000,0x00000000e8d00000)
  from space 10752K, 86% used [0x00000000e9800000,0x00000000ea1126e0,0x00000000ea280000)
  to   space 11264K, 0% used [0x00000000e8d00000,0x00000000e8d00000,0x00000000e9800000)
 ParOldGen       total 52224K, used 9221K [0x00000000a0000000, 0x00000000a3300000, 0x00000000e0000000)
  object space 52224K, 17% used [0x00000000a0000000,0x00000000a09017c0,0x00000000a3300000)
 Metaspace       used 34727K, capacity 35276K, committed 35416K, reserved 1079296K
  class space    used 4736K, capacity 4944K, committed 4992K, reserved 1048576K
}
Event: 4.572 GC heap before
{Heap before GC invocations=10 (full 2):
 PSYoungGen      total 155136K, used 9289K [0x00000000e0000000, 0x00000000ec480000, 0x0000000100000000)
  eden space 144384K, 0% used [0x00000000e0000000,0x00000000e0000000,0x00000000e8d00000)
  from space 10752K, 86% used [0x00000000e9800000,0x00000000ea1126e0,0x00000000ea280000)
  to   space 11264K, 0% used [0x00000000e8d00000,0x00000000e8d00000,0x00000000e9800000)
 ParOldGen       total 52224K, used 9221K [0x00000000a0000000, 0x00000000a3300000, 0x00000000e0000000)
  object space 52224K, 17% used [0x00000000a0000000,0x00000000a09017c0,0x00000000a3300000)
 Metaspace       used 34727K, capacity 35276K, committed 35416K, reserved 1079296K
  class space    used 4736K, capacity 4944K, committed 4992K, reserved 1048576K
Event: 4.636 GC heap after
Heap after GC invocations=10 (full 2):
 PSYoungGen      total 155136K, used 0K [0x00000000e0000000, 0x00000000ec480000, 0x0000000100000000)
  eden space 144384K, 0% used [0x00000000e0000000,0x00000000e0000000,0x00000000e8d00000)
  from space 10752K, 0% used [0x00000000e9800000,0x00000000e9800000,0x00000000ea280000)
  to   space 11264K, 0% used [0x00000000e8d00000,0x00000000e8d00000,0x00000000e9800000)
 ParOldGen       total 52224K, used 15980K [0x00000000a0000000, 0x00000000a3300000, 0x00000000e0000000)
  object space 52224K, 30% used [0x00000000a0000000,0x00000000a0f9b130,0x00000000a3300000)
 Metaspace       used 34727K, capacity 35276K, committed 35416K, reserved 1079296K
  class space    used 4736K, capacity 4944K, committed 4992K, reserved 1048576K
}

